Using pre-set license
Built from '2021.3/staging' branch; Version is '2021.3.25f1 (68ef2c4f8861) revision 6876972'; Using compiler version '192829333'; Build Type 'Release'
OS: 'Windows 10  (10.0.19045) 64bit Enterprise' Language: 'en' Physical Memory: 32547 MB
BatchMode: 1, IsHumanControllingUs: 0, StartBugReporterOnCrash: 0, Is64bit: 1, IsPro: 1

COMMAND LINE ARGUMENTS:
C:\Program Files\Unity 2021.3.25f1\Editor\Unity.exe
-adb2
-batchMode
-noUpm
-name
AssetImportWorker0
-projectPath
C:/Users/90538/Desktop/GithubProjects/GamblerIdle
-logFile
Logs/AssetImportWorker0.log
-srvPort
59291
Successfully changed project path to: C:/Users/90538/Desktop/GithubProjects/GamblerIdle
C:/Users/90538/Desktop/GithubProjects/GamblerIdle
[UnityMemory] Configuration Parameters - Can be set up in boot.config
    "memorysetup-bucket-allocator-granularity=16"
    "memorysetup-bucket-allocator-bucket-count=8"
    "memorysetup-bucket-allocator-block-size=33554432"
    "memorysetup-bucket-allocator-block-count=8"
    "memorysetup-main-allocator-block-size=16777216"
    "memorysetup-thread-allocator-block-size=16777216"
    "memorysetup-gfx-main-allocator-block-size=16777216"
    "memorysetup-gfx-thread-allocator-block-size=16777216"
    "memorysetup-cache-allocator-block-size=4194304"
    "memorysetup-typetree-allocator-block-size=2097152"
    "memorysetup-profiler-bucket-allocator-granularity=16"
    "memorysetup-profiler-bucket-allocator-bucket-count=8"
    "memorysetup-profiler-bucket-allocator-block-size=33554432"
    "memorysetup-profiler-bucket-allocator-block-count=8"
    "memorysetup-profiler-allocator-block-size=16777216"
    "memorysetup-profiler-editor-allocator-block-size=1048576"
    "memorysetup-temp-allocator-size-main=16777216"
    "memorysetup-job-temp-allocator-block-size=2097152"
    "memorysetup-job-temp-allocator-block-size-background=1048576"
    "memorysetup-job-temp-allocator-reduction-small-platforms=262144"
    "memorysetup-temp-allocator-size-background-worker=32768"
    "memorysetup-temp-allocator-size-job-worker=262144"
    "memorysetup-temp-allocator-size-preload-manager=33554432"
    "memorysetup-temp-allocator-size-nav-mesh-worker=65536"
    "memorysetup-temp-allocator-size-audio-worker=65536"
    "memorysetup-temp-allocator-size-cloud-worker=32768"
    "memorysetup-temp-allocator-size-gi-baking-worker=262144"
    "memorysetup-temp-allocator-size-gfx=262144"
Player connection [13496] Host "[IP] 192.168.0.101 [Port] 0 [Flags] 2 [Guid] 487556719 [EditorId] 487556719 [Version] 1048832 [Id] WindowsEditor(7,DESKTOP-84GBAGC) [Debug] 1 [PackageName] WindowsEditor [ProjectName] Editor" joined multi-casting on [225.0.0.222:54997]...

Player connection [13496] Host "[IP] 192.168.0.101 [Port] 0 [Flags] 2 [Guid] 487556719 [EditorId] 487556719 [Version] 1048832 [Id] WindowsEditor(7,DESKTOP-84GBAGC) [Debug] 1 [PackageName] WindowsEditor [ProjectName] Editor" joined alternative multi-casting on [225.0.0.222:34997]...

Refreshing native plugins compatible for Editor in 141.39 ms, found 3 plugins.
Preloading 0 native plugins for Editor in 0.00 ms.
Initialize engine version: 2021.3.25f1 (68ef2c4f8861)
[Subsystems] Discovering subsystems at path C:/Program Files/Unity 2021.3.25f1/Editor/Data/Resources/UnitySubsystems
[Subsystems] Discovering subsystems at path C:/Users/90538/Desktop/GithubProjects/GamblerIdle/Assets
GfxDevice: creating device client; threaded=0; jobified=0
Direct3D:
    Version:  Direct3D 11.0 [level 11.1]
    Renderer: NVIDIA GeForce RTX 3050 Ti Laptop GPU (ID=0x25a0)
    Vendor:   NVIDIA
    VRAM:     3990 MB
    Driver:   31.0.15.1748
Initialize mono
Mono path[0] = 'C:/Program Files/Unity 2021.3.25f1/Editor/Data/Managed'
Mono path[1] = 'C:/Program Files/Unity 2021.3.25f1/Editor/Data/MonoBleedingEdge/lib/mono/unityjit-win32'
Mono config path = 'C:/Program Files/Unity 2021.3.25f1/Editor/Data/MonoBleedingEdge/etc'
Using monoOptions --debugger-agent=transport=dt_socket,embedding=1,server=y,suspend=n,address=127.0.0.1:56504
Begin MonoManager ReloadAssembly
Registering precompiled unity dll's ...
Register platform support module: C:/Program Files/Unity 2021.3.25f1/Editor/Data/PlaybackEngines/AndroidPlayer/UnityEditor.Android.Extensions.dll
Register platform support module: C:/Program Files/Unity 2021.3.25f1/Editor/Data/PlaybackEngines/WindowsStandaloneSupport/UnityEditor.WindowsStandalone.Extensions.dll
Registered in 0.003199 seconds.
Native extension for WindowsStandalone target not found
Native extension for Android target not found
Android Extension - Scanning For ADB Devices 235 ms
Refreshing native plugins compatible for Editor in 109.19 ms, found 3 plugins.
Preloading 0 native plugins for Editor in 0.00 ms.
Mono: successfully reloaded assembly
- Completed reload, in  1.042 seconds
Domain Reload Profiling:
	ReloadAssembly (1043ms)
		BeginReloadAssembly (100ms)
			ExecutionOrderSort (0ms)
			DisableScriptedObjects (0ms)
			BackupInstance (0ms)
			ReleaseScriptingObjects (0ms)
			CreateAndSetChildDomain (1ms)
		EndReloadAssembly (821ms)
			LoadAssemblies (100ms)
			RebuildTransferFunctionScriptingTraits (0ms)
			SetupTypeCache (136ms)
			ReleaseScriptCaches (0ms)
			RebuildScriptCaches (36ms)
			SetupLoadedEditorAssemblies (581ms)
				LogAssemblyErrors (0ms)
				InitializePlatformSupportModulesInManaged (336ms)
				SetLoadedEditorAssemblies (0ms)
				RefreshPlugins (109ms)
				BeforeProcessingInitializeOnLoad (1ms)
				ProcessInitializeOnLoadAttributes (86ms)
				ProcessInitializeOnLoadMethodAttributes (48ms)
				AfterProcessingInitializeOnLoad (0ms)
				EditorAssembliesLoaded (0ms)
			ExecutionOrderSort2 (0ms)
			AwakeInstancesAfterBackupRestoration (0ms)
Platform modules already initialized, skipping
Registering precompiled user dll's ...
Registered in 0.009514 seconds.
Begin MonoManager ReloadAssembly
Symbol file LoadedFromMemory doesn't match image C:\Users\90538\Desktop\GithubProjects\GamblerIdle\Library\PackageCache\com.unity.visualscripting@1.8.0\Editor\VisualScripting.Core\Dependencies\YamlDotNet\Unity.VisualScripting.YamlDotNet.dll
Symbol file LoadedFromMemory doesn't match image C:\Users\90538\Desktop\GithubProjects\GamblerIdle\Library\PackageCache\com.unity.visualscripting@1.8.0\Editor\VisualScripting.Core\Dependencies\DotNetZip\Unity.VisualScripting.IonicZip.dll
Native extension for WindowsStandalone target not found
Native extension for Android target not found
Refreshing native plugins compatible for Editor in 0.61 ms, found 3 plugins.
Preloading 0 native plugins for Editor in 0.00 ms.
Mono: successfully reloaded assembly
- Completed reload, in  1.182 seconds
Domain Reload Profiling:
	ReloadAssembly (1183ms)
		BeginReloadAssembly (145ms)
			ExecutionOrderSort (0ms)
			DisableScriptedObjects (8ms)
			BackupInstance (0ms)
			ReleaseScriptingObjects (0ms)
			CreateAndSetChildDomain (28ms)
		EndReloadAssembly (921ms)
			LoadAssemblies (98ms)
			RebuildTransferFunctionScriptingTraits (0ms)
			SetupTypeCache (341ms)
			ReleaseScriptCaches (1ms)
			RebuildScriptCaches (58ms)
			SetupLoadedEditorAssemblies (387ms)
				LogAssemblyErrors (0ms)
				InitializePlatformSupportModulesInManaged (16ms)
				SetLoadedEditorAssemblies (0ms)
				RefreshPlugins (1ms)
				BeforeProcessingInitializeOnLoad (88ms)
				ProcessInitializeOnLoadAttributes (258ms)
				ProcessInitializeOnLoadMethodAttributes (20ms)
				AfterProcessingInitializeOnLoad (5ms)
				EditorAssembliesLoaded (0ms)
			ExecutionOrderSort2 (0ms)
			AwakeInstancesAfterBackupRestoration (4ms)
Platform modules already initialized, skipping
========================================================================
Worker process is ready to serve import requests
Launched and connected shader compiler UnityShaderCompiler.exe after 0.06 seconds
Refreshing native plugins compatible for Editor in 0.68 ms, found 3 plugins.
Preloading 0 native plugins for Editor in 0.00 ms.
Unloading 3901 Unused Serialized files (Serialized files now loaded: 0)
Unloading 29 unused Assets / (284.7 KB). Loaded Objects now: 4365.
Memory consumption went from 137.2 MB to 137.0 MB.
Total: 4.454600 ms (FindLiveObjects: 0.421000 ms CreateObjectMapping: 0.176700 ms MarkObjects: 3.705700 ms  DeleteObjects: 0.150300 ms)

AssetImportParameters requested are different than current active one (requested -> active):
  custom:video-decoder-ogg-theora: a1e56fd34408186e4bbccfd4996cb3dc -> 
  custom:container-muxer-webm: aa71ff27fc2769a1b78a27578f13a17b -> 
  custom:container-demuxer-webm: 4f35f7cbe854078d1ac9338744f61a02 -> 
  custom:video-encoder-webm-vp8: eb34c28f22e8b96e1ab97ce403110664 -> 
  custom:audio-encoder-webm-vorbis: bf7c407c2cedff20999df2af8eb42d56 -> 
  custom:framework-win-MediaFoundation: 216162199b28c13a410421893ffa2e32 -> 
  custom:container-demuxer-ogg: 62fdf1f143b41e24485cea50d1cbac27 -> 
  custom:video-decoder-webm-vp8: 9c59270c3fd7afecdb556c50c9e8de78 -> 
  custom:audio-decoder-ogg-vorbis: bf7c407c2cedff20999df2af8eb42d56 -> 
========================================================================
Received Import Request.
  Time since last request: 3661.281042 seconds.
  path: Assets/Art/StickMan/StickmanCky-T-Pose 1.fbx
  artifactKey: Guid(c4f99c89c6432db48a258c8423bce8b5) Importer(815301076,1909f56bfc062723c751e8b465ee728b)
Start importing Assets/Art/StickMan/StickmanCky-T-Pose 1.fbx using Guid(c4f99c89c6432db48a258c8423bce8b5) Importer(815301076,1909f56bfc062723c751e8b465ee728b)  -> (artifact id: '3393885970b23626d708396ba3fbe405') in 0.200083 seconds 
========================================================================
Received Import Request.
  Time since last request: 227.340656 seconds.
  path: Assets/Art/StickMan/Animations
  artifactKey: Guid(3947c01ba2485904b9444b2b7949595f) Importer(815301076,1909f56bfc062723c751e8b465ee728b)
Start importing Assets/Art/StickMan/Animations using Guid(3947c01ba2485904b9444b2b7949595f) Importer(815301076,1909f56bfc062723c751e8b465ee728b)  -> (artifact id: 'c585193042f872557c4da5f821adb210') in 0.013703 seconds 
========================================================================
Received Import Request.
  Time since last request: 0.978791 seconds.
  path: Assets/Art/StickMan/Animations/StickmanCky-T-Pose 1@Throw.fbx
  artifactKey: Guid(eaa0ab34f43e3f74f9607d72f782bcfd) Importer(815301076,1909f56bfc062723c751e8b465ee728b)
Start importing Assets/Art/StickMan/Animations/StickmanCky-T-Pose 1@Throw.fbx using Guid(eaa0ab34f43e3f74f9607d72f782bcfd) Importer(815301076,1909f56bfc062723c751e8b465ee728b)  -> (artifact id: 'f488b2e72654f517cc3fafa72c8e04cf') in 0.020729 seconds 
========================================================================
Received Import Request.
  Time since last request: 17.533667 seconds.
  path: Assets/Art/StickMan/Animations/Throw.anim
  artifactKey: Guid(2d8a809e21a5239429a5309defb56914) Importer(815301076,1909f56bfc062723c751e8b465ee728b)
Start importing Assets/Art/StickMan/Animations/Throw.anim using Guid(2d8a809e21a5239429a5309defb56914) Importer(815301076,1909f56bfc062723c751e8b465ee728b)  -> (artifact id: 'dffc975cc78a3fbdad3476f1430b2658') in 0.023417 seconds 
========================================================================
Received Import Request.
  Time since last request: 10.212067 seconds.
  path: Assets/Prefabs/Player
  artifactKey: Guid(3643e1d223fdf4f4295ba578f4b741f5) Importer(815301076,1909f56bfc062723c751e8b465ee728b)
Start importing Assets/Prefabs/Player using Guid(3643e1d223fdf4f4295ba578f4b741f5) Importer(815301076,1909f56bfc062723c751e8b465ee728b)  -> (artifact id: 'b0ce09e9f813789c2082181bfa033102') in 0.008096 seconds 
========================================================================
Received Import Request.
  Time since last request: 3.522396 seconds.
  path: Assets/Prefabs/Player/Player.prefab
  artifactKey: Guid(5c7544cee6161b74f97b052adf80232b) Importer(815301076,1909f56bfc062723c751e8b465ee728b)
Start importing Assets/Prefabs/Player/Player.prefab using Guid(5c7544cee6161b74f97b052adf80232b) Importer(815301076,1909f56bfc062723c751e8b465ee728b)  -> (artifact id: 'd486a9203245861afd0748d140c5ca1c') in 0.052494 seconds 
========================================================================
Received Import Request.
  Time since last request: 10.376239 seconds.
  path: Assets/Prefabs/Player/Player.prefab
  artifactKey: Guid(5c7544cee6161b74f97b052adf80232b) Importer(815301076,1909f56bfc062723c751e8b465ee728b)
Start importing Assets/Prefabs/Player/Player.prefab using Guid(5c7544cee6161b74f97b052adf80232b) Importer(815301076,1909f56bfc062723c751e8b465ee728b)  -> (artifact id: 'bfd67362036b853a1bf220592439cacf') in 0.021030 seconds 
========================================================================
Received Import Request.
  Time since last request: 1.628293 seconds.
  path: Assets/Prefabs/Player/Player.prefab
  artifactKey: Guid(5c7544cee6161b74f97b052adf80232b) Importer(815301076,1909f56bfc062723c751e8b465ee728b)
Start importing Assets/Prefabs/Player/Player.prefab using Guid(5c7544cee6161b74f97b052adf80232b) Importer(815301076,1909f56bfc062723c751e8b465ee728b)  -> (artifact id: '457829b07d9eea1a8c84c6eb1dd214ca') in 0.021395 seconds 
========================================================================
Received Prepare
Registering precompiled user dll's ...
Registered in 0.008191 seconds.
Begin MonoManager ReloadAssembly
Symbol file LoadedFromMemory doesn't match image C:\Users\90538\Desktop\GithubProjects\GamblerIdle\Library\PackageCache\com.unity.visualscripting@1.8.0\Editor\VisualScripting.Core\Dependencies\YamlDotNet\Unity.VisualScripting.YamlDotNet.dll
Symbol file LoadedFromMemory doesn't match image C:\Users\90538\Desktop\GithubProjects\GamblerIdle\Library\PackageCache\com.unity.visualscripting@1.8.0\Editor\VisualScripting.Core\Dependencies\DotNetZip\Unity.VisualScripting.IonicZip.dll
Native extension for WindowsStandalone target not found
Native extension for Android target not found
Refreshing native plugins compatible for Editor in 0.81 ms, found 3 plugins.
Preloading 0 native plugins for Editor in 0.00 ms.
Mono: successfully reloaded assembly
- Completed reload, in  1.308 seconds
Domain Reload Profiling:
	ReloadAssembly (1308ms)
		BeginReloadAssembly (182ms)
			ExecutionOrderSort (0ms)
			DisableScriptedObjects (5ms)
			BackupInstance (0ms)
			ReleaseScriptingObjects (0ms)
			CreateAndSetChildDomain (55ms)
		EndReloadAssembly (997ms)
			LoadAssemblies (110ms)
			RebuildTransferFunctionScriptingTraits (0ms)
			SetupTypeCache (392ms)
			ReleaseScriptCaches (2ms)
			RebuildScriptCaches (66ms)
			SetupLoadedEditorAssemblies (377ms)
				LogAssemblyErrors (0ms)
				InitializePlatformSupportModulesInManaged (30ms)
				SetLoadedEditorAssemblies (0ms)
				RefreshPlugins (1ms)
				BeforeProcessingInitializeOnLoad (67ms)
				ProcessInitializeOnLoadAttributes (244ms)
				ProcessInitializeOnLoadMethodAttributes (27ms)
				AfterProcessingInitializeOnLoad (8ms)
				EditorAssembliesLoaded (0ms)
			ExecutionOrderSort2 (0ms)
			AwakeInstancesAfterBackupRestoration (9ms)
Platform modules already initialized, skipping
Refreshing native plugins compatible for Editor in 1.53 ms, found 3 plugins.
Preloading 0 native plugins for Editor in 0.00 ms.
Unloading 3891 Unused Serialized files (Serialized files now loaded: 0)
Unloading 22 unused Assets / (24.9 KB). Loaded Objects now: 4381.
Memory consumption went from 148.8 MB to 148.7 MB.
Total: 4.825900 ms (FindLiveObjects: 0.240400 ms CreateObjectMapping: 0.133000 ms MarkObjects: 4.411900 ms  DeleteObjects: 0.039800 ms)

AssetImportParameters requested are different than current active one (requested -> active):
  custom:video-decoder-ogg-theora: a1e56fd34408186e4bbccfd4996cb3dc -> 
  custom:container-muxer-webm: aa71ff27fc2769a1b78a27578f13a17b -> 
  custom:container-demuxer-webm: 4f35f7cbe854078d1ac9338744f61a02 -> 
  custom:video-encoder-webm-vp8: eb34c28f22e8b96e1ab97ce403110664 -> 
  custom:audio-encoder-webm-vorbis: bf7c407c2cedff20999df2af8eb42d56 -> 
  custom:framework-win-MediaFoundation: 216162199b28c13a410421893ffa2e32 -> 
  custom:container-demuxer-ogg: 62fdf1f143b41e24485cea50d1cbac27 -> 
  custom:video-decoder-webm-vp8: 9c59270c3fd7afecdb556c50c9e8de78 -> 
  custom:audio-decoder-ogg-vorbis: bf7c407c2cedff20999df2af8eb42d56 -> 
========================================================================
Received Import Request.
  Time since last request: 565.398352 seconds.
  path: Assets/AurynSky
  artifactKey: Guid(0c071b157bc83b345992efe68c4a1abf) Importer(815301076,1909f56bfc062723c751e8b465ee728b)
Start importing Assets/AurynSky using Guid(0c071b157bc83b345992efe68c4a1abf) Importer(815301076,1909f56bfc062723c751e8b465ee728b)  -> (artifact id: '9de4caf92ae2dde18ea43f3e547942ce') in 0.031892 seconds 
========================================================================
Received Import Request.
  Time since last request: 0.752354 seconds.
  path: Assets/AurynSky/Gems Ultimate Pack
  artifactKey: Guid(895c34ede50be164cb1d28e4da2d908f) Importer(815301076,1909f56bfc062723c751e8b465ee728b)
Start importing Assets/AurynSky/Gems Ultimate Pack using Guid(895c34ede50be164cb1d28e4da2d908f) Importer(815301076,1909f56bfc062723c751e8b465ee728b)  -> (artifact id: '5802bb9131accbf8f41630736e4a5eda') in 0.014172 seconds 
========================================================================
Received Prepare
Registering precompiled user dll's ...
Registered in 0.006171 seconds.
Begin MonoManager ReloadAssembly
Symbol file LoadedFromMemory doesn't match image C:\Users\90538\Desktop\GithubProjects\GamblerIdle\Library\PackageCache\com.unity.visualscripting@1.8.0\Editor\VisualScripting.Core\Dependencies\YamlDotNet\Unity.VisualScripting.YamlDotNet.dll
Symbol file LoadedFromMemory doesn't match image C:\Users\90538\Desktop\GithubProjects\GamblerIdle\Library\PackageCache\com.unity.visualscripting@1.8.0\Editor\VisualScripting.Core\Dependencies\DotNetZip\Unity.VisualScripting.IonicZip.dll
Native extension for WindowsStandalone target not found
Native extension for Android target not found
Refreshing native plugins compatible for Editor in 1.16 ms, found 3 plugins.
Preloading 0 native plugins for Editor in 0.00 ms.
Mono: successfully reloaded assembly
- Completed reload, in  1.218 seconds
Domain Reload Profiling:
	ReloadAssembly (1219ms)
		BeginReloadAssembly (166ms)
			ExecutionOrderSort (0ms)
			DisableScriptedObjects (5ms)
			BackupInstance (0ms)
			ReleaseScriptingObjects (0ms)
			CreateAndSetChildDomain (48ms)
		EndReloadAssembly (938ms)
			LoadAssemblies (106ms)
			RebuildTransferFunctionScriptingTraits (0ms)
			SetupTypeCache (304ms)
			ReleaseScriptCaches (2ms)
			RebuildScriptCaches (62ms)
			SetupLoadedEditorAssemblies (410ms)
				LogAssemblyErrors (0ms)
				InitializePlatformSupportModulesInManaged (27ms)
				SetLoadedEditorAssemblies (1ms)
				RefreshPlugins (1ms)
				BeforeProcessingInitializeOnLoad (92ms)
				ProcessInitializeOnLoadAttributes (256ms)
				ProcessInitializeOnLoadMethodAttributes (25ms)
				AfterProcessingInitializeOnLoad (7ms)
				EditorAssembliesLoaded (0ms)
			ExecutionOrderSort2 (0ms)
			AwakeInstancesAfterBackupRestoration (7ms)
Platform modules already initialized, skipping
Refreshing native plugins compatible for Editor in 2.08 ms, found 3 plugins.
Preloading 0 native plugins for Editor in 0.00 ms.
Unloading 3891 Unused Serialized files (Serialized files now loaded: 0)
Unloading 22 unused Assets / (24.9 KB). Loaded Objects now: 4384.
Memory consumption went from 148.8 MB to 148.7 MB.
Total: 4.280700 ms (FindLiveObjects: 0.375200 ms CreateObjectMapping: 0.268800 ms MarkObjects: 3.605500 ms  DeleteObjects: 0.030400 ms)

AssetImportParameters requested are different than current active one (requested -> active):
  custom:video-decoder-ogg-theora: a1e56fd34408186e4bbccfd4996cb3dc -> 
  custom:container-muxer-webm: aa71ff27fc2769a1b78a27578f13a17b -> 
  custom:container-demuxer-webm: 4f35f7cbe854078d1ac9338744f61a02 -> 
  custom:video-encoder-webm-vp8: eb34c28f22e8b96e1ab97ce403110664 -> 
  custom:audio-encoder-webm-vorbis: bf7c407c2cedff20999df2af8eb42d56 -> 
  custom:framework-win-MediaFoundation: 216162199b28c13a410421893ffa2e32 -> 
  custom:container-demuxer-ogg: 62fdf1f143b41e24485cea50d1cbac27 -> 
  custom:video-decoder-webm-vp8: 9c59270c3fd7afecdb556c50c9e8de78 -> 
  custom:audio-decoder-ogg-vorbis: bf7c407c2cedff20999df2af8eb42d56 -> 
========================================================================
Received Import Request.
  Time since last request: 12.849050 seconds.
  path: Assets/Art/SledgeHammer
  artifactKey: Guid(519a30290132b7444b77f6720ce9357e) Importer(815301076,1909f56bfc062723c751e8b465ee728b)
Start importing Assets/Art/SledgeHammer using Guid(519a30290132b7444b77f6720ce9357e) Importer(815301076,1909f56bfc062723c751e8b465ee728b)  -> (artifact id: 'f1e29af12f88daf726b7e898bddc92d0') in 0.020384 seconds 
========================================================================
Received Import Request.
  Time since last request: 2.219200 seconds.
  path: Assets/Art/SledgeHammer/Model
  artifactKey: Guid(5aaec1736e845004686b05513e5ecd53) Importer(815301076,1909f56bfc062723c751e8b465ee728b)
Start importing Assets/Art/SledgeHammer/Model using Guid(5aaec1736e845004686b05513e5ecd53) Importer(815301076,1909f56bfc062723c751e8b465ee728b)  -> (artifact id: 'c6818a6610f0b7aa8742c1b673a9ddb8') in 0.013015 seconds 
========================================================================
Received Import Request.
  Time since last request: 0.019219 seconds.
  path: Assets/Art/SledgeHammer/Model/sledgeHammer.prefab
  artifactKey: Guid(a0042214ad91bb442ac62e8066ff05a2) Importer(815301076,1909f56bfc062723c751e8b465ee728b)
Start importing Assets/Art/SledgeHammer/Model/sledgeHammer.prefab using Guid(a0042214ad91bb442ac62e8066ff05a2) Importer(815301076,1909f56bfc062723c751e8b465ee728b)  -> (artifact id: '9d55a750b705300e0da4a76e23a99414') in 0.380450 seconds 
========================================================================
Received Import Request.
  Time since last request: 199.693474 seconds.
  path: Assets/MASH Virtual
  artifactKey: Guid(87c730af4a6934b6fb9c6fb42ceae22b) Importer(815301076,1909f56bfc062723c751e8b465ee728b)
Start importing Assets/MASH Virtual using Guid(87c730af4a6934b6fb9c6fb42ceae22b) Importer(815301076,1909f56bfc062723c751e8b465ee728b)  -> (artifact id: '613a749145746566ac150875e2acdc81') in 0.012907 seconds 
========================================================================
Received Import Request.
  Time since last request: 1.214643 seconds.
  path: Assets/MASH Virtual/Stylized Hammer
  artifactKey: Guid(0ee113f5017784e06b640ad3f9a2b6a6) Importer(815301076,1909f56bfc062723c751e8b465ee728b)
Start importing Assets/MASH Virtual/Stylized Hammer using Guid(0ee113f5017784e06b640ad3f9a2b6a6) Importer(815301076,1909f56bfc062723c751e8b465ee728b)  -> (artifact id: 'd392b15b7c0bc6ae85df895140a02082') in 0.014112 seconds 
========================================================================
Received Import Request.
  Time since last request: 4.588634 seconds.
  path: Assets/MASH Virtual/Demo
  artifactKey: Guid(49e79ccaf9d623d409495a7206af66f5) Importer(815301076,1909f56bfc062723c751e8b465ee728b)
Start importing Assets/MASH Virtual/Demo using Guid(49e79ccaf9d623d409495a7206af66f5) Importer(815301076,1909f56bfc062723c751e8b465ee728b)  -> (artifact id: '219685f34c3c1c83891b6e88489d163f') in 0.012818 seconds 
========================================================================
Received Import Request.
  Time since last request: 0.999043 seconds.
  path: Assets/MASH Virtual/Demo/Stylized Hammer Demo
  artifactKey: Guid(46b675e2b31d3e3418e2f41c970af1b3) Importer(815301076,1909f56bfc062723c751e8b465ee728b)
Start importing Assets/MASH Virtual/Demo/Stylized Hammer Demo using Guid(46b675e2b31d3e3418e2f41c970af1b3) Importer(815301076,1909f56bfc062723c751e8b465ee728b)  -> (artifact id: 'b402c0d137d7e7df713c03699d540fbc') in 0.011905 seconds 
========================================================================
Received Import Request.
  Time since last request: 0.050557 seconds.
  path: Assets/MASH Virtual/Demo/Stylized Hammer Demo/LightingData.asset
  artifactKey: Guid(87e49b74654f1d944870db9451ebc207) Importer(815301076,1909f56bfc062723c751e8b465ee728b)
Start importing Assets/MASH Virtual/Demo/Stylized Hammer Demo/LightingData.asset using Guid(87e49b74654f1d944870db9451ebc207) Importer(815301076,1909f56bfc062723c751e8b465ee728b)  -> (artifact id: '2fca2df58f3081ae67067f677447b48e') in 0.017076 seconds 
========================================================================
Received Import Request.
  Time since last request: 0.000025 seconds.
  path: Assets/MASH Virtual/Demo/Stylized Hammer Demo/ReflectionProbe-0.exr
  artifactKey: Guid(1d71d8dddffedd64083d5452054c0cde) Importer(815301076,1909f56bfc062723c751e8b465ee728b)
Start importing Assets/MASH Virtual/Demo/Stylized Hammer Demo/ReflectionProbe-0.exr using Guid(1d71d8dddffedd64083d5452054c0cde) Importer(815301076,1909f56bfc062723c751e8b465ee728b)  -> (artifact id: 'bb2665d5d1d7ab8c4e13ab3b23e0b4d6') in 0.043686 seconds 
========================================================================
Received Import Request.
  Time since last request: 0.000020 seconds.
  path: Assets/MASH Virtual/Demo/Stylized Hammer Demo/Lightmap-1_comp_light.exr
  artifactKey: Guid(2460fcfab72185c44955c147752d6efa) Importer(815301076,1909f56bfc062723c751e8b465ee728b)
Start importing Assets/MASH Virtual/Demo/Stylized Hammer Demo/Lightmap-1_comp_light.exr using Guid(2460fcfab72185c44955c147752d6efa) Importer(815301076,1909f56bfc062723c751e8b465ee728b)  -> (artifact id: '8adf3f51588044976fb2303c2171e1e5') in 0.023011 seconds 
========================================================================
Received Import Request.
  Time since last request: 0.000068 seconds.
  path: Assets/MASH Virtual/Demo/Stylized Hammer Demo/Lightmap-0_comp_light.exr
  artifactKey: Guid(84b90a3cc8ed21d48bc7c62121af0dde) Importer(815301076,1909f56bfc062723c751e8b465ee728b)
Start importing Assets/MASH Virtual/Demo/Stylized Hammer Demo/Lightmap-0_comp_light.exr using Guid(84b90a3cc8ed21d48bc7c62121af0dde) Importer(815301076,1909f56bfc062723c751e8b465ee728b)  -> (artifact id: 'b68668edcdbb3335e8a0c35e07955fa5') in 0.017171 seconds 
========================================================================
Received Import Request.
  Time since last request: 0.000062 seconds.
  path: Assets/MASH Virtual/Demo/Stylized Hammer Demo/Lightmap-1_comp_dir.png
  artifactKey: Guid(48677f66c3aaf6141ac47a96c0610d8a) Importer(815301076,1909f56bfc062723c751e8b465ee728b)
Start importing Assets/MASH Virtual/Demo/Stylized Hammer Demo/Lightmap-1_comp_dir.png using Guid(48677f66c3aaf6141ac47a96c0610d8a) Importer(815301076,1909f56bfc062723c751e8b465ee728b)  -> (artifact id: 'f95f283f34a5544e4cf64f8e79d6cf91') in 0.038812 seconds 
========================================================================
Received Import Request.
  Time since last request: 4.030562 seconds.
  path: Assets/MASH Virtual/Stylized Hammer/Prefab
  artifactKey: Guid(f39b11ca2e1874a47bada002e0b65a19) Importer(815301076,1909f56bfc062723c751e8b465ee728b)
Start importing Assets/MASH Virtual/Stylized Hammer/Prefab using Guid(f39b11ca2e1874a47bada002e0b65a19) Importer(815301076,1909f56bfc062723c751e8b465ee728b)  -> (artifact id: 'd779e47163c34158d53a2c5e4fda3f60') in 0.013506 seconds 
========================================================================
Received Import Request.
  Time since last request: 0.051625 seconds.
  path: Assets/MASH Virtual/Stylized Hammer/Prefab/Hammer.prefab
  artifactKey: Guid(eb7b0d81414d6724fa971f03578cebd2) Importer(815301076,1909f56bfc062723c751e8b465ee728b)
Start importing Assets/MASH Virtual/Stylized Hammer/Prefab/Hammer.prefab using Guid(eb7b0d81414d6724fa971f03578cebd2) Importer(815301076,1909f56bfc062723c751e8b465ee728b)  -> (artifact id: 'f126fefd9114cf093d915369fe340a3b') in 0.211050 seconds 
========================================================================
Received Import Request.
  Time since last request: 21.601462 seconds.
  path: Assets/MASH Virtual/Stylized Hammer/Textures/Grass_MetallicSmoothness.png
  artifactKey: Guid(43cb25483b442654894eb28e93f45c21) Importer(815301076,1909f56bfc062723c751e8b465ee728b)
Start importing Assets/MASH Virtual/Stylized Hammer/Textures/Grass_MetallicSmoothness.png using Guid(43cb25483b442654894eb28e93f45c21) Importer(815301076,1909f56bfc062723c751e8b465ee728b)  -> (artifact id: 'd58b08232d521be91ff9f6ebe4d1f794') in 0.030473 seconds 
========================================================================
Received Import Request.
  Time since last request: 0.000030 seconds.
  path: Assets/MASH Virtual/Stylized Hammer/Textures/Hammer_AO.png
  artifactKey: Guid(8137ccafbff6bdf43a403c5a9fd93165) Importer(815301076,1909f56bfc062723c751e8b465ee728b)
Start importing Assets/MASH Virtual/Stylized Hammer/Textures/Hammer_AO.png using Guid(8137ccafbff6bdf43a403c5a9fd93165) Importer(815301076,1909f56bfc062723c751e8b465ee728b)  -> (artifact id: 'f420b8c43426d80bece73b9bce20a8a7') in 0.062102 seconds 
========================================================================
Received Import Request.
  Time since last request: 0.000044 seconds.
  path: Assets/MASH Virtual/Stylized Hammer/Textures/Hammer_Normal.png
  artifactKey: Guid(c64f711a305885f418b31b985134a70b) Importer(815301076,1909f56bfc062723c751e8b465ee728b)
Start importing Assets/MASH Virtual/Stylized Hammer/Textures/Hammer_Normal.png using Guid(c64f711a305885f418b31b985134a70b) Importer(815301076,1909f56bfc062723c751e8b465ee728b)  -> (artifact id: 'a14b22bbccbb61794946434107d8f8d1') in 0.029613 seconds 
========================================================================
Received Import Request.
  Time since last request: 4.607539 seconds.
  path: Assets/Art/GUI Mobile Hyper-Casual/Sprites/Sprites by Menu/Buttons-assets/Green Button Skip.png
  artifactKey: Guid(c89b3ac57e7c46644a70503903a4fea1) Importer(815301076,1909f56bfc062723c751e8b465ee728b)
Start importing Assets/Art/GUI Mobile Hyper-Casual/Sprites/Sprites by Menu/Buttons-assets/Green Button Skip.png using Guid(c89b3ac57e7c46644a70503903a4fea1) Importer(815301076,1909f56bfc062723c751e8b465ee728b)  -> (artifact id: '2a173a9b9f67f741e105bafc04551fbe') in 0.090435 seconds 
========================================================================
Received Import Request.
  Time since last request: 0.000024 seconds.
  path: Packages/com.unity.collab-proxy/Editor/PlasticSCM/Assets/Images/iconmoved.png
  artifactKey: Guid(8a6cca56e2b63344eb4769cd92d93ffb) Importer(815301076,1909f56bfc062723c751e8b465ee728b)
Start importing Packages/com.unity.collab-proxy/Editor/PlasticSCM/Assets/Images/iconmoved.png using Guid(8a6cca56e2b63344eb4769cd92d93ffb) Importer(815301076,1909f56bfc062723c751e8b465ee728b)  -> (artifact id: '27fb7b7f6f47027103f5c1596cfce0a3') in 0.030744 seconds 
========================================================================
Received Import Request.
  Time since last request: 0.000041 seconds.
  path: Assets/Art/Joystick Pack/Sprites/Handles/Handle_Outline.png
  artifactKey: Guid(085185b08a40a924985bc0e4176edea6) Importer(815301076,1909f56bfc062723c751e8b465ee728b)
Start importing Assets/Art/Joystick Pack/Sprites/Handles/Handle_Outline.png using Guid(085185b08a40a924985bc0e4176edea6) Importer(815301076,1909f56bfc062723c751e8b465ee728b)  -> (artifact id: '711675119658b85cae1739b210088eda') in 0.041509 seconds 
========================================================================
Received Import Request.
  Time since last request: 0.000016 seconds.
  path: Packages/com.unity.collab-proxy/Editor/PlasticSCM/Assets/Images/iconaddedoverlay@2x.png
  artifactKey: Guid(74ef721fef79c44489d4e3edb0ab0c01) Importer(815301076,1909f56bfc062723c751e8b465ee728b)
Start importing Packages/com.unity.collab-proxy/Editor/PlasticSCM/Assets/Images/iconaddedoverlay@2x.png using Guid(74ef721fef79c44489d4e3edb0ab0c01) Importer(815301076,1909f56bfc062723c751e8b465ee728b)  -> (artifact id: '2a2dcd5f5d5379edc0faa57a7bb8d10a') in 0.031578 seconds 
========================================================================
Received Import Request.
  Time since last request: 0.000019 seconds.
  path: Assets/Art/Joystick Pack/Sprites/Horizontal Backgrounds/Horizontal_Outline_Arrows.png
  artifactKey: Guid(7927b9032dc11e841af3f9a1353d7ecd) Importer(815301076,1909f56bfc062723c751e8b465ee728b)
Start importing Assets/Art/Joystick Pack/Sprites/Horizontal Backgrounds/Horizontal_Outline_Arrows.png using Guid(7927b9032dc11e841af3f9a1353d7ecd) Importer(815301076,1909f56bfc062723c751e8b465ee728b)  -> (artifact id: 'b8bbb53101edc6f90510e080fc0cc985') in 0.063450 seconds 
========================================================================
Received Import Request.
  Time since last request: 0.000016 seconds.
  path: Packages/com.unity.collab-proxy/Editor/PlasticSCM/Assets/Images/icondeletedremote@2x.png
  artifactKey: Guid(70e3ce8ad01f39248a3ea97a35bcf238) Importer(815301076,1909f56bfc062723c751e8b465ee728b)
Start importing Packages/com.unity.collab-proxy/Editor/PlasticSCM/Assets/Images/icondeletedremote@2x.png using Guid(70e3ce8ad01f39248a3ea97a35bcf238) Importer(815301076,1909f56bfc062723c751e8b465ee728b)  -> (artifact id: 'e54da220dfd77667490a663bb59659c1') in 0.022914 seconds 
========================================================================
Received Import Request.
  Time since last request: 0.000022 seconds.
  path: Assets/Art/GUI Mobile Hyper-Casual/Sprites/Items PSD + PNG/Sherif Stars/Grey.png
  artifactKey: Guid(8ead451b56ea2444eafb9c36e8afa313) Importer(815301076,1909f56bfc062723c751e8b465ee728b)
Start importing Assets/Art/GUI Mobile Hyper-Casual/Sprites/Items PSD + PNG/Sherif Stars/Grey.png using Guid(8ead451b56ea2444eafb9c36e8afa313) Importer(815301076,1909f56bfc062723c751e8b465ee728b)  -> (artifact id: '95c4053de55889766495dd82f19a8afb') in 0.056985 seconds 
========================================================================
Received Import Request.
  Time since last request: 0.000021 seconds.
  path: Assets/Art/GUI Mobile Hyper-Casual/Sprites/Items PSD + PNG/Hand/Hand.psd
  artifactKey: Guid(223065dd9c1c92f4fa7c241ecb44d84f) Importer(815301076,1909f56bfc062723c751e8b465ee728b)
Start importing Assets/Art/GUI Mobile Hyper-Casual/Sprites/Items PSD + PNG/Hand/Hand.psd using Guid(223065dd9c1c92f4fa7c241ecb44d84f) Importer(815301076,1909f56bfc062723c751e8b465ee728b)  -> (artifact id: '89d7b88938ccb4eacec2003a06f34b52') in 0.172787 seconds 
========================================================================
Received Import Request.
  Time since last request: 0.000039 seconds.
  path: Packages/com.unity.collab-proxy/Editor/PlasticSCM/Assets/Images/iconpressedclosebutton.png
  artifactKey: Guid(94fe868620119564f9474f40cd6145aa) Importer(815301076,1909f56bfc062723c751e8b465ee728b)
Start importing Packages/com.unity.collab-proxy/Editor/PlasticSCM/Assets/Images/iconpressedclosebutton.png using Guid(94fe868620119564f9474f40cd6145aa) Importer(815301076,1909f56bfc062723c751e8b465ee728b)  -> (artifact id: 'e031b7d0d9054ba0a8b9f941c92192ec') in 0.019339 seconds 
========================================================================
Received Import Request.
  Time since last request: 0.000020 seconds.
  path: Assets/Art/GUI Mobile Hyper-Casual/Sprites/Sprites by Menu/Home-assets/IAP.png
  artifactKey: Guid(7709a5c4f15953a4b809d8d78159493b) Importer(815301076,1909f56bfc062723c751e8b465ee728b)
Start importing Assets/Art/GUI Mobile Hyper-Casual/Sprites/Sprites by Menu/Home-assets/IAP.png using Guid(7709a5c4f15953a4b809d8d78159493b) Importer(815301076,1909f56bfc062723c751e8b465ee728b)  -> (artifact id: '1b8390a42bac83e170ffede5a9053ff7') in 0.019267 seconds 
========================================================================
Received Import Request.
  Time since last request: 0.000039 seconds.
  path: Assets/Art/GUI Mobile Hyper-Casual/Sprites/Items PSD + PNG/Key/Grey Key.png
  artifactKey: Guid(b6517bba989433b4899dc43f9f0f0e3f) Importer(815301076,1909f56bfc062723c751e8b465ee728b)
Start importing Assets/Art/GUI Mobile Hyper-Casual/Sprites/Items PSD + PNG/Key/Grey Key.png using Guid(b6517bba989433b4899dc43f9f0f0e3f) Importer(815301076,1909f56bfc062723c751e8b465ee728b)  -> (artifact id: 'db531978ffaaa90f0ae3465841f9669f') in 0.032936 seconds 
========================================================================
Received Import Request.
  Time since last request: 0.000055 seconds.
  path: Assets/Art/Joystick Pack/Sprites/Handles/Handle_Plain_Arrows.png
  artifactKey: Guid(f353d42d1db27ff42b78b28efd86b316) Importer(815301076,1909f56bfc062723c751e8b465ee728b)
Start importing Assets/Art/Joystick Pack/Sprites/Handles/Handle_Plain_Arrows.png using Guid(f353d42d1db27ff42b78b28efd86b316) Importer(815301076,1909f56bfc062723c751e8b465ee728b)  -> (artifact id: '4100f5f5016d6bc3a1e9fba2996e7895') in 0.031930 seconds 
========================================================================
Received Import Request.
  Time since last request: 0.000025 seconds.
  path: Packages/com.unity.collab-proxy/Editor/PlasticSCM/Assets/Images/iconprivateoverlay@2x.png
  artifactKey: Guid(40685941c1361aa4a957b61174bce3f6) Importer(815301076,1909f56bfc062723c751e8b465ee728b)
Start importing Packages/com.unity.collab-proxy/Editor/PlasticSCM/Assets/Images/iconprivateoverlay@2x.png using Guid(40685941c1361aa4a957b61174bce3f6) Importer(815301076,1909f56bfc062723c751e8b465ee728b)  -> (artifact id: '39740fc37fd247b138ffbb76c5d32182') in 0.018779 seconds 
========================================================================
Received Import Request.
  Time since last request: 0.000019 seconds.
  path: Packages/com.unity.collab-proxy/Editor/PlasticSCM/Assets/Images/iconoutofsync@2x.png
  artifactKey: Guid(d7094718bdac022428dd29244922d06b) Importer(815301076,1909f56bfc062723c751e8b465ee728b)
Start importing Packages/com.unity.collab-proxy/Editor/PlasticSCM/Assets/Images/iconoutofsync@2x.png using Guid(d7094718bdac022428dd29244922d06b) Importer(815301076,1909f56bfc062723c751e8b465ee728b)  -> (artifact id: '3524e9fe32e1a11ae1eb085fb5b78427') in 0.016994 seconds 
========================================================================
Received Import Request.
  Time since last request: 0.000018 seconds.
  path: Packages/com.unity.collab-proxy/Editor/PlasticSCM/Assets/Images/iconbranch.png
  artifactKey: Guid(a6219d44b6fc910449f7c3fee45db5c5) Importer(815301076,1909f56bfc062723c751e8b465ee728b)
Start importing Packages/com.unity.collab-proxy/Editor/PlasticSCM/Assets/Images/iconbranch.png using Guid(a6219d44b6fc910449f7c3fee45db5c5) Importer(815301076,1909f56bfc062723c751e8b465ee728b)  -> (artifact id: 'b9829a5086b337c65091e73ea166eb30') in 0.015614 seconds 
========================================================================
Received Import Request.
  Time since last request: 10.643071 seconds.
  path: Packages/com.unity.collab-proxy/Editor/PlasticSCM/Assets/Images/iconundo@2x.png
  artifactKey: Guid(0dfbb2b6ddcdd254da80e3418498b3a6) Importer(815301076,1909f56bfc062723c751e8b465ee728b)
Start importing Packages/com.unity.collab-proxy/Editor/PlasticSCM/Assets/Images/iconundo@2x.png using Guid(0dfbb2b6ddcdd254da80e3418498b3a6) Importer(815301076,1909f56bfc062723c751e8b465ee728b)  -> (artifact id: '67d6a1decc5b47814549272608f47dce') in 0.031690 seconds 
========================================================================
Received Import Request.
  Time since last request: 0.000036 seconds.
  path: Assets/Art/GUI Mobile Hyper-Casual/Sprites/Sprites by Menu/Home-assets/Info.png
  artifactKey: Guid(b949522bc7777bb478aaa03ccc754dd2) Importer(815301076,1909f56bfc062723c751e8b465ee728b)
Start importing Assets/Art/GUI Mobile Hyper-Casual/Sprites/Sprites by Menu/Home-assets/Info.png using Guid(b949522bc7777bb478aaa03ccc754dd2) Importer(815301076,1909f56bfc062723c751e8b465ee728b)  -> (artifact id: 'bd787d2f5ee445e7f205c03efb67d9f6') in 0.040929 seconds 
========================================================================
Received Import Request.
  Time since last request: 0.000034 seconds.
  path: Assets/Art/GUI Mobile Hyper-Casual/Artwork PSD + Screens/PSD/In Game.psd
  artifactKey: Guid(3c77121e37cff6943b2b710bd8c30db2) Importer(815301076,1909f56bfc062723c751e8b465ee728b)
Start importing Assets/Art/GUI Mobile Hyper-Casual/Artwork PSD + Screens/PSD/In Game.psd using Guid(3c77121e37cff6943b2b710bd8c30db2) Importer(815301076,1909f56bfc062723c751e8b465ee728b)  -> (artifact id: '735db58192cacbf38fabdbf71d2971d7') in 0.197246 seconds 
========================================================================
Received Import Request.
  Time since last request: 0.000034 seconds.
  path: Assets/Art/GUI Mobile Hyper-Casual/Sprites/Additional White Icons/Level.png
  artifactKey: Guid(afb809b193378db4f9e60f54eadb3ce5) Importer(815301076,1909f56bfc062723c751e8b465ee728b)
Start importing Assets/Art/GUI Mobile Hyper-Casual/Sprites/Additional White Icons/Level.png using Guid(afb809b193378db4f9e60f54eadb3ce5) Importer(815301076,1909f56bfc062723c751e8b465ee728b)  -> (artifact id: '0f5584020ef4ed53118fdcd61330c767') in 0.032477 seconds 
========================================================================
Received Import Request.
  Time since last request: 0.000026 seconds.
  path: Assets/Art/GUI Mobile Hyper-Casual/Sprites/Items PSD + PNG/Shield/Mauve.png
  artifactKey: Guid(89370414f8301e446884d6a76a8a4a19) Importer(815301076,1909f56bfc062723c751e8b465ee728b)
Start importing Assets/Art/GUI Mobile Hyper-Casual/Sprites/Items PSD + PNG/Shield/Mauve.png using Guid(89370414f8301e446884d6a76a8a4a19) Importer(815301076,1909f56bfc062723c751e8b465ee728b)  -> (artifact id: '77bcce2f57e811910e0d64d2c7603fcf') in 0.044336 seconds 
========================================================================
Received Import Request.
  Time since last request: 0.000036 seconds.
  path: Assets/Art/GUI Mobile Hyper-Casual/Sprites/Items PSD + PNG/Potion/Potion/Mauve.png
  artifactKey: Guid(750765046ea9679418010daa000f6761) Importer(815301076,1909f56bfc062723c751e8b465ee728b)
Start importing Assets/Art/GUI Mobile Hyper-Casual/Sprites/Items PSD + PNG/Potion/Potion/Mauve.png using Guid(750765046ea9679418010daa000f6761) Importer(815301076,1909f56bfc062723c751e8b465ee728b)  -> (artifact id: '56ad8679548be3f049e7f56f60032815') in 0.038201 seconds 
========================================================================
Received Import Request.
  Time since last request: 0.000023 seconds.
  path: Assets/Art/GUI Mobile Hyper-Casual/Sprites/Items PSD + PNG/Diamonds/Diamonds/Mauve.png
  artifactKey: Guid(d803d7c412194d9489a776ff8294dbc0) Importer(815301076,1909f56bfc062723c751e8b465ee728b)
Start importing Assets/Art/GUI Mobile Hyper-Casual/Sprites/Items PSD + PNG/Diamonds/Diamonds/Mauve.png using Guid(d803d7c412194d9489a776ff8294dbc0) Importer(815301076,1909f56bfc062723c751e8b465ee728b)  -> (artifact id: '4a852c7a6407fab28748eac32c5f179d') in 0.036965 seconds 
========================================================================
Received Import Request.
  Time since last request: 0.458510 seconds.
  path: Assets/Art/GUI Mobile Hyper-Casual/Sprites/Items PSD + PNG/Mushroom/Mushroom.psd
  artifactKey: Guid(dd00ff8cb7576054a82f5478a1836afa) Importer(815301076,1909f56bfc062723c751e8b465ee728b)
Start importing Assets/Art/GUI Mobile Hyper-Casual/Sprites/Items PSD + PNG/Mushroom/Mushroom.psd using Guid(dd00ff8cb7576054a82f5478a1836afa) Importer(815301076,1909f56bfc062723c751e8b465ee728b)  -> (artifact id: '0437e6b967e88807c4d82b1c48793afa') in 0.060739 seconds 
========================================================================
Received Import Request.
  Time since last request: 0.000037 seconds.
  path: Assets/Art/GUI Mobile Hyper-Casual/Sprites/Additional White Icons/Next.png
  artifactKey: Guid(f3e824ec048eb7a4ea2c6e8ecfb8c5ac) Importer(815301076,1909f56bfc062723c751e8b465ee728b)
Start importing Assets/Art/GUI Mobile Hyper-Casual/Sprites/Additional White Icons/Next.png using Guid(f3e824ec048eb7a4ea2c6e8ecfb8c5ac) Importer(815301076,1909f56bfc062723c751e8b465ee728b)  -> (artifact id: '70ec6a530698fb043b6af0217aec7b66') in 0.031567 seconds 
========================================================================
Received Import Request.
  Time since last request: 0.000043 seconds.
  path: Packages/com.unity.collab-proxy/Editor/PlasticSCM/Assets/Images/ok.png
  artifactKey: Guid(3238dca1e9ea9fb4aa64b28298ba6dbd) Importer(815301076,1909f56bfc062723c751e8b465ee728b)
Start importing Packages/com.unity.collab-proxy/Editor/PlasticSCM/Assets/Images/ok.png using Guid(3238dca1e9ea9fb4aa64b28298ba6dbd) Importer(815301076,1909f56bfc062723c751e8b465ee728b)  -> (artifact id: '0b3e700f5b52f0dc849dccb4f2b9d433') in 0.026723 seconds 
========================================================================
Received Import Request.
  Time since last request: 0.000023 seconds.
  path: Assets/Art/GUI Mobile Hyper-Casual/Sprites/Items PSD + PNG/Mail/Outline.png
  artifactKey: Guid(b29866249248b074baace748df82c482) Importer(815301076,1909f56bfc062723c751e8b465ee728b)
Start importing Assets/Art/GUI Mobile Hyper-Casual/Sprites/Items PSD + PNG/Mail/Outline.png using Guid(b29866249248b074baace748df82c482) Importer(815301076,1909f56bfc062723c751e8b465ee728b)  -> (artifact id: '2426b446c3d5893a158f7c27f04effe4') in 0.036021 seconds 
========================================================================
Received Import Request.
  Time since last request: 0.000023 seconds.
  path: Assets/Art/GUI Mobile Hyper-Casual/Sprites/Items PSD + PNG/Double Sword/Outline.png
  artifactKey: Guid(96ad0ac9bd4f49640af3a5e9aa231e1e) Importer(815301076,1909f56bfc062723c751e8b465ee728b)
Start importing Assets/Art/GUI Mobile Hyper-Casual/Sprites/Items PSD + PNG/Double Sword/Outline.png using Guid(96ad0ac9bd4f49640af3a5e9aa231e1e) Importer(815301076,1909f56bfc062723c751e8b465ee728b)  -> (artifact id: '34f1cca740301c07d12a234144593499') in 0.037204 seconds 
========================================================================
Received Import Request.
  Time since last request: 0.000021 seconds.
  path: Assets/Art/GUI Mobile Hyper-Casual/Sprites/Items PSD + PNG/Potion/Potion/Outline.png
  artifactKey: Guid(5ff60f96dc24f574483d21956a729366) Importer(815301076,1909f56bfc062723c751e8b465ee728b)
Start importing Assets/Art/GUI Mobile Hyper-Casual/Sprites/Items PSD + PNG/Potion/Potion/Outline.png using Guid(5ff60f96dc24f574483d21956a729366) Importer(815301076,1909f56bfc062723c751e8b465ee728b)  -> (artifact id: '1e4453fef6725fbc4b2e46f4c2c655ec') in 0.034009 seconds 
========================================================================
Received Import Request.
  Time since last request: 0.000026 seconds.
  path: Assets/Art/GUI Mobile Hyper-Casual/Sprites/Items PSD + PNG/Key/Outline.png
  artifactKey: Guid(69df975d08740fc4986c070aa092ea8d) Importer(815301076,1909f56bfc062723c751e8b465ee728b)
Start importing Assets/Art/GUI Mobile Hyper-Casual/Sprites/Items PSD + PNG/Key/Outline.png using Guid(69df975d08740fc4986c070aa092ea8d) Importer(815301076,1909f56bfc062723c751e8b465ee728b)  -> (artifact id: '6ea4d806455e04fd2db24668074671f7') in 0.029656 seconds 
========================================================================
Received Import Request.
  Time since last request: 0.000019 seconds.
  path: Assets/Art/GUI Mobile Hyper-Casual/Sprites/Items PSD + PNG/Gun/Outline.png
  artifactKey: Guid(3863ec422464d02489b1005d3d0eadfc) Importer(815301076,1909f56bfc062723c751e8b465ee728b)
Start importing Assets/Art/GUI Mobile Hyper-Casual/Sprites/Items PSD + PNG/Gun/Outline.png using Guid(3863ec422464d02489b1005d3d0eadfc) Importer(815301076,1909f56bfc062723c751e8b465ee728b)  -> (artifact id: '8d60b3ed3cc1fee7a0eed63bc5e92278') in 0.030021 seconds 
========================================================================
Received Import Request.
  Time since last request: 0.000025 seconds.
  path: Assets/Art/GUI Mobile Hyper-Casual/Sprites/Items PSD + PNG/Sherif Stars/Outline.png
  artifactKey: Guid(a809a987da9de964e95b4cc1ca28d8ff) Importer(815301076,1909f56bfc062723c751e8b465ee728b)
Start importing Assets/Art/GUI Mobile Hyper-Casual/Sprites/Items PSD + PNG/Sherif Stars/Outline.png using Guid(a809a987da9de964e95b4cc1ca28d8ff) Importer(815301076,1909f56bfc062723c751e8b465ee728b)  -> (artifact id: '86b078e005bd781286231bf7ca23b797') in 0.030899 seconds 
========================================================================
Received Import Request.
  Time since last request: 0.000026 seconds.
  path: Assets/Art/GUI Mobile Hyper-Casual/Sprites/Items PSD + PNG/Firecracker/Outline.png
  artifactKey: Guid(62f6fe2681a17fc489935595a1170d09) Importer(815301076,1909f56bfc062723c751e8b465ee728b)
Start importing Assets/Art/GUI Mobile Hyper-Casual/Sprites/Items PSD + PNG/Firecracker/Outline.png using Guid(62f6fe2681a17fc489935595a1170d09) Importer(815301076,1909f56bfc062723c751e8b465ee728b)  -> (artifact id: '655f934e17e92ab8778780ac30ab1e69') in 0.026358 seconds 
========================================================================
Received Import Request.
  Time since last request: 0.000015 seconds.
  path: Assets/Art/GUI Mobile Hyper-Casual/Sprites/Sprites by Menu/In Game-assets/NO THANKS.png
  artifactKey: Guid(bdc2f989e2fb20e4f918f8650a2d116e) Importer(815301076,1909f56bfc062723c751e8b465ee728b)
Start importing Assets/Art/GUI Mobile Hyper-Casual/Sprites/Sprites by Menu/In Game-assets/NO THANKS.png using Guid(bdc2f989e2fb20e4f918f8650a2d116e) Importer(815301076,1909f56bfc062723c751e8b465ee728b)  -> (artifact id: '8332f1fbd9e7af4f85018de959f2660b') in 0.020198 seconds 
========================================================================
Received Import Request.
  Time since last request: 3.917795 seconds.
  path: Assets/Art/GUI Mobile Hyper-Casual/Sprites/Items PSD + PNG/Ball/Outline.png
  artifactKey: Guid(d2cef90d2d71cfb4e9a72d6590c92ebe) Importer(815301076,1909f56bfc062723c751e8b465ee728b)
Start importing Assets/Art/GUI Mobile Hyper-Casual/Sprites/Items PSD + PNG/Ball/Outline.png using Guid(d2cef90d2d71cfb4e9a72d6590c92ebe) Importer(815301076,1909f56bfc062723c751e8b465ee728b)  -> (artifact id: '3331b4aae3335b368a26a7ee02cbd05b') in 0.071791 seconds 
========================================================================
Received Import Request.
  Time since last request: 0.000019 seconds.
  path: Assets/Art/GUI Mobile Hyper-Casual/Sprites/Items PSD + PNG/Closebook/Outline.png
  artifactKey: Guid(d7778b6e12284974faea6738b506e026) Importer(815301076,1909f56bfc062723c751e8b465ee728b)
Start importing Assets/Art/GUI Mobile Hyper-Casual/Sprites/Items PSD + PNG/Closebook/Outline.png using Guid(d7778b6e12284974faea6738b506e026) Importer(815301076,1909f56bfc062723c751e8b465ee728b)  -> (artifact id: '410b15090d0a58fdeab2179b256247ef') in 0.086813 seconds 
========================================================================
Received Import Request.
  Time since last request: 0.000022 seconds.
  path: Assets/Art/GUI Mobile Hyper-Casual/Sprites/Sprites by Menu/Home-assets/Pop up Green.png
  artifactKey: Guid(2eb62d53cb35de44e8e8f516eff588e2) Importer(815301076,1909f56bfc062723c751e8b465ee728b)
Start importing Assets/Art/GUI Mobile Hyper-Casual/Sprites/Sprites by Menu/Home-assets/Pop up Green.png using Guid(2eb62d53cb35de44e8e8f516eff588e2) Importer(815301076,1909f56bfc062723c751e8b465ee728b)  -> (artifact id: 'a6cc785e3cbad22120c883c865d6cbdd') in 0.088767 seconds 
========================================================================
Received Import Request.
  Time since last request: 0.000028 seconds.
  path: Assets/Art/GUI Mobile Hyper-Casual/Artwork PSD + Screens/SCREENS/Prize Machine2.jpg
  artifactKey: Guid(4b703e76444c54a409545c02c86e116a) Importer(815301076,1909f56bfc062723c751e8b465ee728b)
Start importing Assets/Art/GUI Mobile Hyper-Casual/Artwork PSD + Screens/SCREENS/Prize Machine2.jpg using Guid(4b703e76444c54a409545c02c86e116a) Importer(815301076,1909f56bfc062723c751e8b465ee728b)  -> (artifact id: '4b3e5a4d61c8adfc5770c65703f429fe') in 0.142882 seconds 
========================================================================
Received Import Request.
  Time since last request: 0.000025 seconds.
  path: Assets/Art/GUI Mobile Hyper-Casual/Sprites/Items PSD + PNG/Cup/Outline.png
  artifactKey: Guid(bf9f91627a678b6428f954b26214c1f2) Importer(815301076,1909f56bfc062723c751e8b465ee728b)
Start importing Assets/Art/GUI Mobile Hyper-Casual/Sprites/Items PSD + PNG/Cup/Outline.png using Guid(bf9f91627a678b6428f954b26214c1f2) Importer(815301076,1909f56bfc062723c751e8b465ee728b)  -> (artifact id: 'dc73a38509b7f8875e0341b13de10eaf') in 0.035536 seconds 
========================================================================
Received Import Request.
  Time since last request: 0.000036 seconds.
  path: Assets/Art/GUI Mobile Hyper-Casual/Sprites/Sprites by Menu/Buttons-assets/Pub Blue Button Open.png
  artifactKey: Guid(aa5b428515ab5b843af56b1b1a86002a) Importer(815301076,1909f56bfc062723c751e8b465ee728b)
Start importing Assets/Art/GUI Mobile Hyper-Casual/Sprites/Sprites by Menu/Buttons-assets/Pub Blue Button Open.png using Guid(aa5b428515ab5b843af56b1b1a86002a) Importer(815301076,1909f56bfc062723c751e8b465ee728b)  -> (artifact id: 'faa2adfb0257178d91b329da91081fb5') in 0.027744 seconds 
========================================================================
Received Import Request.
  Time since last request: 0.000043 seconds.
  path: Assets/Art/GUI Mobile Hyper-Casual/Sprites/Sprites by Menu/Buttons-assets/Pub Purple Button Open.png
  artifactKey: Guid(3dc65e8631455cd4d8916520d3e2990b) Importer(815301076,1909f56bfc062723c751e8b465ee728b)
Start importing Assets/Art/GUI Mobile Hyper-Casual/Sprites/Sprites by Menu/Buttons-assets/Pub Purple Button Open.png using Guid(3dc65e8631455cd4d8916520d3e2990b) Importer(815301076,1909f56bfc062723c751e8b465ee728b)  -> (artifact id: '2fd5cd15c18801aa57e8bf34dfd80366') in 0.027491 seconds 
========================================================================
Received Import Request.
  Time since last request: 0.000042 seconds.
  path: Assets/Art/GUI Mobile Hyper-Casual/Sprites/Sprites by Menu/Buttons-assets/Pub Green Button Open.png
  artifactKey: Guid(2738152b439d83443bbb5c555410c9e9) Importer(815301076,1909f56bfc062723c751e8b465ee728b)
Start importing Assets/Art/GUI Mobile Hyper-Casual/Sprites/Sprites by Menu/Buttons-assets/Pub Green Button Open.png using Guid(2738152b439d83443bbb5c555410c9e9) Importer(815301076,1909f56bfc062723c751e8b465ee728b)  -> (artifact id: 'b70e15ac2d8be1b48ab549f1c32b8435') in 0.027049 seconds 
========================================================================
Received Import Request.
  Time since last request: 0.000018 seconds.
  path: Assets/Art/GUI Mobile Hyper-Casual/Sprites/Sprites by Menu/Buttons-assets/Pub Green Button Skip.png
  artifactKey: Guid(b022c627514338746950564b774c4ca9) Importer(815301076,1909f56bfc062723c751e8b465ee728b)
Start importing Assets/Art/GUI Mobile Hyper-Casual/Sprites/Sprites by Menu/Buttons-assets/Pub Green Button Skip.png using Guid(b022c627514338746950564b774c4ca9) Importer(815301076,1909f56bfc062723c751e8b465ee728b)  -> (artifact id: '853674a40a74630f9affd6e89fb855b8') in 0.027985 seconds 
========================================================================
Received Import Request.
  Time since last request: 0.000016 seconds.
  path: Assets/Art/GUI Mobile Hyper-Casual/Sprites/Items PSD + PNG/Shield/Purple.png
  artifactKey: Guid(f861b8b59f7b64b4d88c0ebfac983b96) Importer(815301076,1909f56bfc062723c751e8b465ee728b)
Start importing Assets/Art/GUI Mobile Hyper-Casual/Sprites/Items PSD + PNG/Shield/Purple.png using Guid(f861b8b59f7b64b4d88c0ebfac983b96) Importer(815301076,1909f56bfc062723c751e8b465ee728b)  -> (artifact id: 'c8706b3ae0dd89bfbff743062b717e10') in 0.031127 seconds 
========================================================================
Received Import Request.
  Time since last request: 0.000023 seconds.
  path: Assets/Art/GUI Mobile Hyper-Casual/Sprites/Sprites by Menu/Buttons-assets/Purple Button Claim.png
  artifactKey: Guid(c4331bb414f561844a2f235b04e04404) Importer(815301076,1909f56bfc062723c751e8b465ee728b)
Start importing Assets/Art/GUI Mobile Hyper-Casual/Sprites/Sprites by Menu/Buttons-assets/Purple Button Claim.png using Guid(c4331bb414f561844a2f235b04e04404) Importer(815301076,1909f56bfc062723c751e8b465ee728b)  -> (artifact id: '59830cb15e7a5c28ec6dc0e4ba156ca5') in 0.026732 seconds 
========================================================================
Received Import Request.
  Time since last request: 0.000029 seconds.
  path: Assets/Art/GUI Mobile Hyper-Casual/Sprites/Items PSD + PNG/Diamonds/Diamond 2/Purple.png
  artifactKey: Guid(5e4e3a52abcbd6d40a549d636b37b0e8) Importer(815301076,1909f56bfc062723c751e8b465ee728b)
Start importing Assets/Art/GUI Mobile Hyper-Casual/Sprites/Items PSD + PNG/Diamonds/Diamond 2/Purple.png using Guid(5e4e3a52abcbd6d40a549d636b37b0e8) Importer(815301076,1909f56bfc062723c751e8b465ee728b)  -> (artifact id: '26084f3c2fbea9a1003adfac169a8bd0') in 0.034004 seconds 
========================================================================
Received Import Request.
  Time since last request: 0.000024 seconds.
  path: Assets/Art/GUI Mobile Hyper-Casual/Sprites/Items PSD + PNG/Potion/Potion/Purple.png
  artifactKey: Guid(3bb4a8e48206fc34a86e5f5a776c3c8a) Importer(815301076,1909f56bfc062723c751e8b465ee728b)
Start importing Assets/Art/GUI Mobile Hyper-Casual/Sprites/Items PSD + PNG/Potion/Potion/Purple.png using Guid(3bb4a8e48206fc34a86e5f5a776c3c8a) Importer(815301076,1909f56bfc062723c751e8b465ee728b)  -> (artifact id: '27a0153cbe0f0038d9c246744b296d53') in 0.030880 seconds 
========================================================================
Received Import Request.
  Time since last request: 0.000021 seconds.
  path: Assets/Art/GUI Mobile Hyper-Casual/Sprites/Items PSD + PNG/Podium/Podium.png
  artifactKey: Guid(1e704078582e83040a0993a8406a7c68) Importer(815301076,1909f56bfc062723c751e8b465ee728b)
Start importing Assets/Art/GUI Mobile Hyper-Casual/Sprites/Items PSD + PNG/Podium/Podium.png using Guid(1e704078582e83040a0993a8406a7c68) Importer(815301076,1909f56bfc062723c751e8b465ee728b)  -> (artifact id: 'd0be8deb15f3cbd8bfa4189d31e3b577') in 0.031008 seconds 
========================================================================
Received Import Request.
  Time since last request: 0.000029 seconds.
  path: Assets/Art/GUI Mobile Hyper-Casual/Sprites/Items PSD + PNG/Stars/Pink.png
  artifactKey: Guid(dbe5a802b59a9734694796da5f6b840a) Importer(815301076,1909f56bfc062723c751e8b465ee728b)
Start importing Assets/Art/GUI Mobile Hyper-Casual/Sprites/Items PSD + PNG/Stars/Pink.png using Guid(dbe5a802b59a9734694796da5f6b840a) Importer(815301076,1909f56bfc062723c751e8b465ee728b)  -> (artifact id: 'a5f1bbb573acc0ad04145d11483fc8c5') in 0.036344 seconds 
========================================================================
Received Import Request.
  Time since last request: 0.000034 seconds.
  path: Assets/Art/GUI Mobile Hyper-Casual/Sprites/Sprites by Menu/Home-assets/Pop up Yellow.png
  artifactKey: Guid(e3fa2e4a04010fa40b6229dcd1645929) Importer(815301076,1909f56bfc062723c751e8b465ee728b)
Start importing Assets/Art/GUI Mobile Hyper-Casual/Sprites/Sprites by Menu/Home-assets/Pop up Yellow.png using Guid(e3fa2e4a04010fa40b6229dcd1645929) Importer(815301076,1909f56bfc062723c751e8b465ee728b)  -> (artifact id: 'c1af45671669c34313989d2b512be27f') in 0.041388 seconds 
========================================================================
Received Import Request.
  Time since last request: 0.132551 seconds.
  path: Assets/Art/GUI Mobile Hyper-Casual/Sprites/Sprites by Menu/In Game-assets/Purple Elipse.png
  artifactKey: Guid(df2a4f0771486da47841079811355fb1) Importer(815301076,1909f56bfc062723c751e8b465ee728b)
Start importing Assets/Art/GUI Mobile Hyper-Casual/Sprites/Sprites by Menu/In Game-assets/Purple Elipse.png using Guid(df2a4f0771486da47841079811355fb1) Importer(815301076,1909f56bfc062723c751e8b465ee728b)  -> (artifact id: 'ae5abac36a502f469ed25ebc0fc74cdf') in 0.032875 seconds 
========================================================================
Received Import Request.
  Time since last request: 0.000031 seconds.
  path: Assets/Art/GUI Mobile Hyper-Casual/Sprites/Sprites by Menu/Home-assets/Rare.png
  artifactKey: Guid(78cb4d423bcd3424b9b3e198e2f6d9d4) Importer(815301076,1909f56bfc062723c751e8b465ee728b)
Start importing Assets/Art/GUI Mobile Hyper-Casual/Sprites/Sprites by Menu/Home-assets/Rare.png using Guid(78cb4d423bcd3424b9b3e198e2f6d9d4) Importer(815301076,1909f56bfc062723c751e8b465ee728b)  -> (artifact id: 'eb5e746e5350099cf2f3ed4a9f260ce4') in 0.033422 seconds 
========================================================================
Received Import Request.
  Time since last request: 0.000035 seconds.
  path: Assets/Art/GUI Mobile Hyper-Casual/Sprites/Items PSD + PNG/Icon Club/Red.png
  artifactKey: Guid(292993e6765686943be14f56be69700f) Importer(815301076,1909f56bfc062723c751e8b465ee728b)
Start importing Assets/Art/GUI Mobile Hyper-Casual/Sprites/Items PSD + PNG/Icon Club/Red.png using Guid(292993e6765686943be14f56be69700f) Importer(815301076,1909f56bfc062723c751e8b465ee728b)  -> (artifact id: '38952eb5109edaaa41b2ad7b27491a57') in 0.039610 seconds 
========================================================================
Received Import Request.
  Time since last request: 0.000043 seconds.
  path: Assets/Art/GUI Mobile Hyper-Casual/Sprites/Items PSD + PNG/Radial Shine/Radial.png
  artifactKey: Guid(7162f932cf14b0f40b2df4e9ee15b38a) Importer(815301076,1909f56bfc062723c751e8b465ee728b)
Start importing Assets/Art/GUI Mobile Hyper-Casual/Sprites/Items PSD + PNG/Radial Shine/Radial.png using Guid(7162f932cf14b0f40b2df4e9ee15b38a) Importer(815301076,1909f56bfc062723c751e8b465ee728b)  -> (artifact id: 'de803addb9b716572f122c733ab32d42') in 0.120063 seconds 
========================================================================
Received Import Request.
  Time since last request: 0.000037 seconds.
  path: Assets/Art/GUI Mobile Hyper-Casual/Sprites/Items PSD + PNG/Sherif Stars/Sherif stars.psd
  artifactKey: Guid(c94fa3cc56c6dd8428854111ddeebf4a) Importer(815301076,1909f56bfc062723c751e8b465ee728b)
Start importing Assets/Art/GUI Mobile Hyper-Casual/Sprites/Items PSD + PNG/Sherif Stars/Sherif stars.psd using Guid(c94fa3cc56c6dd8428854111ddeebf4a) Importer(815301076,1909f56bfc062723c751e8b465ee728b)  -> (artifact id: '195c30a14c1203ebab313af52575db1d') in 0.030954 seconds 
========================================================================
Received Import Request.
  Time since last request: 0.000025 seconds.
  path: Assets/Art/GUI Mobile Hyper-Casual/Sprites/Sprites by Menu/Win-assets/Rewards icon.png
  artifactKey: Guid(b445eadd4bbe558478af346a8a4a8490) Importer(815301076,1909f56bfc062723c751e8b465ee728b)
Start importing Assets/Art/GUI Mobile Hyper-Casual/Sprites/Sprites by Menu/Win-assets/Rewards icon.png using Guid(b445eadd4bbe558478af346a8a4a8490) Importer(815301076,1909f56bfc062723c751e8b465ee728b)  -> (artifact id: '23c2808f5007ce88ed926d669511f2f8') in 0.022174 seconds 
========================================================================
Received Import Request.
  Time since last request: 0.000022 seconds.
  path: Assets/Art/SledgeHammer/Textures/SledgeHammer_Albedo.png
  artifactKey: Guid(2427045ba4e5d0741ad0db7bc059fe27) Importer(815301076,1909f56bfc062723c751e8b465ee728b)
Start importing Assets/Art/SledgeHammer/Textures/SledgeHammer_Albedo.png using Guid(2427045ba4e5d0741ad0db7bc059fe27) Importer(815301076,1909f56bfc062723c751e8b465ee728b)  -> (artifact id: '09a7cef5b6f7df82f2fde41b98376283') in 0.013619 seconds 
========================================================================
Received Import Request.
  Time since last request: 0.000027 seconds.
  path: Assets/Art/GUI Mobile Hyper-Casual/Sprites/Sprites by Menu/Buttons-assets/Ribbon 4.png
  artifactKey: Guid(6134f3da095c88a4a90aba0883d8c4f9) Importer(815301076,1909f56bfc062723c751e8b465ee728b)
Start importing Assets/Art/GUI Mobile Hyper-Casual/Sprites/Sprites by Menu/Buttons-assets/Ribbon 4.png using Guid(6134f3da095c88a4a90aba0883d8c4f9) Importer(815301076,1909f56bfc062723c751e8b465ee728b)  -> (artifact id: '89f7da77360e38a1d4c259eb4a7df61c') in 0.018348 seconds 
========================================================================
Received Import Request.
  Time since last request: 0.000019 seconds.
  path: Assets/Plugins/Zenject/OptionalExtras/SampleGame1 (Beginner)/Media/Textures/ship.png
  artifactKey: Guid(c5917249e89888346a4bd606beae9578) Importer(815301076,1909f56bfc062723c751e8b465ee728b)
Start importing Assets/Plugins/Zenject/OptionalExtras/SampleGame1 (Beginner)/Media/Textures/ship.png using Guid(c5917249e89888346a4bd606beae9578) Importer(815301076,1909f56bfc062723c751e8b465ee728b)  -> (artifact id: '22b1eaeb118f69ca12fa1acfb7417f30') in 0.018975 seconds 
========================================================================
Received Import Request.
  Time since last request: 0.000022 seconds.
  path: Assets/Art/GUI Mobile Hyper-Casual/Sprites/Sprites by Menu/Buttons-assets/Ribbon 1.png
  artifactKey: Guid(ebc19c21f7b80b84f9e50b5f02a85aef) Importer(815301076,1909f56bfc062723c751e8b465ee728b)
Start importing Assets/Art/GUI Mobile Hyper-Casual/Sprites/Sprites by Menu/Buttons-assets/Ribbon 1.png using Guid(ebc19c21f7b80b84f9e50b5f02a85aef) Importer(815301076,1909f56bfc062723c751e8b465ee728b)  -> (artifact id: '7de2493a36d7f94b991d91a216e3b077') in 0.018373 seconds 
========================================================================
Received Import Request.
  Time since last request: 0.000019 seconds.
  path: Assets/Art/GUI Mobile Hyper-Casual/Sprites/Items PSD + PNG/Gift/Red-Yellow.png
  artifactKey: Guid(728cd4287fe839f4c94a54dd148cdd58) Importer(815301076,1909f56bfc062723c751e8b465ee728b)
Start importing Assets/Art/GUI Mobile Hyper-Casual/Sprites/Items PSD + PNG/Gift/Red-Yellow.png using Guid(728cd4287fe839f4c94a54dd148cdd58) Importer(815301076,1909f56bfc062723c751e8b465ee728b)  -> (artifact id: '509d0a1b598b043b81c19b76176ce82e') in 0.028662 seconds 
========================================================================
Received Import Request.
  Time since last request: 0.000027 seconds.
  path: Packages/com.unity.collab-proxy/Editor/PlasticSCM/Assets/Images/secondarytabclosehover.png
  artifactKey: Guid(8fac55fff4ce5fa40a7b2efefc0e617a) Importer(815301076,1909f56bfc062723c751e8b465ee728b)
Start importing Packages/com.unity.collab-proxy/Editor/PlasticSCM/Assets/Images/secondarytabclosehover.png using Guid(8fac55fff4ce5fa40a7b2efefc0e617a) Importer(815301076,1909f56bfc062723c751e8b465ee728b)  -> (artifact id: '19dcad732145c74c870bce654c3e2923') in 0.015542 seconds 
========================================================================
Received Import Request.
  Time since last request: 0.183603 seconds.
  path: Assets/Plugins/Zenject/OptionalExtras/SampleGame1 (Beginner)/Media/Imported/Textures/SmokeB.psd
  artifactKey: Guid(67f9b9363b45b4d3fb7b466648fe8fd1) Importer(815301076,1909f56bfc062723c751e8b465ee728b)
Start importing Assets/Plugins/Zenject/OptionalExtras/SampleGame1 (Beginner)/Media/Imported/Textures/SmokeB.psd using Guid(67f9b9363b45b4d3fb7b466648fe8fd1) Importer(815301076,1909f56bfc062723c751e8b465ee728b)  -> (artifact id: 'b82ef6dc6234dad40826a79054578bea') in 0.030529 seconds 
========================================================================
Received Import Request.
  Time since last request: 0.000063 seconds.
  path: Assets/Art/GUI Mobile Hyper-Casual/Sprites/Sprites by Menu/In Game-assets/Square Green.png
  artifactKey: Guid(c266f27f9276f474d8b03b03b765a342) Importer(815301076,1909f56bfc062723c751e8b465ee728b)
Start importing Assets/Art/GUI Mobile Hyper-Casual/Sprites/Sprites by Menu/In Game-assets/Square Green.png using Guid(c266f27f9276f474d8b03b03b765a342) Importer(815301076,1909f56bfc062723c751e8b465ee728b)  -> (artifact id: 'ad5af8be0c616af2f857310805290a85') in 0.031079 seconds 
========================================================================
Received Import Request.
  Time since last request: 0.000044 seconds.
  path: Assets/Art/GUI Mobile Hyper-Casual/Artwork PSD + Screens/SCREENS/Start Again.jpg
  artifactKey: Guid(1bc9ea74bcec0a54fb2a9b217e090a1e) Importer(815301076,1909f56bfc062723c751e8b465ee728b)
Start importing Assets/Art/GUI Mobile Hyper-Casual/Artwork PSD + Screens/SCREENS/Start Again.jpg using Guid(1bc9ea74bcec0a54fb2a9b217e090a1e) Importer(815301076,1909f56bfc062723c751e8b465ee728b)  -> (artifact id: '100f7c04048faf9bed5803537fd42aed') in 0.143556 seconds 
========================================================================
Received Import Request.
  Time since last request: 0.000034 seconds.
  path: Packages/com.unity.collab-proxy/Editor/PlasticSCM/Assets/Images/step2@2x.png
  artifactKey: Guid(0029170d14ce6c04c9f45c22cdae5559) Importer(815301076,1909f56bfc062723c751e8b465ee728b)
Start importing Packages/com.unity.collab-proxy/Editor/PlasticSCM/Assets/Images/step2@2x.png using Guid(0029170d14ce6c04c9f45c22cdae5559) Importer(815301076,1909f56bfc062723c751e8b465ee728b)  -> (artifact id: 'c7c40d12c76f8bb33c271b30e9549fd5') in 0.017576 seconds 
========================================================================
Received Import Request.
  Time since last request: 0.000018 seconds.
  path: Assets/Art/GUI Mobile Hyper-Casual/Sprites/Additional White Icons/Time.png
  artifactKey: Guid(908c2ee89e4902f4e815b098cfe1b66e) Importer(815301076,1909f56bfc062723c751e8b465ee728b)
Start importing Assets/Art/GUI Mobile Hyper-Casual/Sprites/Additional White Icons/Time.png using Guid(908c2ee89e4902f4e815b098cfe1b66e) Importer(815301076,1909f56bfc062723c751e8b465ee728b)  -> (artifact id: '85adc4fe1445319d1d07407993e8da0f') in 0.026912 seconds 
========================================================================
Received Import Request.
  Time since last request: 0.000022 seconds.
  path: Assets/Plugins/Zenject/OptionalExtras/IntegrationTests/Factories/Resources/TestBindFactory/TestTexture.png
  artifactKey: Guid(7dd391639aa29ed45a73e9a214f4872c) Importer(815301076,1909f56bfc062723c751e8b465ee728b)
Start importing Assets/Plugins/Zenject/OptionalExtras/IntegrationTests/Factories/Resources/TestBindFactory/TestTexture.png using Guid(7dd391639aa29ed45a73e9a214f4872c) Importer(815301076,1909f56bfc062723c751e8b465ee728b)  -> (artifact id: 'fe22de80f86c4332852da99e5002e6cc') in 0.015970 seconds 
========================================================================
Received Import Request.
  Time since last request: 0.000022 seconds.
  path: Assets/Art/GUI Mobile Hyper-Casual/Sprites/Additional White Icons/Tick.png
  artifactKey: Guid(9fd6b4b648ee2b949b04bb1d35496d63) Importer(815301076,1909f56bfc062723c751e8b465ee728b)
Start importing Assets/Art/GUI Mobile Hyper-Casual/Sprites/Additional White Icons/Tick.png using Guid(9fd6b4b648ee2b949b04bb1d35496d63) Importer(815301076,1909f56bfc062723c751e8b465ee728b)  -> (artifact id: '79a45fc194c174758954fdb31b180d25') in 0.028516 seconds 
========================================================================
Received Import Request.
  Time since last request: 1.724884 seconds.
  path: Packages/com.unity.timeline/Editor/StyleSheets/Images/DarkSkin/TimelineAutokey.png
  artifactKey: Guid(92b5e4310629b264dad0fb2cc196d818) Importer(815301076,1909f56bfc062723c751e8b465ee728b)
Start importing Packages/com.unity.timeline/Editor/StyleSheets/Images/DarkSkin/TimelineAutokey.png using Guid(92b5e4310629b264dad0fb2cc196d818) Importer(815301076,1909f56bfc062723c751e8b465ee728b)  -> (artifact id: 'd85c686483b928e3bfc8d4bc28280c22') in 0.049305 seconds 
========================================================================
Received Import Request.
  Time since last request: 0.000020 seconds.
  path: Packages/com.unity.timeline/Editor/StyleSheets/Images/Shared/TimelineBottomShadow.png
  artifactKey: Guid(db66ea47c76423f4a881937d34495801) Importer(815301076,1909f56bfc062723c751e8b465ee728b)
Start importing Packages/com.unity.timeline/Editor/StyleSheets/Images/Shared/TimelineBottomShadow.png using Guid(db66ea47c76423f4a881937d34495801) Importer(815301076,1909f56bfc062723c751e8b465ee728b)  -> (artifact id: '89284e150037b090fa4eb83eb4272c38') in 0.025450 seconds 
========================================================================
Received Import Request.
  Time since last request: 0.000059 seconds.
  path: Packages/com.unity.timeline/Editor/StyleSheets/Images/Icons/TimelineClipBG.png
  artifactKey: Guid(d44fc8b11425e0043aa7c20a301ce707) Importer(815301076,1909f56bfc062723c751e8b465ee728b)
Start importing Packages/com.unity.timeline/Editor/StyleSheets/Images/Icons/TimelineClipBG.png using Guid(d44fc8b11425e0043aa7c20a301ce707) Importer(815301076,1909f56bfc062723c751e8b465ee728b)  -> (artifact id: '51b4196c3eecc2ed8593159d44f8fb61') in 0.024445 seconds 
========================================================================
Received Prepare
Registering precompiled user dll's ...
Registered in 0.007134 seconds.
Begin MonoManager ReloadAssembly
Symbol file LoadedFromMemory doesn't match image C:\Users\90538\Desktop\GithubProjects\GamblerIdle\Library\PackageCache\com.unity.visualscripting@1.8.0\Editor\VisualScripting.Core\Dependencies\YamlDotNet\Unity.VisualScripting.YamlDotNet.dll
Symbol file LoadedFromMemory doesn't match image C:\Users\90538\Desktop\GithubProjects\GamblerIdle\Library\PackageCache\com.unity.visualscripting@1.8.0\Editor\VisualScripting.Core\Dependencies\DotNetZip\Unity.VisualScripting.IonicZip.dll
Native extension for WindowsStandalone target not found
Native extension for Android target not found
Refreshing native plugins compatible for Editor in 0.91 ms, found 3 plugins.
Preloading 0 native plugins for Editor in 0.00 ms.
Mono: successfully reloaded assembly
- Completed reload, in  1.228 seconds
Domain Reload Profiling:
	ReloadAssembly (1229ms)
		BeginReloadAssembly (150ms)
			ExecutionOrderSort (0ms)
			DisableScriptedObjects (5ms)
			BackupInstance (0ms)
			ReleaseScriptingObjects (0ms)
			CreateAndSetChildDomain (47ms)
		EndReloadAssembly (951ms)
			LoadAssemblies (95ms)
			RebuildTransferFunctionScriptingTraits (0ms)
			SetupTypeCache (374ms)
			ReleaseScriptCaches (3ms)
			RebuildScriptCaches (69ms)
			SetupLoadedEditorAssemblies (333ms)
				LogAssemblyErrors (0ms)
				InitializePlatformSupportModulesInManaged (31ms)
				SetLoadedEditorAssemblies (1ms)
				RefreshPlugins (1ms)
				BeforeProcessingInitializeOnLoad (69ms)
				ProcessInitializeOnLoadAttributes (203ms)
				ProcessInitializeOnLoadMethodAttributes (22ms)
				AfterProcessingInitializeOnLoad (7ms)
				EditorAssembliesLoaded (0ms)
			ExecutionOrderSort2 (0ms)
			AwakeInstancesAfterBackupRestoration (9ms)
Platform modules already initialized, skipping
Refreshing native plugins compatible for Editor in 1.75 ms, found 3 plugins.
Preloading 0 native plugins for Editor in 0.00 ms.
Unloading 3891 Unused Serialized files (Serialized files now loaded: 0)
Unloading 22 unused Assets / (24.8 KB). Loaded Objects now: 4468.
Memory consumption went from 150.0 MB to 150.0 MB.
Total: 2.264100 ms (FindLiveObjects: 0.316400 ms CreateObjectMapping: 0.114400 ms MarkObjects: 1.810400 ms  DeleteObjects: 0.021800 ms)

AssetImportParameters requested are different than current active one (requested -> active):
  custom:video-decoder-ogg-theora: a1e56fd34408186e4bbccfd4996cb3dc -> 
  custom:container-muxer-webm: aa71ff27fc2769a1b78a27578f13a17b -> 
  custom:container-demuxer-webm: 4f35f7cbe854078d1ac9338744f61a02 -> 
  custom:video-encoder-webm-vp8: eb34c28f22e8b96e1ab97ce403110664 -> 
  custom:audio-encoder-webm-vorbis: bf7c407c2cedff20999df2af8eb42d56 -> 
  custom:framework-win-MediaFoundation: 216162199b28c13a410421893ffa2e32 -> 
  custom:container-demuxer-ogg: 62fdf1f143b41e24485cea50d1cbac27 -> 
  custom:video-decoder-webm-vp8: 9c59270c3fd7afecdb556c50c9e8de78 -> 
  custom:audio-decoder-ogg-vorbis: bf7c407c2cedff20999df2af8eb42d56 -> 
Editor requested this worker to shutdown with reason: Scaling down because of idle timeout
AssetImportWorker is now disconnected from the server
Process exiting
Exiting without the bug reporter. Application will terminate with return code 0