Using pre-set license
Built from '2021.3/staging' branch; Version is '2021.3.25f1 (68ef2c4f8861) revision 6876972'; Using compiler version '192829333'; Build Type 'Release'
OS: 'Windows 10  (10.0.19045) 64bit Enterprise' Language: 'en' Physical Memory: 32547 MB
BatchMode: 1, IsHumanControllingUs: 0, StartBugReporterOnCrash: 0, Is64bit: 1, IsPro: 1

COMMAND LINE ARGUMENTS:
C:\Program Files\Unity 2021.3.25f1\Editor\Unity.exe
-adb2
-batchMode
-noUpm
-name
AssetImportWorker4
-projectPath
C:/Users/90538/Desktop/GithubProjects/GamblerIdle
-logFile
Logs/AssetImportWorker4.log
-srvPort
52378
Successfully changed project path to: C:/Users/90538/Desktop/GithubProjects/GamblerIdle
C:/Users/90538/Desktop/GithubProjects/GamblerIdle
[UnityMemory] Configuration Parameters - Can be set up in boot.config
    "memorysetup-bucket-allocator-granularity=16"
    "memorysetup-bucket-allocator-bucket-count=8"
    "memorysetup-bucket-allocator-block-size=33554432"
    "memorysetup-bucket-allocator-block-count=8"
    "memorysetup-main-allocator-block-size=16777216"
    "memorysetup-thread-allocator-block-size=16777216"
    "memorysetup-gfx-main-allocator-block-size=16777216"
    "memorysetup-gfx-thread-allocator-block-size=16777216"
    "memorysetup-cache-allocator-block-size=4194304"
    "memorysetup-typetree-allocator-block-size=2097152"
    "memorysetup-profiler-bucket-allocator-granularity=16"
    "memorysetup-profiler-bucket-allocator-bucket-count=8"
    "memorysetup-profiler-bucket-allocator-block-size=33554432"
    "memorysetup-profiler-bucket-allocator-block-count=8"
    "memorysetup-profiler-allocator-block-size=16777216"
    "memorysetup-profiler-editor-allocator-block-size=1048576"
    "memorysetup-temp-allocator-size-main=16777216"
    "memorysetup-job-temp-allocator-block-size=2097152"
    "memorysetup-job-temp-allocator-block-size-background=1048576"
    "memorysetup-job-temp-allocator-reduction-small-platforms=262144"
    "memorysetup-temp-allocator-size-background-worker=32768"
    "memorysetup-temp-allocator-size-job-worker=262144"
    "memorysetup-temp-allocator-size-preload-manager=33554432"
    "memorysetup-temp-allocator-size-nav-mesh-worker=65536"
    "memorysetup-temp-allocator-size-audio-worker=65536"
    "memorysetup-temp-allocator-size-cloud-worker=32768"
    "memorysetup-temp-allocator-size-gi-baking-worker=262144"
    "memorysetup-temp-allocator-size-gfx=262144"
Player connection [9852] Host "[IP] 192.168.0.101 [Port] 0 [Flags] 2 [Guid] 1347048514 [EditorId] 1347048514 [Version] 1048832 [Id] WindowsEditor(7,DESKTOP-84GBAGC) [Debug] 1 [PackageName] WindowsEditor [ProjectName] Editor" joined multi-casting on [225.0.0.222:54997]...

Player connection [9852] Host "[IP] 192.168.0.101 [Port] 0 [Flags] 2 [Guid] 1347048514 [EditorId] 1347048514 [Version] 1048832 [Id] WindowsEditor(7,DESKTOP-84GBAGC) [Debug] 1 [PackageName] WindowsEditor [ProjectName] Editor" joined alternative multi-casting on [225.0.0.222:34997]...

Refreshing native plugins compatible for Editor in 106.44 ms, found 3 plugins.
Preloading 0 native plugins for Editor in 0.00 ms.
Initialize engine version: 2021.3.25f1 (68ef2c4f8861)
[Subsystems] Discovering subsystems at path C:/Program Files/Unity 2021.3.25f1/Editor/Data/Resources/UnitySubsystems
[Subsystems] Discovering subsystems at path C:/Users/90538/Desktop/GithubProjects/GamblerIdle/Assets
GfxDevice: creating device client; threaded=0; jobified=0
Direct3D:
    Version:  Direct3D 11.0 [level 11.1]
    Renderer: NVIDIA GeForce RTX 3050 Ti Laptop GPU (ID=0x25a0)
    Vendor:   NVIDIA
    VRAM:     3990 MB
    Driver:   31.0.15.1748
Initialize mono
Mono path[0] = 'C:/Program Files/Unity 2021.3.25f1/Editor/Data/Managed'
Mono path[1] = 'C:/Program Files/Unity 2021.3.25f1/Editor/Data/MonoBleedingEdge/lib/mono/unityjit-win32'
Mono config path = 'C:/Program Files/Unity 2021.3.25f1/Editor/Data/MonoBleedingEdge/etc'
Using monoOptions --debugger-agent=transport=dt_socket,embedding=1,server=y,suspend=n,address=127.0.0.1:56232
Begin MonoManager ReloadAssembly
Registering precompiled unity dll's ...
Register platform support module: C:/Program Files/Unity 2021.3.25f1/Editor/Data/PlaybackEngines/AndroidPlayer/UnityEditor.Android.Extensions.dll
Register platform support module: C:/Program Files/Unity 2021.3.25f1/Editor/Data/PlaybackEngines/WindowsStandaloneSupport/UnityEditor.WindowsStandalone.Extensions.dll
Registered in 0.006634 seconds.
Native extension for WindowsStandalone target not found
Native extension for Android target not found
Android Extension - Scanning For ADB Devices 179 ms
Refreshing native plugins compatible for Editor in 100.91 ms, found 3 plugins.
Preloading 0 native plugins for Editor in 0.00 ms.
Mono: successfully reloaded assembly
- Completed reload, in  0.895 seconds
Domain Reload Profiling:
	ReloadAssembly (895ms)
		BeginReloadAssembly (62ms)
			ExecutionOrderSort (0ms)
			DisableScriptedObjects (0ms)
			BackupInstance (0ms)
			ReleaseScriptingObjects (0ms)
			CreateAndSetChildDomain (1ms)
		EndReloadAssembly (712ms)
			LoadAssemblies (61ms)
			RebuildTransferFunctionScriptingTraits (0ms)
			SetupTypeCache (119ms)
			ReleaseScriptCaches (0ms)
			RebuildScriptCaches (30ms)
			SetupLoadedEditorAssemblies (512ms)
				LogAssemblyErrors (0ms)
				InitializePlatformSupportModulesInManaged (270ms)
				SetLoadedEditorAssemblies (0ms)
				RefreshPlugins (101ms)
				BeforeProcessingInitializeOnLoad (1ms)
				ProcessInitializeOnLoadAttributes (97ms)
				ProcessInitializeOnLoadMethodAttributes (42ms)
				AfterProcessingInitializeOnLoad (0ms)
				EditorAssembliesLoaded (0ms)
			ExecutionOrderSort2 (0ms)
			AwakeInstancesAfterBackupRestoration (0ms)
Platform modules already initialized, skipping
Registering precompiled user dll's ...
Registered in 0.007184 seconds.
Begin MonoManager ReloadAssembly
Symbol file LoadedFromMemory doesn't match image C:\Users\90538\Desktop\GithubProjects\GamblerIdle\Library\PackageCache\com.unity.visualscripting@1.8.0\Editor\VisualScripting.Core\Dependencies\YamlDotNet\Unity.VisualScripting.YamlDotNet.dll
Symbol file LoadedFromMemory doesn't match image C:\Users\90538\Desktop\GithubProjects\GamblerIdle\Library\PackageCache\com.unity.visualscripting@1.8.0\Editor\VisualScripting.Core\Dependencies\DotNetZip\Unity.VisualScripting.IonicZip.dll
Native extension for WindowsStandalone target not found
Native extension for Android target not found
Refreshing native plugins compatible for Editor in 1.11 ms, found 3 plugins.
Preloading 0 native plugins for Editor in 0.00 ms.
Mono: successfully reloaded assembly
- Completed reload, in  1.133 seconds
Domain Reload Profiling:
	ReloadAssembly (1134ms)
		BeginReloadAssembly (107ms)
			ExecutionOrderSort (0ms)
			DisableScriptedObjects (6ms)
			BackupInstance (0ms)
			ReleaseScriptingObjects (0ms)
			CreateAndSetChildDomain (21ms)
		EndReloadAssembly (919ms)
			LoadAssemblies (74ms)
			RebuildTransferFunctionScriptingTraits (0ms)
			SetupTypeCache (324ms)
			ReleaseScriptCaches (1ms)
			RebuildScriptCaches (68ms)
			SetupLoadedEditorAssemblies (404ms)
				LogAssemblyErrors (0ms)
				InitializePlatformSupportModulesInManaged (21ms)
				SetLoadedEditorAssemblies (0ms)
				RefreshPlugins (1ms)
				BeforeProcessingInitializeOnLoad (100ms)
				ProcessInitializeOnLoadAttributes (253ms)
				ProcessInitializeOnLoadMethodAttributes (22ms)
				AfterProcessingInitializeOnLoad (7ms)
				EditorAssembliesLoaded (0ms)
			ExecutionOrderSort2 (0ms)
			AwakeInstancesAfterBackupRestoration (5ms)
Platform modules already initialized, skipping
========================================================================
Worker process is ready to serve import requests
Launched and connected shader compiler UnityShaderCompiler.exe after 0.03 seconds
Refreshing native plugins compatible for Editor in 0.71 ms, found 3 plugins.
Preloading 0 native plugins for Editor in 0.00 ms.
Unloading 4064 Unused Serialized files (Serialized files now loaded: 0)
Unloading 42 unused Assets / (357.3 KB). Loaded Objects now: 4530.
Memory consumption went from 144.4 MB to 144.1 MB.
Total: 2.616100 ms (FindLiveObjects: 0.261400 ms CreateObjectMapping: 0.129000 ms MarkObjects: 2.138800 ms  DeleteObjects: 0.086000 ms)

AssetImportParameters requested are different than current active one (requested -> active):
  custom:video-decoder-ogg-theora: a1e56fd34408186e4bbccfd4996cb3dc -> 
  custom:container-muxer-webm: aa71ff27fc2769a1b78a27578f13a17b -> 
  custom:container-demuxer-webm: 4f35f7cbe854078d1ac9338744f61a02 -> 
  custom:video-encoder-webm-vp8: eb34c28f22e8b96e1ab97ce403110664 -> 
  custom:audio-encoder-webm-vorbis: bf7c407c2cedff20999df2af8eb42d56 -> 
  custom:framework-win-MediaFoundation: 216162199b28c13a410421893ffa2e32 -> 
  custom:container-demuxer-ogg: 62fdf1f143b41e24485cea50d1cbac27 -> 
  custom:video-decoder-webm-vp8: 9c59270c3fd7afecdb556c50c9e8de78 -> 
  custom:audio-decoder-ogg-vorbis: bf7c407c2cedff20999df2af8eb42d56 -> 
========================================================================
Received Import Request.
  Time since last request: 2848.292709 seconds.
  path: Assets/Scripts/Interactions
  artifactKey: Guid(d7a4f54472aa55e4bbab624e53cb6854) Importer(815301076,1909f56bfc062723c751e8b465ee728b)
Start importing Assets/Scripts/Interactions using Guid(d7a4f54472aa55e4bbab624e53cb6854) Importer(815301076,1909f56bfc062723c751e8b465ee728b)  -> (artifact id: '71a207a45e9eaa2383b194d32609aea6') in 0.013710 seconds 
========================================================================
Received Prepare
Registering precompiled user dll's ...
Registered in 0.006244 seconds.
Begin MonoManager ReloadAssembly
Symbol file LoadedFromMemory doesn't match image C:\Users\90538\Desktop\GithubProjects\GamblerIdle\Library\PackageCache\com.unity.visualscripting@1.8.0\Editor\VisualScripting.Core\Dependencies\YamlDotNet\Unity.VisualScripting.YamlDotNet.dll
Symbol file LoadedFromMemory doesn't match image C:\Users\90538\Desktop\GithubProjects\GamblerIdle\Library\PackageCache\com.unity.visualscripting@1.8.0\Editor\VisualScripting.Core\Dependencies\DotNetZip\Unity.VisualScripting.IonicZip.dll
Native extension for WindowsStandalone target not found
Native extension for Android target not found
Refreshing native plugins compatible for Editor in 1.01 ms, found 3 plugins.
Preloading 0 native plugins for Editor in 0.00 ms.
Mono: successfully reloaded assembly
- Completed reload, in  1.045 seconds
Domain Reload Profiling:
	ReloadAssembly (1046ms)
		BeginReloadAssembly (126ms)
			ExecutionOrderSort (0ms)
			DisableScriptedObjects (4ms)
			BackupInstance (0ms)
			ReleaseScriptingObjects (0ms)
			CreateAndSetChildDomain (34ms)
		EndReloadAssembly (843ms)
			LoadAssemblies (78ms)
			RebuildTransferFunctionScriptingTraits (0ms)
			SetupTypeCache (260ms)
			ReleaseScriptCaches (2ms)
			RebuildScriptCaches (44ms)
			SetupLoadedEditorAssemblies (419ms)
				LogAssemblyErrors (0ms)
				InitializePlatformSupportModulesInManaged (20ms)
				SetLoadedEditorAssemblies (0ms)
				RefreshPlugins (1ms)
				BeforeProcessingInitializeOnLoad (90ms)
				ProcessInitializeOnLoadAttributes (274ms)
				ProcessInitializeOnLoadMethodAttributes (27ms)
				AfterProcessingInitializeOnLoad (6ms)
				EditorAssembliesLoaded (0ms)
			ExecutionOrderSort2 (0ms)
			AwakeInstancesAfterBackupRestoration (5ms)
Platform modules already initialized, skipping
Refreshing native plugins compatible for Editor in 1.71 ms, found 3 plugins.
Preloading 0 native plugins for Editor in 0.00 ms.
Unloading 4053 Unused Serialized files (Serialized files now loaded: 0)
Unloading 23 unused Assets / (95.5 KB). Loaded Objects now: 4545.
Memory consumption went from 142.8 MB to 142.7 MB.
Total: 6.940900 ms (FindLiveObjects: 0.435400 ms CreateObjectMapping: 0.217500 ms MarkObjects: 6.208300 ms  DeleteObjects: 0.077600 ms)

AssetImportParameters requested are different than current active one (requested -> active):
  custom:video-decoder-ogg-theora: a1e56fd34408186e4bbccfd4996cb3dc -> 
  custom:container-muxer-webm: aa71ff27fc2769a1b78a27578f13a17b -> 
  custom:container-demuxer-webm: 4f35f7cbe854078d1ac9338744f61a02 -> 
  custom:video-encoder-webm-vp8: eb34c28f22e8b96e1ab97ce403110664 -> 
  custom:audio-encoder-webm-vorbis: bf7c407c2cedff20999df2af8eb42d56 -> 
  custom:framework-win-MediaFoundation: 216162199b28c13a410421893ffa2e32 -> 
  custom:container-demuxer-ogg: 62fdf1f143b41e24485cea50d1cbac27 -> 
  custom:video-decoder-webm-vp8: 9c59270c3fd7afecdb556c50c9e8de78 -> 
  custom:audio-decoder-ogg-vorbis: bf7c407c2cedff20999df2af8eb42d56 -> 
========================================================================
Received Import Request.
  Time since last request: 11.796819 seconds.
  path: Assets/Scripts/Interactions/Diamond
  artifactKey: Guid(beae5c4c7f0143b44bd835be719fbdaa) Importer(815301076,1909f56bfc062723c751e8b465ee728b)
Start importing Assets/Scripts/Interactions/Diamond using Guid(beae5c4c7f0143b44bd835be719fbdaa) Importer(815301076,1909f56bfc062723c751e8b465ee728b)  -> (artifact id: '16887c9ca6699b15654ae4a9115bbba3') in 0.016006 seconds 
========================================================================
Received Import Request.
  Time since last request: 10.035894 seconds.
  path: Assets/Scripts/Interactions/Diamond/DiamondInteraction.cs
  artifactKey: Guid(46f4908ef0e0dce4c90e5c2c962b216d) Importer(815301076,1909f56bfc062723c751e8b465ee728b)
Start importing Assets/Scripts/Interactions/Diamond/DiamondInteraction.cs using Guid(46f4908ef0e0dce4c90e5c2c962b216d) Importer(815301076,1909f56bfc062723c751e8b465ee728b)  -> (artifact id: '1c221a50e266ea88ac3ac015c53f5673') in 0.023190 seconds 
========================================================================
Received Prepare
Registering precompiled user dll's ...
Registered in 0.006485 seconds.
Begin MonoManager ReloadAssembly
Symbol file LoadedFromMemory doesn't match image C:\Users\90538\Desktop\GithubProjects\GamblerIdle\Library\PackageCache\com.unity.visualscripting@1.8.0\Editor\VisualScripting.Core\Dependencies\YamlDotNet\Unity.VisualScripting.YamlDotNet.dll
Symbol file LoadedFromMemory doesn't match image C:\Users\90538\Desktop\GithubProjects\GamblerIdle\Library\PackageCache\com.unity.visualscripting@1.8.0\Editor\VisualScripting.Core\Dependencies\DotNetZip\Unity.VisualScripting.IonicZip.dll
Native extension for WindowsStandalone target not found
Native extension for Android target not found
Refreshing native plugins compatible for Editor in 1.03 ms, found 3 plugins.
Preloading 0 native plugins for Editor in 0.00 ms.
Mono: successfully reloaded assembly
- Completed reload, in  1.032 seconds
Domain Reload Profiling:
	ReloadAssembly (1033ms)
		BeginReloadAssembly (139ms)
			ExecutionOrderSort (0ms)
			DisableScriptedObjects (5ms)
			BackupInstance (0ms)
			ReleaseScriptingObjects (0ms)
			CreateAndSetChildDomain (45ms)
		EndReloadAssembly (795ms)
			LoadAssemblies (77ms)
			RebuildTransferFunctionScriptingTraits (0ms)
			SetupTypeCache (255ms)
			ReleaseScriptCaches (1ms)
			RebuildScriptCaches (124ms)
			SetupLoadedEditorAssemblies (289ms)
				LogAssemblyErrors (0ms)
				InitializePlatformSupportModulesInManaged (21ms)
				SetLoadedEditorAssemblies (0ms)
				RefreshPlugins (1ms)
				BeforeProcessingInitializeOnLoad (61ms)
				ProcessInitializeOnLoadAttributes (179ms)
				ProcessInitializeOnLoadMethodAttributes (20ms)
				AfterProcessingInitializeOnLoad (7ms)
				EditorAssembliesLoaded (0ms)
			ExecutionOrderSort2 (0ms)
			AwakeInstancesAfterBackupRestoration (5ms)
Platform modules already initialized, skipping
Refreshing native plugins compatible for Editor in 2.16 ms, found 3 plugins.
Preloading 0 native plugins for Editor in 0.00 ms.
Unloading 4054 Unused Serialized files (Serialized files now loaded: 0)
Unloading 23 unused Assets / (95.5 KB). Loaded Objects now: 4561.
Memory consumption went from 142.9 MB to 142.8 MB.
Total: 3.414200 ms (FindLiveObjects: 0.291500 ms CreateObjectMapping: 0.254100 ms MarkObjects: 2.820400 ms  DeleteObjects: 0.046700 ms)

AssetImportParameters requested are different than current active one (requested -> active):
  custom:video-decoder-ogg-theora: a1e56fd34408186e4bbccfd4996cb3dc -> 
  custom:container-muxer-webm: aa71ff27fc2769a1b78a27578f13a17b -> 
  custom:container-demuxer-webm: 4f35f7cbe854078d1ac9338744f61a02 -> 
  custom:video-encoder-webm-vp8: eb34c28f22e8b96e1ab97ce403110664 -> 
  custom:audio-encoder-webm-vorbis: bf7c407c2cedff20999df2af8eb42d56 -> 
  custom:framework-win-MediaFoundation: 216162199b28c13a410421893ffa2e32 -> 
  custom:container-demuxer-ogg: 62fdf1f143b41e24485cea50d1cbac27 -> 
  custom:video-decoder-webm-vp8: 9c59270c3fd7afecdb556c50c9e8de78 -> 
  custom:audio-decoder-ogg-vorbis: bf7c407c2cedff20999df2af8eb42d56 -> 
========================================================================
Received Prepare
Registering precompiled user dll's ...
Registered in 0.006605 seconds.
Begin MonoManager ReloadAssembly
Symbol file LoadedFromMemory doesn't match image C:\Users\90538\Desktop\GithubProjects\GamblerIdle\Library\PackageCache\com.unity.visualscripting@1.8.0\Editor\VisualScripting.Core\Dependencies\YamlDotNet\Unity.VisualScripting.YamlDotNet.dll
Symbol file LoadedFromMemory doesn't match image C:\Users\90538\Desktop\GithubProjects\GamblerIdle\Library\PackageCache\com.unity.visualscripting@1.8.0\Editor\VisualScripting.Core\Dependencies\DotNetZip\Unity.VisualScripting.IonicZip.dll
Native extension for WindowsStandalone target not found
Native extension for Android target not found
Refreshing native plugins compatible for Editor in 0.96 ms, found 3 plugins.
Preloading 0 native plugins for Editor in 0.00 ms.
Mono: successfully reloaded assembly
- Completed reload, in  0.953 seconds
Domain Reload Profiling:
	ReloadAssembly (954ms)
		BeginReloadAssembly (138ms)
			ExecutionOrderSort (0ms)
			DisableScriptedObjects (5ms)
			BackupInstance (0ms)
			ReleaseScriptingObjects (0ms)
			CreateAndSetChildDomain (39ms)
		EndReloadAssembly (703ms)
			LoadAssemblies (86ms)
			RebuildTransferFunctionScriptingTraits (0ms)
			SetupTypeCache (255ms)
			ReleaseScriptCaches (1ms)
			RebuildScriptCaches (37ms)
			SetupLoadedEditorAssemblies (290ms)
				LogAssemblyErrors (0ms)
				InitializePlatformSupportModulesInManaged (21ms)
				SetLoadedEditorAssemblies (0ms)
				RefreshPlugins (1ms)
				BeforeProcessingInitializeOnLoad (71ms)
				ProcessInitializeOnLoadAttributes (179ms)
				ProcessInitializeOnLoadMethodAttributes (14ms)
				AfterProcessingInitializeOnLoad (4ms)
				EditorAssembliesLoaded (0ms)
			ExecutionOrderSort2 (0ms)
			AwakeInstancesAfterBackupRestoration (4ms)
Platform modules already initialized, skipping
Refreshing native plugins compatible for Editor in 1.46 ms, found 3 plugins.
Preloading 0 native plugins for Editor in 0.00 ms.
Unloading 4054 Unused Serialized files (Serialized files now loaded: 0)
Unloading 23 unused Assets / (95.5 KB). Loaded Objects now: 4576.
Memory consumption went from 142.9 MB to 142.8 MB.
Total: 2.333200 ms (FindLiveObjects: 0.242000 ms CreateObjectMapping: 0.096100 ms MarkObjects: 1.952900 ms  DeleteObjects: 0.041500 ms)

AssetImportParameters requested are different than current active one (requested -> active):
  custom:video-decoder-ogg-theora: a1e56fd34408186e4bbccfd4996cb3dc -> 
  custom:container-muxer-webm: aa71ff27fc2769a1b78a27578f13a17b -> 
  custom:container-demuxer-webm: 4f35f7cbe854078d1ac9338744f61a02 -> 
  custom:video-encoder-webm-vp8: eb34c28f22e8b96e1ab97ce403110664 -> 
  custom:audio-encoder-webm-vorbis: bf7c407c2cedff20999df2af8eb42d56 -> 
  custom:framework-win-MediaFoundation: 216162199b28c13a410421893ffa2e32 -> 
  custom:container-demuxer-ogg: 62fdf1f143b41e24485cea50d1cbac27 -> 
  custom:video-decoder-webm-vp8: 9c59270c3fd7afecdb556c50c9e8de78 -> 
  custom:audio-decoder-ogg-vorbis: bf7c407c2cedff20999df2af8eb42d56 -> 
========================================================================
Received Prepare
Registering precompiled user dll's ...
Registered in 0.004446 seconds.
Begin MonoManager ReloadAssembly
Symbol file LoadedFromMemory doesn't match image C:\Users\90538\Desktop\GithubProjects\GamblerIdle\Library\PackageCache\com.unity.visualscripting@1.8.0\Editor\VisualScripting.Core\Dependencies\YamlDotNet\Unity.VisualScripting.YamlDotNet.dll
Symbol file LoadedFromMemory doesn't match image C:\Users\90538\Desktop\GithubProjects\GamblerIdle\Library\PackageCache\com.unity.visualscripting@1.8.0\Editor\VisualScripting.Core\Dependencies\DotNetZip\Unity.VisualScripting.IonicZip.dll
Native extension for WindowsStandalone target not found
Native extension for Android target not found
Refreshing native plugins compatible for Editor in 0.56 ms, found 3 plugins.
Preloading 0 native plugins for Editor in 0.00 ms.
Mono: successfully reloaded assembly
- Completed reload, in  1.053 seconds
Domain Reload Profiling:
	ReloadAssembly (1054ms)
		BeginReloadAssembly (220ms)
			ExecutionOrderSort (0ms)
			DisableScriptedObjects (9ms)
			BackupInstance (0ms)
			ReleaseScriptingObjects (0ms)
			CreateAndSetChildDomain (39ms)
		EndReloadAssembly (754ms)
			LoadAssemblies (159ms)
			RebuildTransferFunctionScriptingTraits (0ms)
			SetupTypeCache (289ms)
			ReleaseScriptCaches (2ms)
			RebuildScriptCaches (49ms)
			SetupLoadedEditorAssemblies (285ms)
				LogAssemblyErrors (0ms)
				InitializePlatformSupportModulesInManaged (16ms)
				SetLoadedEditorAssemblies (0ms)
				RefreshPlugins (1ms)
				BeforeProcessingInitializeOnLoad (46ms)
				ProcessInitializeOnLoadAttributes (197ms)
				ProcessInitializeOnLoadMethodAttributes (20ms)
				AfterProcessingInitializeOnLoad (6ms)
				EditorAssembliesLoaded (0ms)
			ExecutionOrderSort2 (0ms)
			AwakeInstancesAfterBackupRestoration (5ms)
Platform modules already initialized, skipping
Refreshing native plugins compatible for Editor in 1.59 ms, found 3 plugins.
Preloading 0 native plugins for Editor in 0.00 ms.
Unloading 4054 Unused Serialized files (Serialized files now loaded: 0)
Unloading 23 unused Assets / (95.5 KB). Loaded Objects now: 4591.
Memory consumption went from 142.9 MB to 142.8 MB.
Total: 5.429500 ms (FindLiveObjects: 0.402600 ms CreateObjectMapping: 0.270400 ms MarkObjects: 4.694300 ms  DeleteObjects: 0.060900 ms)

AssetImportParameters requested are different than current active one (requested -> active):
  custom:video-decoder-ogg-theora: a1e56fd34408186e4bbccfd4996cb3dc -> 
  custom:container-muxer-webm: aa71ff27fc2769a1b78a27578f13a17b -> 
  custom:container-demuxer-webm: 4f35f7cbe854078d1ac9338744f61a02 -> 
  custom:video-encoder-webm-vp8: eb34c28f22e8b96e1ab97ce403110664 -> 
  custom:audio-encoder-webm-vorbis: bf7c407c2cedff20999df2af8eb42d56 -> 
  custom:framework-win-MediaFoundation: 216162199b28c13a410421893ffa2e32 -> 
  custom:container-demuxer-ogg: 62fdf1f143b41e24485cea50d1cbac27 -> 
  custom:video-decoder-webm-vp8: 9c59270c3fd7afecdb556c50c9e8de78 -> 
  custom:audio-decoder-ogg-vorbis: bf7c407c2cedff20999df2af8eb42d56 -> 
========================================================================
Received Prepare
Registering precompiled user dll's ...
Registered in 0.005468 seconds.
Begin MonoManager ReloadAssembly
Symbol file LoadedFromMemory doesn't match image C:\Users\90538\Desktop\GithubProjects\GamblerIdle\Library\PackageCache\com.unity.visualscripting@1.8.0\Editor\VisualScripting.Core\Dependencies\YamlDotNet\Unity.VisualScripting.YamlDotNet.dll
Symbol file LoadedFromMemory doesn't match image C:\Users\90538\Desktop\GithubProjects\GamblerIdle\Library\PackageCache\com.unity.visualscripting@1.8.0\Editor\VisualScripting.Core\Dependencies\DotNetZip\Unity.VisualScripting.IonicZip.dll
Native extension for WindowsStandalone target not found
Native extension for Android target not found
Refreshing native plugins compatible for Editor in 0.89 ms, found 3 plugins.
Preloading 0 native plugins for Editor in 0.00 ms.
Mono: successfully reloaded assembly
- Completed reload, in  0.927 seconds
Domain Reload Profiling:
	ReloadAssembly (928ms)
		BeginReloadAssembly (128ms)
			ExecutionOrderSort (0ms)
			DisableScriptedObjects (5ms)
			BackupInstance (0ms)
			ReleaseScriptingObjects (0ms)
			CreateAndSetChildDomain (35ms)
		EndReloadAssembly (717ms)
			LoadAssemblies (78ms)
			RebuildTransferFunctionScriptingTraits (0ms)
			SetupTypeCache (250ms)
			ReleaseScriptCaches (2ms)
			RebuildScriptCaches (37ms)
			SetupLoadedEditorAssemblies (316ms)
				LogAssemblyErrors (0ms)
				InitializePlatformSupportModulesInManaged (20ms)
				SetLoadedEditorAssemblies (0ms)
				RefreshPlugins (1ms)
				BeforeProcessingInitializeOnLoad (68ms)
				ProcessInitializeOnLoadAttributes (200ms)
				ProcessInitializeOnLoadMethodAttributes (20ms)
				AfterProcessingInitializeOnLoad (6ms)
				EditorAssembliesLoaded (0ms)
			ExecutionOrderSort2 (0ms)
			AwakeInstancesAfterBackupRestoration (6ms)
Platform modules already initialized, skipping
Refreshing native plugins compatible for Editor in 1.52 ms, found 3 plugins.
Preloading 0 native plugins for Editor in 0.00 ms.
Unloading 4054 Unused Serialized files (Serialized files now loaded: 0)
Unloading 23 unused Assets / (95.5 KB). Loaded Objects now: 4606.
Memory consumption went from 142.9 MB to 142.8 MB.
Total: 2.625500 ms (FindLiveObjects: 0.228400 ms CreateObjectMapping: 0.124800 ms MarkObjects: 2.228800 ms  DeleteObjects: 0.040400 ms)

AssetImportParameters requested are different than current active one (requested -> active):
  custom:video-decoder-ogg-theora: a1e56fd34408186e4bbccfd4996cb3dc -> 
  custom:container-muxer-webm: aa71ff27fc2769a1b78a27578f13a17b -> 
  custom:container-demuxer-webm: 4f35f7cbe854078d1ac9338744f61a02 -> 
  custom:video-encoder-webm-vp8: eb34c28f22e8b96e1ab97ce403110664 -> 
  custom:audio-encoder-webm-vorbis: bf7c407c2cedff20999df2af8eb42d56 -> 
  custom:framework-win-MediaFoundation: 216162199b28c13a410421893ffa2e32 -> 
  custom:container-demuxer-ogg: 62fdf1f143b41e24485cea50d1cbac27 -> 
  custom:video-decoder-webm-vp8: 9c59270c3fd7afecdb556c50c9e8de78 -> 
  custom:audio-decoder-ogg-vorbis: bf7c407c2cedff20999df2af8eb42d56 -> 
========================================================================
Received Import Request.
  Time since last request: 498.266873 seconds.
  path: Assets/Scripts/Interactions/Stone/StoneInteraction.cs
  artifactKey: Guid(3c3204d28d5c95b4d8be523a9fcd1668) Importer(815301076,1909f56bfc062723c751e8b465ee728b)
Start importing Assets/Scripts/Interactions/Stone/StoneInteraction.cs using Guid(3c3204d28d5c95b4d8be523a9fcd1668) Importer(815301076,1909f56bfc062723c751e8b465ee728b)  -> (artifact id: 'aad2176a81bc8607c228608dfccdd902') in 0.013156 seconds 
========================================================================
Received Prepare
Registering precompiled user dll's ...
Registered in 0.006911 seconds.
Begin MonoManager ReloadAssembly
Symbol file LoadedFromMemory doesn't match image C:\Users\90538\Desktop\GithubProjects\GamblerIdle\Library\PackageCache\com.unity.visualscripting@1.8.0\Editor\VisualScripting.Core\Dependencies\YamlDotNet\Unity.VisualScripting.YamlDotNet.dll
Symbol file LoadedFromMemory doesn't match image C:\Users\90538\Desktop\GithubProjects\GamblerIdle\Library\PackageCache\com.unity.visualscripting@1.8.0\Editor\VisualScripting.Core\Dependencies\DotNetZip\Unity.VisualScripting.IonicZip.dll
Native extension for WindowsStandalone target not found
Native extension for Android target not found
Refreshing native plugins compatible for Editor in 0.84 ms, found 3 plugins.
Preloading 0 native plugins for Editor in 0.00 ms.
Mono: successfully reloaded assembly
- Completed reload, in  0.945 seconds
Domain Reload Profiling:
	ReloadAssembly (946ms)
		BeginReloadAssembly (137ms)
			ExecutionOrderSort (0ms)
			DisableScriptedObjects (5ms)
			BackupInstance (0ms)
			ReleaseScriptingObjects (0ms)
			CreateAndSetChildDomain (39ms)
		EndReloadAssembly (740ms)
			LoadAssemblies (80ms)
			RebuildTransferFunctionScriptingTraits (0ms)
			SetupTypeCache (259ms)
			ReleaseScriptCaches (1ms)
			RebuildScriptCaches (42ms)
			SetupLoadedEditorAssemblies (318ms)
				LogAssemblyErrors (0ms)
				InitializePlatformSupportModulesInManaged (20ms)
				SetLoadedEditorAssemblies (0ms)
				RefreshPlugins (1ms)
				BeforeProcessingInitializeOnLoad (60ms)
				ProcessInitializeOnLoadAttributes (210ms)
				ProcessInitializeOnLoadMethodAttributes (20ms)
				AfterProcessingInitializeOnLoad (7ms)
				EditorAssembliesLoaded (0ms)
			ExecutionOrderSort2 (0ms)
			AwakeInstancesAfterBackupRestoration (5ms)
Platform modules already initialized, skipping
Refreshing native plugins compatible for Editor in 2.11 ms, found 3 plugins.
Preloading 0 native plugins for Editor in 0.00 ms.
Unloading 4054 Unused Serialized files (Serialized files now loaded: 0)
Unloading 23 unused Assets / (95.4 KB). Loaded Objects now: 4621.
Memory consumption went from 142.9 MB to 142.8 MB.
Total: 5.386000 ms (FindLiveObjects: 0.418600 ms CreateObjectMapping: 0.230200 ms MarkObjects: 4.693600 ms  DeleteObjects: 0.042600 ms)

AssetImportParameters requested are different than current active one (requested -> active):
  custom:video-decoder-ogg-theora: a1e56fd34408186e4bbccfd4996cb3dc -> 
  custom:container-muxer-webm: aa71ff27fc2769a1b78a27578f13a17b -> 
  custom:container-demuxer-webm: 4f35f7cbe854078d1ac9338744f61a02 -> 
  custom:video-encoder-webm-vp8: eb34c28f22e8b96e1ab97ce403110664 -> 
  custom:audio-encoder-webm-vorbis: bf7c407c2cedff20999df2af8eb42d56 -> 
  custom:framework-win-MediaFoundation: 216162199b28c13a410421893ffa2e32 -> 
  custom:container-demuxer-ogg: 62fdf1f143b41e24485cea50d1cbac27 -> 
  custom:video-decoder-webm-vp8: 9c59270c3fd7afecdb556c50c9e8de78 -> 
  custom:audio-decoder-ogg-vorbis: bf7c407c2cedff20999df2af8eb42d56 -> 
========================================================================
Received Import Request.
  Time since last request: 163.192918 seconds.
  path: Assets/Art/GUI Mobile Hyper-Casual/Sprites/Emojis PNG/PNG/Set Emojis-assets/1.png
  artifactKey: Guid(ae8a5bdf1b3a4f646b47c8aeebd9d598) Importer(815301076,1909f56bfc062723c751e8b465ee728b)
Start importing Assets/Art/GUI Mobile Hyper-Casual/Sprites/Emojis PNG/PNG/Set Emojis-assets/1.png using Guid(ae8a5bdf1b3a4f646b47c8aeebd9d598) Importer(815301076,1909f56bfc062723c751e8b465ee728b)  -> (artifact id: '2657365c0c742e9d427598dbfb68bb11') in 0.100681 seconds 
========================================================================
Received Import Request.
  Time since last request: 0.000032 seconds.
  path: Assets/Art/GUI Mobile Hyper-Casual/Sprites/Sprites by Menu/In Game-assets/500.png
  artifactKey: Guid(50b81c09f3fbf174fbc902366aabc917) Importer(815301076,1909f56bfc062723c751e8b465ee728b)
Start importing Assets/Art/GUI Mobile Hyper-Casual/Sprites/Sprites by Menu/In Game-assets/500.png using Guid(50b81c09f3fbf174fbc902366aabc917) Importer(815301076,1909f56bfc062723c751e8b465ee728b)  -> (artifact id: '609c3446896147c3e096f741dc0fb47c') in 0.020524 seconds 
========================================================================
Received Import Request.
  Time since last request: 0.000035 seconds.
  path: Assets/Art/GUI Mobile Hyper-Casual/Sprites/Emojis PNG/PNG/Set Emojis-assets/9.png
  artifactKey: Guid(5cd193c075943be488c797a89c2ca24f) Importer(815301076,1909f56bfc062723c751e8b465ee728b)
Start importing Assets/Art/GUI Mobile Hyper-Casual/Sprites/Emojis PNG/PNG/Set Emojis-assets/9.png using Guid(5cd193c075943be488c797a89c2ca24f) Importer(815301076,1909f56bfc062723c751e8b465ee728b)  -> (artifact id: 'bafb2db4e70ee5f6823eba2458f1f5db') in 0.030131 seconds 
========================================================================
Received Import Request.
  Time since last request: 0.000018 seconds.
  path: Assets/Art/GUI Mobile Hyper-Casual/Sprites/Emojis PNG/PNG/Set Emojis-assets/17.png
  artifactKey: Guid(0e78ecc4fde7f5e49bbd1d0531cd5f77) Importer(815301076,1909f56bfc062723c751e8b465ee728b)
Start importing Assets/Art/GUI Mobile Hyper-Casual/Sprites/Emojis PNG/PNG/Set Emojis-assets/17.png using Guid(0e78ecc4fde7f5e49bbd1d0531cd5f77) Importer(815301076,1909f56bfc062723c751e8b465ee728b)  -> (artifact id: '144618eaa7029b7a929d774944403a5c') in 0.030494 seconds 
========================================================================
Received Import Request.
  Time since last request: 0.000018 seconds.
  path: Assets/Art/GUI Mobile Hyper-Casual/Sprites/Emojis PNG/PNG/Set Emojis-assets/6.png
  artifactKey: Guid(fea10c82e2efda148a60abbaa46f5ab0) Importer(815301076,1909f56bfc062723c751e8b465ee728b)
Start importing Assets/Art/GUI Mobile Hyper-Casual/Sprites/Emojis PNG/PNG/Set Emojis-assets/6.png using Guid(fea10c82e2efda148a60abbaa46f5ab0) Importer(815301076,1909f56bfc062723c751e8b465ee728b)  -> (artifact id: '344b031d1faee38e0e45bdd6f7ce7b1c') in 0.029759 seconds 
========================================================================
Received Import Request.
  Time since last request: 0.000019 seconds.
  path: Assets/Art/GUI Mobile Hyper-Casual/Sprites/Sprites by Menu/Win-assets/Background Purple.png
  artifactKey: Guid(e8137ccfd2767aa42809bf354608420e) Importer(815301076,1909f56bfc062723c751e8b465ee728b)
Start importing Assets/Art/GUI Mobile Hyper-Casual/Sprites/Sprites by Menu/Win-assets/Background Purple.png using Guid(e8137ccfd2767aa42809bf354608420e) Importer(815301076,1909f56bfc062723c751e8b465ee728b)  -> (artifact id: 'aeabb456a36b181bee280b58f3dfcf72') in 0.040381 seconds 
========================================================================
Received Import Request.
  Time since last request: 0.000033 seconds.
  path: Assets/Art/GUI Mobile Hyper-Casual/Sprites/Background/Background 4.png
  artifactKey: Guid(d7560b0f336bba7498aa575d232ef81f) Importer(815301076,1909f56bfc062723c751e8b465ee728b)
Start importing Assets/Art/GUI Mobile Hyper-Casual/Sprites/Background/Background 4.png using Guid(d7560b0f336bba7498aa575d232ef81f) Importer(815301076,1909f56bfc062723c751e8b465ee728b)  -> (artifact id: '7f48c29dcedc04ec8e40a79c1bdf0aab') in 0.123668 seconds 
========================================================================
Received Import Request.
  Time since last request: 0.000021 seconds.
  path: Assets/Art/GUI Mobile Hyper-Casual/Sprites/Sprites by Menu/In Game-assets/50c.png
  artifactKey: Guid(40393ec16c78d5b4eb5dcb45abce055e) Importer(815301076,1909f56bfc062723c751e8b465ee728b)
Start importing Assets/Art/GUI Mobile Hyper-Casual/Sprites/Sprites by Menu/In Game-assets/50c.png using Guid(40393ec16c78d5b4eb5dcb45abce055e) Importer(815301076,1909f56bfc062723c751e8b465ee728b)  -> (artifact id: '3e5023d8aee27df1ba402ed2485aa50b') in 0.019113 seconds 
========================================================================
Received Import Request.
  Time since last request: 0.000034 seconds.
  path: Assets/Art/GUI Mobile Hyper-Casual/Sprites/Sprites by Menu/In Game-assets/1000.png
  artifactKey: Guid(dbec6e4932e93d74fab6c3893ca94e9a) Importer(815301076,1909f56bfc062723c751e8b465ee728b)
Start importing Assets/Art/GUI Mobile Hyper-Casual/Sprites/Sprites by Menu/In Game-assets/1000.png using Guid(dbec6e4932e93d74fab6c3893ca94e9a) Importer(815301076,1909f56bfc062723c751e8b465ee728b)  -> (artifact id: '3be9653afcdf2bc9860d3b07e2533099') in 0.023424 seconds 
========================================================================
Received Import Request.
  Time since last request: 0.000018 seconds.
  path: Assets/Art/GUI Mobile Hyper-Casual/Sprites/Sprites by Menu/Home-assets/Background Bar Progress Challenge.png
  artifactKey: Guid(0bbf455189ab5964c9d8601972602d1f) Importer(815301076,1909f56bfc062723c751e8b465ee728b)
Start importing Assets/Art/GUI Mobile Hyper-Casual/Sprites/Sprites by Menu/Home-assets/Background Bar Progress Challenge.png using Guid(0bbf455189ab5964c9d8601972602d1f) Importer(815301076,1909f56bfc062723c751e8b465ee728b)  -> (artifact id: 'd43e1c343b506c2782c312a45c9bd048') in 0.019789 seconds 
========================================================================
Received Import Request.
  Time since last request: 0.000021 seconds.
  path: Assets/Art/GUI Mobile Hyper-Casual/Sprites/Emojis PNG/PNG/Set Emojis-assets/11.png
  artifactKey: Guid(8cacdcbb0fc41d544ac1812f264b2e20) Importer(815301076,1909f56bfc062723c751e8b465ee728b)
Start importing Assets/Art/GUI Mobile Hyper-Casual/Sprites/Emojis PNG/PNG/Set Emojis-assets/11.png using Guid(8cacdcbb0fc41d544ac1812f264b2e20) Importer(815301076,1909f56bfc062723c751e8b465ee728b)  -> (artifact id: 'b2caeb857ff8337b7db4d6567795b87d') in 0.029154 seconds 
========================================================================
Received Import Request.
  Time since last request: 0.000021 seconds.
  path: Assets/Art/GUI Mobile Hyper-Casual/Sprites/Emojis PNG/PNG/Set Emojis-assets/5.png
  artifactKey: Guid(c07cc1c049d14ba479d9eb11e7761d15) Importer(815301076,1909f56bfc062723c751e8b465ee728b)
Start importing Assets/Art/GUI Mobile Hyper-Casual/Sprites/Emojis PNG/PNG/Set Emojis-assets/5.png using Guid(c07cc1c049d14ba479d9eb11e7761d15) Importer(815301076,1909f56bfc062723c751e8b465ee728b)  -> (artifact id: '2c8106b30f312956d9ab49ffb7da4ada') in 0.030358 seconds 
========================================================================
Received Import Request.
  Time since last request: 0.000019 seconds.
  path: Assets/Art/GUI Mobile Hyper-Casual/Sprites/Sprites by Menu/Prize Machine-assets/3.png
  artifactKey: Guid(03fa52ca95deb7a4c8a7379e29e70b9a) Importer(815301076,1909f56bfc062723c751e8b465ee728b)
Start importing Assets/Art/GUI Mobile Hyper-Casual/Sprites/Sprites by Menu/Prize Machine-assets/3.png using Guid(03fa52ca95deb7a4c8a7379e29e70b9a) Importer(815301076,1909f56bfc062723c751e8b465ee728b)  -> (artifact id: 'cd67403f7d736c928105f9190fd65fb4') in 0.025487 seconds 
========================================================================
Received Import Request.
  Time since last request: 0.000020 seconds.
  path: Assets/Art/GUI Mobile Hyper-Casual/Sprites/Emojis PNG/PNG/Set Emojis-assets/8.png
  artifactKey: Guid(69e50719d8f70b74eba8f6ba4e9458aa) Importer(815301076,1909f56bfc062723c751e8b465ee728b)
Start importing Assets/Art/GUI Mobile Hyper-Casual/Sprites/Emojis PNG/PNG/Set Emojis-assets/8.png using Guid(69e50719d8f70b74eba8f6ba4e9458aa) Importer(815301076,1909f56bfc062723c751e8b465ee728b)  -> (artifact id: 'b49cf5f443a9ecbd4373dc22a4a701c3') in 0.032461 seconds 
========================================================================
Received Import Request.
  Time since last request: 0.000018 seconds.
  path: Assets/Art/GUI Mobile Hyper-Casual/Sprites/Emojis PNG/PNG/Set Emojis-assets/29.png
  artifactKey: Guid(ba70c883e1f8ae840958613121565dee) Importer(815301076,1909f56bfc062723c751e8b465ee728b)
Start importing Assets/Art/GUI Mobile Hyper-Casual/Sprites/Emojis PNG/PNG/Set Emojis-assets/29.png using Guid(ba70c883e1f8ae840958613121565dee) Importer(815301076,1909f56bfc062723c751e8b465ee728b)  -> (artifact id: 'b192736d75ecb47f4651c46ee0fa3115') in 0.031325 seconds 
========================================================================
Received Import Request.
  Time since last request: 0.000018 seconds.
  path: Assets/Art/GUI Mobile Hyper-Casual/Sprites/Sprites by Menu/In Game-assets/100c.png
  artifactKey: Guid(bafdcfb8288258542bb1c6643e182b33) Importer(815301076,1909f56bfc062723c751e8b465ee728b)
Start importing Assets/Art/GUI Mobile Hyper-Casual/Sprites/Sprites by Menu/In Game-assets/100c.png using Guid(bafdcfb8288258542bb1c6643e182b33) Importer(815301076,1909f56bfc062723c751e8b465ee728b)  -> (artifact id: '7cf6829cc328ce4f65e2d4ff80b35327') in 0.020236 seconds 
========================================================================
Received Import Request.
  Time since last request: 0.000033 seconds.
  path: Assets/Art/GUI Mobile Hyper-Casual/Sprites/Background/Background 3.png
  artifactKey: Guid(3971118ed82aa1e47baefcf582847ad5) Importer(815301076,1909f56bfc062723c751e8b465ee728b)
Start importing Assets/Art/GUI Mobile Hyper-Casual/Sprites/Background/Background 3.png using Guid(3971118ed82aa1e47baefcf582847ad5) Importer(815301076,1909f56bfc062723c751e8b465ee728b)  -> (artifact id: '41b728d75d732409d2df206107b740ca') in 0.107288 seconds 
========================================================================
Received Import Request.
  Time since last request: 0.000024 seconds.
  path: Assets/Art/GUI Mobile Hyper-Casual/Sprites/Sprites by Menu/In Game-assets/3.png
  artifactKey: Guid(c675899e3780b9f45a9105c6b1c131a5) Importer(815301076,1909f56bfc062723c751e8b465ee728b)
Start importing Assets/Art/GUI Mobile Hyper-Casual/Sprites/Sprites by Menu/In Game-assets/3.png using Guid(c675899e3780b9f45a9105c6b1c131a5) Importer(815301076,1909f56bfc062723c751e8b465ee728b)  -> (artifact id: 'd545733edccdd18a077e29f5603bbbd2') in 0.022890 seconds 
========================================================================
Received Import Request.
  Time since last request: 0.000020 seconds.
  path: Assets/Art/GUI Mobile Hyper-Casual/Sprites/Emojis PNG/PNG/Set Emojis-assets/10.png
  artifactKey: Guid(8c272547439a4d7418b6dc2c51eb352d) Importer(815301076,1909f56bfc062723c751e8b465ee728b)
Start importing Assets/Art/GUI Mobile Hyper-Casual/Sprites/Emojis PNG/PNG/Set Emojis-assets/10.png using Guid(8c272547439a4d7418b6dc2c51eb352d) Importer(815301076,1909f56bfc062723c751e8b465ee728b)  -> (artifact id: '82982f192f6b8824f234afa94dcff486') in 0.031732 seconds 
========================================================================
Received Import Request.
  Time since last request: 0.000021 seconds.
  path: Assets/Art/GUI Mobile Hyper-Casual/Sprites/Additional White Icons/ArrowTop.png
  artifactKey: Guid(a2f93ca782289dd4ea8b43544a2dd720) Importer(815301076,1909f56bfc062723c751e8b465ee728b)
Start importing Assets/Art/GUI Mobile Hyper-Casual/Sprites/Additional White Icons/ArrowTop.png using Guid(a2f93ca782289dd4ea8b43544a2dd720) Importer(815301076,1909f56bfc062723c751e8b465ee728b)  -> (artifact id: '24020439214be093faa07d9c34bbd6c9') in 0.028356 seconds 
========================================================================
Received Import Request.
  Time since last request: 0.000025 seconds.
  path: Assets/Art/GUI Mobile Hyper-Casual/Sprites/Emojis PNG/PNG/Set Emojis-assets/22.png
  artifactKey: Guid(9815a49fde31ce447b9fcfbb768759c5) Importer(815301076,1909f56bfc062723c751e8b465ee728b)
Start importing Assets/Art/GUI Mobile Hyper-Casual/Sprites/Emojis PNG/PNG/Set Emojis-assets/22.png using Guid(9815a49fde31ce447b9fcfbb768759c5) Importer(815301076,1909f56bfc062723c751e8b465ee728b)  -> (artifact id: '4440b3f714c336fbbb89b0833c610523') in 0.030752 seconds 
========================================================================
Received Import Request.
  Time since last request: 0.000033 seconds.
  path: Assets/Art/GUI Mobile Hyper-Casual/Sprites/Sprites by Menu/In Game-assets/10.png
  artifactKey: Guid(c19ccab772ebac34f921875c28d7678f) Importer(815301076,1909f56bfc062723c751e8b465ee728b)
Start importing Assets/Art/GUI Mobile Hyper-Casual/Sprites/Sprites by Menu/In Game-assets/10.png using Guid(c19ccab772ebac34f921875c28d7678f) Importer(815301076,1909f56bfc062723c751e8b465ee728b)  -> (artifact id: 'b10250d18fad2c4a065c160d2c630bad') in 0.019693 seconds 
========================================================================
Received Import Request.
  Time since last request: 0.000022 seconds.
  path: Assets/Art/GUI Mobile Hyper-Casual/Sprites/Sprites by Menu/Win-assets/Background Progress Bar Level Win.png
  artifactKey: Guid(aefd2cdbc6b4f6f4ba37e8c612870f0b) Importer(815301076,1909f56bfc062723c751e8b465ee728b)
Start importing Assets/Art/GUI Mobile Hyper-Casual/Sprites/Sprites by Menu/Win-assets/Background Progress Bar Level Win.png using Guid(aefd2cdbc6b4f6f4ba37e8c612870f0b) Importer(815301076,1909f56bfc062723c751e8b465ee728b)  -> (artifact id: '74468814e5d8fd88221f394729e9e6a1') in 0.027709 seconds 
========================================================================
Received Import Request.
  Time since last request: 0.000022 seconds.
  path: Assets/Art/GUI Mobile Hyper-Casual/Sprites/Sprites by Menu/In Game-assets/200.png
  artifactKey: Guid(d1a82258925cdae438906f35a062c7a7) Importer(815301076,1909f56bfc062723c751e8b465ee728b)
Start importing Assets/Art/GUI Mobile Hyper-Casual/Sprites/Sprites by Menu/In Game-assets/200.png using Guid(d1a82258925cdae438906f35a062c7a7) Importer(815301076,1909f56bfc062723c751e8b465ee728b)  -> (artifact id: '675824968055817f9476bb5d85a993af') in 0.022949 seconds 
========================================================================
Received Import Request.
  Time since last request: 0.000029 seconds.
  path: Assets/Art/GUI Mobile Hyper-Casual/Sprites/Emojis PNG/PNG/Set Emojis-assets/12.png
  artifactKey: Guid(4071c70e9c546ba42b50accba370c1b2) Importer(815301076,1909f56bfc062723c751e8b465ee728b)
Start importing Assets/Art/GUI Mobile Hyper-Casual/Sprites/Emojis PNG/PNG/Set Emojis-assets/12.png using Guid(4071c70e9c546ba42b50accba370c1b2) Importer(815301076,1909f56bfc062723c751e8b465ee728b)  -> (artifact id: '0671306c2fc1f07681925807472ae6cc') in 0.030430 seconds 
========================================================================
Received Import Request.
  Time since last request: 0.000024 seconds.
  path: Assets/Art/Joystick Pack/Sprites/All Axis Backgrounds/AllAxis_Plain_Arrows.png
  artifactKey: Guid(2a1f3cba20f3e11498474a705db12fde) Importer(815301076,1909f56bfc062723c751e8b465ee728b)
Start importing Assets/Art/Joystick Pack/Sprites/All Axis Backgrounds/AllAxis_Plain_Arrows.png using Guid(2a1f3cba20f3e11498474a705db12fde) Importer(815301076,1909f56bfc062723c751e8b465ee728b)  -> (artifact id: '420b4391293dfb8ed888e55676196929') in 0.027913 seconds 
========================================================================
Received Import Request.
  Time since last request: 0.000023 seconds.
  path: Assets/Art/Joystick Pack/Sprites/All Axis Backgrounds/AllAxis_Ridged.png
  artifactKey: Guid(54628aafa20f64b40ae661038ee7abf0) Importer(815301076,1909f56bfc062723c751e8b465ee728b)
Start importing Assets/Art/Joystick Pack/Sprites/All Axis Backgrounds/AllAxis_Ridged.png using Guid(54628aafa20f64b40ae661038ee7abf0) Importer(815301076,1909f56bfc062723c751e8b465ee728b)  -> (artifact id: 'dd6449bbd0fcee6ff67ed035d5c2863b') in 0.029926 seconds 
========================================================================
Received Import Request.
  Time since last request: 0.000027 seconds.
  path: Assets/Art/GUI Mobile Hyper-Casual/Sprites/Sprites by Menu/In Game-assets/Background tuto.png
  artifactKey: Guid(c97273a5e6cc0f245afcbf0afed64adf) Importer(815301076,1909f56bfc062723c751e8b465ee728b)
Start importing Assets/Art/GUI Mobile Hyper-Casual/Sprites/Sprites by Menu/In Game-assets/Background tuto.png using Guid(c97273a5e6cc0f245afcbf0afed64adf) Importer(815301076,1909f56bfc062723c751e8b465ee728b)  -> (artifact id: '0e1e71ad44d95749f1ea181b59173e47') in 0.024458 seconds 
========================================================================
Received Import Request.
  Time since last request: 0.000031 seconds.
  path: Assets/Art/GUI Mobile Hyper-Casual/Sprites/Items PSD + PNG/Coins/Coin/All Coins.png
  artifactKey: Guid(bfd001cbcf9e65746a98c038eb4acb33) Importer(815301076,1909f56bfc062723c751e8b465ee728b)
Start importing Assets/Art/GUI Mobile Hyper-Casual/Sprites/Items PSD + PNG/Coins/Coin/All Coins.png using Guid(bfd001cbcf9e65746a98c038eb4acb33) Importer(815301076,1909f56bfc062723c751e8b465ee728b)  -> (artifact id: 'ec272da27b53747812ccda1a995a0dc5') in 0.030778 seconds 
========================================================================
Received Import Request.
  Time since last request: 0.000032 seconds.
  path: Assets/Art/GUI Mobile Hyper-Casual/Sprites/Additional White Icons/ArrowLeft.png
  artifactKey: Guid(5af9190917698af4db43c30e0a01617e) Importer(815301076,1909f56bfc062723c751e8b465ee728b)
Start importing Assets/Art/GUI Mobile Hyper-Casual/Sprites/Additional White Icons/ArrowLeft.png using Guid(5af9190917698af4db43c30e0a01617e) Importer(815301076,1909f56bfc062723c751e8b465ee728b)  -> (artifact id: 'd0c0445d1a6ff9cf481ae96b774a595a') in 0.025017 seconds 
========================================================================
Received Import Request.
  Time since last request: 0.000033 seconds.
  path: Assets/Art/GUI Mobile Hyper-Casual/Sprites/Sprites by Menu/Win-assets/Background Green.png
  artifactKey: Guid(0e7e23aae9879f6449e04ad82e89627c) Importer(815301076,1909f56bfc062723c751e8b465ee728b)
Start importing Assets/Art/GUI Mobile Hyper-Casual/Sprites/Sprites by Menu/Win-assets/Background Green.png using Guid(0e7e23aae9879f6449e04ad82e89627c) Importer(815301076,1909f56bfc062723c751e8b465ee728b)  -> (artifact id: '746d8348cb786d7931e134bb5e862772') in 0.030241 seconds 
========================================================================
Received Import Request.
  Time since last request: 0.000022 seconds.
  path: Assets/Art/Joystick Pack/Sprites/All Axis Backgrounds/AllAxis_Outline_Arrows.png
  artifactKey: Guid(48c0d4d6bebaa934384b07aa1e2f8184) Importer(815301076,1909f56bfc062723c751e8b465ee728b)
Start importing Assets/Art/Joystick Pack/Sprites/All Axis Backgrounds/AllAxis_Outline_Arrows.png using Guid(48c0d4d6bebaa934384b07aa1e2f8184) Importer(815301076,1909f56bfc062723c751e8b465ee728b)  -> (artifact id: 'f8acdf04de47355dbb8579c09d217d29') in 0.030040 seconds 
========================================================================
Received Import Request.
  Time since last request: 0.000022 seconds.
  path: Assets/Art/GUI Mobile Hyper-Casual/Sprites/Background/Background 2.png
  artifactKey: Guid(80ca872f56e1d374a8d320061f652e8e) Importer(815301076,1909f56bfc062723c751e8b465ee728b)
Start importing Assets/Art/GUI Mobile Hyper-Casual/Sprites/Background/Background 2.png using Guid(80ca872f56e1d374a8d320061f652e8e) Importer(815301076,1909f56bfc062723c751e8b465ee728b)  -> (artifact id: '1af5464aacd80a31112e26674e3adc6b') in 0.107208 seconds 
========================================================================
Received Import Request.
  Time since last request: 0.000021 seconds.
  path: Assets/Art/GUI Mobile Hyper-Casual/Sprites/Sprites by Menu/In Game-assets/20.png
  artifactKey: Guid(f6f35c12c7fe4f449849151e0b35519c) Importer(815301076,1909f56bfc062723c751e8b465ee728b)
Start importing Assets/Art/GUI Mobile Hyper-Casual/Sprites/Sprites by Menu/In Game-assets/20.png using Guid(f6f35c12c7fe4f449849151e0b35519c) Importer(815301076,1909f56bfc062723c751e8b465ee728b)  -> (artifact id: 'bf60bb68cba9e2b1edf1a88a22add723') in 0.019950 seconds 
========================================================================
Received Import Request.
  Time since last request: 0.000036 seconds.
  path: Assets/Art/GUI Mobile Hyper-Casual/Sprites/Emojis PNG/PNG/Set Emojis-assets/21.png
  artifactKey: Guid(4af72c7c63c89564888729d51266af18) Importer(815301076,1909f56bfc062723c751e8b465ee728b)
Start importing Assets/Art/GUI Mobile Hyper-Casual/Sprites/Emojis PNG/PNG/Set Emojis-assets/21.png using Guid(4af72c7c63c89564888729d51266af18) Importer(815301076,1909f56bfc062723c751e8b465ee728b)  -> (artifact id: '1ec87c3aa95c545efe6de9eab2c2a0bb') in 0.030676 seconds 
========================================================================
Received Import Request.
  Time since last request: 0.000018 seconds.
  path: Assets/Art/GUI Mobile Hyper-Casual/Sprites/Additional White Icons/ArrowSimpleLeft.png
  artifactKey: Guid(65e1e5ba93d2d29498d6654b5e6b1b22) Importer(815301076,1909f56bfc062723c751e8b465ee728b)
Start importing Assets/Art/GUI Mobile Hyper-Casual/Sprites/Additional White Icons/ArrowSimpleLeft.png using Guid(65e1e5ba93d2d29498d6654b5e6b1b22) Importer(815301076,1909f56bfc062723c751e8b465ee728b)  -> (artifact id: 'b0d50d535d38598e772f2acf17f14997') in 0.026353 seconds 
========================================================================
Received Import Request.
  Time since last request: 0.000025 seconds.
  path: Assets/Art/GUI Mobile Hyper-Casual/Sprites/Sprites by Menu/Prize Machine-assets/Background Key.png
  artifactKey: Guid(e73ef8fe5a6f64a40bf4fb69f9f1af03) Importer(815301076,1909f56bfc062723c751e8b465ee728b)
Start importing Assets/Art/GUI Mobile Hyper-Casual/Sprites/Sprites by Menu/Prize Machine-assets/Background Key.png using Guid(e73ef8fe5a6f64a40bf4fb69f9f1af03) Importer(815301076,1909f56bfc062723c751e8b465ee728b)  -> (artifact id: '3f1ec8f8056c87dd6d8bfd43b9a4a5e5') in 0.024307 seconds 
========================================================================
Received Import Request.
  Time since last request: 0.000024 seconds.
  path: Assets/Art/GUI Mobile Hyper-Casual/Sprites/Emojis PNG/PNG/Set Emojis-assets/7.png
  artifactKey: Guid(b5804e64dd2cd8745b0c1ba2141e631c) Importer(815301076,1909f56bfc062723c751e8b465ee728b)
Start importing Assets/Art/GUI Mobile Hyper-Casual/Sprites/Emojis PNG/PNG/Set Emojis-assets/7.png using Guid(b5804e64dd2cd8745b0c1ba2141e631c) Importer(815301076,1909f56bfc062723c751e8b465ee728b)  -> (artifact id: 'f56ab8581b52200c8d7980a29c40f93a') in 0.032111 seconds 
========================================================================
Received Import Request.
  Time since last request: 0.000026 seconds.
  path: Assets/Art/GUI Mobile Hyper-Casual/Sprites/Emojis PNG/PNG/Set Emojis-assets/27.png
  artifactKey: Guid(695efc9f83f4a3d4c911ad8e747c272d) Importer(815301076,1909f56bfc062723c751e8b465ee728b)
Start importing Assets/Art/GUI Mobile Hyper-Casual/Sprites/Emojis PNG/PNG/Set Emojis-assets/27.png using Guid(695efc9f83f4a3d4c911ad8e747c272d) Importer(815301076,1909f56bfc062723c751e8b465ee728b)  -> (artifact id: 'c74e234dffb4110e66c61cc992f97f67') in 0.037863 seconds 
========================================================================
Received Import Request.
  Time since last request: 0.000018 seconds.
  path: Assets/Art/GUI Mobile Hyper-Casual/Sprites/Emojis PNG/PNG/Set Emojis-assets/26.png
  artifactKey: Guid(b66df13b3f4d74f45b86266a729c88d0) Importer(815301076,1909f56bfc062723c751e8b465ee728b)
Start importing Assets/Art/GUI Mobile Hyper-Casual/Sprites/Emojis PNG/PNG/Set Emojis-assets/26.png using Guid(b66df13b3f4d74f45b86266a729c88d0) Importer(815301076,1909f56bfc062723c751e8b465ee728b)  -> (artifact id: '43a60818a5784657bed32cfa0ece10b8') in 0.030146 seconds 
========================================================================
Received Import Request.
  Time since last request: 3.333618 seconds.
  path: Assets/Art/GUI Mobile Hyper-Casual/Sprites/Sprites by Menu/Win-assets/Background Win.png
  artifactKey: Guid(42f68f38bdd27cf4182ebe0ea8a40500) Importer(815301076,1909f56bfc062723c751e8b465ee728b)
Start importing Assets/Art/GUI Mobile Hyper-Casual/Sprites/Sprites by Menu/Win-assets/Background Win.png using Guid(42f68f38bdd27cf4182ebe0ea8a40500) Importer(815301076,1909f56bfc062723c751e8b465ee728b)  -> (artifact id: '588a9325121961481a39db749f2720b5') in 0.037611 seconds 
========================================================================
Received Import Request.
  Time since last request: 0.000017 seconds.
  path: Assets/Art/GUI Mobile Hyper-Casual/Sprites/Items PSD + PNG/Bag/Bag/Bag.png
  artifactKey: Guid(a08e78b3d119e61479a79af35f5f1806) Importer(815301076,1909f56bfc062723c751e8b465ee728b)
Start importing Assets/Art/GUI Mobile Hyper-Casual/Sprites/Items PSD + PNG/Bag/Bag/Bag.png using Guid(a08e78b3d119e61479a79af35f5f1806) Importer(815301076,1909f56bfc062723c751e8b465ee728b)  -> (artifact id: '98e30bdcb2796584dfbcd5bf96cd00ba') in 0.080805 seconds 
========================================================================
Received Import Request.
  Time since last request: 0.000029 seconds.
  path: Assets/Art/GUI Mobile Hyper-Casual/Sprites/Sprites by Menu/In Game-assets/Bar Progress in game Blue.png
  artifactKey: Guid(d222cb0073af0314c94f0b969989936d) Importer(815301076,1909f56bfc062723c751e8b465ee728b)
Start importing Assets/Art/GUI Mobile Hyper-Casual/Sprites/Sprites by Menu/In Game-assets/Bar Progress in game Blue.png using Guid(d222cb0073af0314c94f0b969989936d) Importer(815301076,1909f56bfc062723c751e8b465ee728b)  -> (artifact id: '1e2a958dbcdf5ec887a3ae16f8803356') in 0.023523 seconds 
========================================================================
Received Import Request.
  Time since last request: 0.000020 seconds.
  path: Assets/Art/GUI Mobile Hyper-Casual/Sprites/Items PSD + PNG/Badge/Badge Outline.png
  artifactKey: Guid(0239743c8c23b8e46a84fc64f581e800) Importer(815301076,1909f56bfc062723c751e8b465ee728b)
Start importing Assets/Art/GUI Mobile Hyper-Casual/Sprites/Items PSD + PNG/Badge/Badge Outline.png using Guid(0239743c8c23b8e46a84fc64f581e800) Importer(815301076,1909f56bfc062723c751e8b465ee728b)  -> (artifact id: 'ecf5c3e9215bddf9f8ba17485e696c68') in 0.026708 seconds 
========================================================================
Received Import Request.
  Time since last request: 0.468178 seconds.
  path: Assets/Art/GUI Mobile Hyper-Casual/Sprites/Sprites by Menu/In Game-assets/Bar Progress in game Green.png
  artifactKey: Guid(b68c26fc83e8ac643965410660e70bc7) Importer(815301076,1909f56bfc062723c751e8b465ee728b)
Start importing Assets/Art/GUI Mobile Hyper-Casual/Sprites/Sprites by Menu/In Game-assets/Bar Progress in game Green.png using Guid(b68c26fc83e8ac643965410660e70bc7) Importer(815301076,1909f56bfc062723c751e8b465ee728b)  -> (artifact id: 'bf70da45a6e6df81dc9b786cdefe3df6') in 0.030546 seconds 
========================================================================
Received Import Request.
  Time since last request: 0.000020 seconds.
  path: Assets/Art/GUI Mobile Hyper-Casual/Sprites/Sprites by Menu/Buttons-assets/Blue Button Play.png
  artifactKey: Guid(1bc24571541ced84683a9fe5d7589d58) Importer(815301076,1909f56bfc062723c751e8b465ee728b)
Start importing Assets/Art/GUI Mobile Hyper-Casual/Sprites/Sprites by Menu/Buttons-assets/Blue Button Play.png using Guid(1bc24571541ced84683a9fe5d7589d58) Importer(815301076,1909f56bfc062723c751e8b465ee728b)  -> (artifact id: 'b26ad856114a9695fa0dae2bdbe881bf') in 0.019178 seconds 
========================================================================
Received Import Request.
  Time since last request: 0.000025 seconds.
  path: Assets/Art/GUI Mobile Hyper-Casual/Sprites/Items PSD + PNG/Stars/Blue.png
  artifactKey: Guid(b0224d68703dce749ae3e0a66e5ff0a2) Importer(815301076,1909f56bfc062723c751e8b465ee728b)
Start importing Assets/Art/GUI Mobile Hyper-Casual/Sprites/Items PSD + PNG/Stars/Blue.png using Guid(b0224d68703dce749ae3e0a66e5ff0a2) Importer(815301076,1909f56bfc062723c751e8b465ee728b)  -> (artifact id: '9a48ab26ca89f814e31ccbe44624baf6') in 0.030682 seconds 
========================================================================
Received Import Request.
  Time since last request: 0.000023 seconds.
  path: Assets/Art/GUI Mobile Hyper-Casual/Sprites/Sprites by Menu/Buttons-assets/Blue Button Next.png
  artifactKey: Guid(0c6f45571ab60d243a060ab276384af0) Importer(815301076,1909f56bfc062723c751e8b465ee728b)
Start importing Assets/Art/GUI Mobile Hyper-Casual/Sprites/Sprites by Menu/Buttons-assets/Blue Button Next.png using Guid(0c6f45571ab60d243a060ab276384af0) Importer(815301076,1909f56bfc062723c751e8b465ee728b)  -> (artifact id: 'dba09a59b80e6f689ccaa964dd4b15aa') in 0.019706 seconds 
========================================================================
Received Import Request.
  Time since last request: 0.000024 seconds.
  path: Assets/Art/GUI Mobile Hyper-Casual/Sprites/Sprites by Menu/Buttons-assets/Blue Button Open.png
  artifactKey: Guid(12c77e29b093ae3459f9764419477d24) Importer(815301076,1909f56bfc062723c751e8b465ee728b)
Start importing Assets/Art/GUI Mobile Hyper-Casual/Sprites/Sprites by Menu/Buttons-assets/Blue Button Open.png using Guid(12c77e29b093ae3459f9764419477d24) Importer(815301076,1909f56bfc062723c751e8b465ee728b)  -> (artifact id: '656d984954b705af11d4734229e4bbfe') in 0.022943 seconds 
========================================================================
Received Import Request.
  Time since last request: 0.000034 seconds.
  path: Assets/Art/GUI Mobile Hyper-Casual/Sprites/Items PSD + PNG/Skull/Black Skull.png
  artifactKey: Guid(d31fff224b1b8cf4ea1fbd0fd17b0d80) Importer(815301076,1909f56bfc062723c751e8b465ee728b)
Start importing Assets/Art/GUI Mobile Hyper-Casual/Sprites/Items PSD + PNG/Skull/Black Skull.png using Guid(d31fff224b1b8cf4ea1fbd0fd17b0d80) Importer(815301076,1909f56bfc062723c751e8b465ee728b)  -> (artifact id: '09a8ec79475bcce57ef2cb33ae66dec8') in 0.029720 seconds 
========================================================================
Received Import Request.
  Time since last request: 0.000034 seconds.
  path: Assets/Art/GUI Mobile Hyper-Casual/Sprites/Items PSD + PNG/Flag/Blue.png
  artifactKey: Guid(421196d62fd2ef744876c84fcc94a8e3) Importer(815301076,1909f56bfc062723c751e8b465ee728b)
Start importing Assets/Art/GUI Mobile Hyper-Casual/Sprites/Items PSD + PNG/Flag/Blue.png using Guid(421196d62fd2ef744876c84fcc94a8e3) Importer(815301076,1909f56bfc062723c751e8b465ee728b)  -> (artifact id: 'b265e564e4bf6dd63760b368cca72320') in 0.026945 seconds 
========================================================================
Received Import Request.
  Time since last request: 3.011252 seconds.
  path: Assets/Art/GUI Mobile Hyper-Casual/Sprites/Sprites by Menu/Home-assets/Blue Case.png
  artifactKey: Guid(447768aa11732104ea8c407367fe9e62) Importer(815301076,1909f56bfc062723c751e8b465ee728b)
Start importing Assets/Art/GUI Mobile Hyper-Casual/Sprites/Sprites by Menu/Home-assets/Blue Case.png using Guid(447768aa11732104ea8c407367fe9e62) Importer(815301076,1909f56bfc062723c751e8b465ee728b)  -> (artifact id: '4af93eed65d1baabff5c184f40450157') in 0.022243 seconds 
========================================================================
Received Import Request.
  Time since last request: 0.000027 seconds.
  path: Assets/Art/GUI Mobile Hyper-Casual/Sprites/Sprites by Menu/Home-assets/Bouton pub.png
  artifactKey: Guid(ccf259383fe22774ca377ca361679073) Importer(815301076,1909f56bfc062723c751e8b465ee728b)
Start importing Assets/Art/GUI Mobile Hyper-Casual/Sprites/Sprites by Menu/Home-assets/Bouton pub.png using Guid(ccf259383fe22774ca377ca361679073) Importer(815301076,1909f56bfc062723c751e8b465ee728b)  -> (artifact id: 'ac39828160c9c7132656c43f3f601e40') in 0.025700 seconds 
========================================================================
Received Import Request.
  Time since last request: 0.000029 seconds.
  path: Assets/Art/GUI Mobile Hyper-Casual/Sprites/Items PSD + PNG/Bow/Bow.psd
  artifactKey: Guid(c684ec14a352c8e45aa1610ac2a4ab94) Importer(815301076,1909f56bfc062723c751e8b465ee728b)
Start importing Assets/Art/GUI Mobile Hyper-Casual/Sprites/Items PSD + PNG/Bow/Bow.psd using Guid(c684ec14a352c8e45aa1610ac2a4ab94) Importer(815301076,1909f56bfc062723c751e8b465ee728b)  -> (artifact id: 'd6f0e963b441136652181a8bf4db75ff') in 0.033627 seconds 
========================================================================
Received Import Request.
  Time since last request: 0.000022 seconds.
  path: Assets/Art/GUI Mobile Hyper-Casual/Sprites/Items PSD + PNG/Token/Bolt Token.png
  artifactKey: Guid(74ad5d0b40af6de4990be4f57ec5bb60) Importer(815301076,1909f56bfc062723c751e8b465ee728b)
Start importing Assets/Art/GUI Mobile Hyper-Casual/Sprites/Items PSD + PNG/Token/Bolt Token.png using Guid(74ad5d0b40af6de4990be4f57ec5bb60) Importer(815301076,1909f56bfc062723c751e8b465ee728b)  -> (artifact id: '28c26c7c285f5d66f2ea57f232efe5e8') in 0.032848 seconds 
========================================================================
Received Import Request.
  Time since last request: 0.000041 seconds.
  path: Assets/Art/GUI Mobile Hyper-Casual/Sprites/Sprites by Menu/Home-assets/Bonus.png
  artifactKey: Guid(ccad7e4039ada0b40b04704082d76aec) Importer(815301076,1909f56bfc062723c751e8b465ee728b)
Start importing Assets/Art/GUI Mobile Hyper-Casual/Sprites/Sprites by Menu/Home-assets/Bonus.png using Guid(ccad7e4039ada0b40b04704082d76aec) Importer(815301076,1909f56bfc062723c751e8b465ee728b)  -> (artifact id: '916dc3cc949775e04a961ea1c4f0bb85') in 0.023823 seconds 
========================================================================
Received Import Request.
  Time since last request: 0.000052 seconds.
  path: Assets/Art/GUI Mobile Hyper-Casual/Sprites/Items PSD + PNG/Bow/Bow.png
  artifactKey: Guid(2e3756f367e22e54a9ba71625c1681c2) Importer(815301076,1909f56bfc062723c751e8b465ee728b)
Start importing Assets/Art/GUI Mobile Hyper-Casual/Sprites/Items PSD + PNG/Bow/Bow.png using Guid(2e3756f367e22e54a9ba71625c1681c2) Importer(815301076,1909f56bfc062723c751e8b465ee728b)  -> (artifact id: '0e5edb2103d4ee53155a6e43efd8216b') in 0.039024 seconds 
========================================================================
Received Import Request.
  Time since last request: 0.000017 seconds.
  path: Assets/Art/GUI Mobile Hyper-Casual/Sprites/Items PSD + PNG/Badge/Bronze.png
  artifactKey: Guid(1d6a95f2fffecaa419d6845666497eb4) Importer(815301076,1909f56bfc062723c751e8b465ee728b)
Start importing Assets/Art/GUI Mobile Hyper-Casual/Sprites/Items PSD + PNG/Badge/Bronze.png using Guid(1d6a95f2fffecaa419d6845666497eb4) Importer(815301076,1909f56bfc062723c751e8b465ee728b)  -> (artifact id: '41351c7f0b282fcec2e9dd1e6315cfb9') in 0.032796 seconds 
========================================================================
Received Import Request.
  Time since last request: 0.000032 seconds.
  path: Assets/Art/GUI Mobile Hyper-Casual/Sprites/Sprites by Menu/Buttons-assets/Button4.png
  artifactKey: Guid(d1e9bedf2e4ee1f4c8b6911a35a51a6a) Importer(815301076,1909f56bfc062723c751e8b465ee728b)
Start importing Assets/Art/GUI Mobile Hyper-Casual/Sprites/Sprites by Menu/Buttons-assets/Button4.png using Guid(d1e9bedf2e4ee1f4c8b6911a35a51a6a) Importer(815301076,1909f56bfc062723c751e8b465ee728b)  -> (artifact id: '977cb399784f47606704a700bb6b2578') in 0.026982 seconds 
========================================================================
Received Import Request.
  Time since last request: 0.798986 seconds.
  path: Assets/Art/GUI Mobile Hyper-Casual/Sprites/Sprites by Menu/Buttons-assets/Button6.png
  artifactKey: Guid(681f5cfe0b3dcab4487b63a423f78fd3) Importer(815301076,1909f56bfc062723c751e8b465ee728b)
Start importing Assets/Art/GUI Mobile Hyper-Casual/Sprites/Sprites by Menu/Buttons-assets/Button6.png using Guid(681f5cfe0b3dcab4487b63a423f78fd3) Importer(815301076,1909f56bfc062723c751e8b465ee728b)  -> (artifact id: 'fe6b8f57fb5876d9c21ee1f52dca6138') in 0.024794 seconds 
========================================================================
Received Import Request.
  Time since last request: 0.000022 seconds.
  path: Assets/Art/GUI Mobile Hyper-Casual/Sprites/Sprites by Menu/Prize Machine-assets/Case Chest Lock.png
  artifactKey: Guid(935a6df5c719b5b4182de43b9bf3fa05) Importer(815301076,1909f56bfc062723c751e8b465ee728b)
Start importing Assets/Art/GUI Mobile Hyper-Casual/Sprites/Sprites by Menu/Prize Machine-assets/Case Chest Lock.png using Guid(935a6df5c719b5b4182de43b9bf3fa05) Importer(815301076,1909f56bfc062723c751e8b465ee728b)  -> (artifact id: 'd1ec7bad715cc8c1ad5f5bd51e1e9d95') in 0.023690 seconds 
========================================================================
Received Import Request.
  Time since last request: 0.000030 seconds.
  path: Assets/Art/GUI Mobile Hyper-Casual/Sprites/Items PSD + PNG/Chest/Chest.psd
  artifactKey: Guid(8d96f46747b04054baa700fbe722a4c7) Importer(815301076,1909f56bfc062723c751e8b465ee728b)
Start importing Assets/Art/GUI Mobile Hyper-Casual/Sprites/Items PSD + PNG/Chest/Chest.psd using Guid(8d96f46747b04054baa700fbe722a4c7) Importer(815301076,1909f56bfc062723c751e8b465ee728b)  -> (artifact id: 'dda56dd204fe7f8ec4bfe667fb602746') in 0.032944 seconds 
========================================================================
Received Import Request.
  Time since last request: 0.000017 seconds.
  path: Assets/Art/GUI Mobile Hyper-Casual/Sprites/Sprites by Menu/Home-assets/Case Select.png
  artifactKey: Guid(03b62a6533b97bf428f151a5820f3ec4) Importer(815301076,1909f56bfc062723c751e8b465ee728b)
Start importing Assets/Art/GUI Mobile Hyper-Casual/Sprites/Sprites by Menu/Home-assets/Case Select.png using Guid(03b62a6533b97bf428f151a5820f3ec4) Importer(815301076,1909f56bfc062723c751e8b465ee728b)  -> (artifact id: '46b971a2ff8cc49135e768678bbae551') in 0.021914 seconds 
========================================================================
Received Import Request.
  Time since last request: 0.000025 seconds.
  path: Assets/Art/GUI Mobile Hyper-Casual/Sprites/Items PSD + PNG/Chest/Chest 2.png
  artifactKey: Guid(4b0f96fea79f24f49b593e406f0c68fa) Importer(815301076,1909f56bfc062723c751e8b465ee728b)
Start importing Assets/Art/GUI Mobile Hyper-Casual/Sprites/Items PSD + PNG/Chest/Chest 2.png using Guid(4b0f96fea79f24f49b593e406f0c68fa) Importer(815301076,1909f56bfc062723c751e8b465ee728b)  -> (artifact id: 'f00acd171815148ab5b251291f6fc8f8') in 0.042305 seconds 
========================================================================
Received Import Request.
  Time since last request: 0.000024 seconds.
  path: Assets/Art/GUI Mobile Hyper-Casual/Sprites/Items PSD + PNG/Card/Card.psd
  artifactKey: Guid(a9c6c04c2a7ab304fb0c3c7db172c481) Importer(815301076,1909f56bfc062723c751e8b465ee728b)
Start importing Assets/Art/GUI Mobile Hyper-Casual/Sprites/Items PSD + PNG/Card/Card.psd using Guid(a9c6c04c2a7ab304fb0c3c7db172c481) Importer(815301076,1909f56bfc062723c751e8b465ee728b)  -> (artifact id: 'af06e0d1b374c01a3bf5f3b6322a57f7') in 0.035068 seconds 
========================================================================
Received Import Request.
  Time since last request: 0.000031 seconds.
  path: Assets/Art/GUI Mobile Hyper-Casual/Sprites/Items PSD + PNG/Chest/Chest 4.png
  artifactKey: Guid(5554524c5a603b34fad170ac2de1c544) Importer(815301076,1909f56bfc062723c751e8b465ee728b)
Start importing Assets/Art/GUI Mobile Hyper-Casual/Sprites/Items PSD + PNG/Chest/Chest 4.png using Guid(5554524c5a603b34fad170ac2de1c544) Importer(815301076,1909f56bfc062723c751e8b465ee728b)  -> (artifact id: 'ebae47ea620dfb837798d4deb5b627b7') in 0.034318 seconds 
========================================================================
Received Import Request.
  Time since last request: 0.000023 seconds.
  path: Assets/Art/GUI Mobile Hyper-Casual/Sprites/Sprites by Menu/Home-assets/Case Title Background Customize.png
  artifactKey: Guid(3614f313cf34f684b9d4e8d198231616) Importer(815301076,1909f56bfc062723c751e8b465ee728b)
Start importing Assets/Art/GUI Mobile Hyper-Casual/Sprites/Sprites by Menu/Home-assets/Case Title Background Customize.png using Guid(3614f313cf34f684b9d4e8d198231616) Importer(815301076,1909f56bfc062723c751e8b465ee728b)  -> (artifact id: '4a639d25dab319a2586520233a6c4691') in 0.028622 seconds 
========================================================================
Received Import Request.
  Time since last request: 0.611404 seconds.
  path: Assets/Art/GUI Mobile Hyper-Casual/Sprites/Additional White Icons/Clock.png
  artifactKey: Guid(3c227f2aea2bfa34a89985abdef1b410) Importer(815301076,1909f56bfc062723c751e8b465ee728b)
Start importing Assets/Art/GUI Mobile Hyper-Casual/Sprites/Additional White Icons/Clock.png using Guid(3c227f2aea2bfa34a89985abdef1b410) Importer(815301076,1909f56bfc062723c751e8b465ee728b)  -> (artifact id: 'b7cf5495f7ea7bd83e054364594b4642') in 0.040920 seconds 
========================================================================
Received Import Request.
  Time since last request: 0.000027 seconds.
  path: Assets/Art/GUI Mobile Hyper-Casual/Sprites/Additional White Icons/Clothes.png
  artifactKey: Guid(db8279b88f348b440a77ab278c41e1c7) Importer(815301076,1909f56bfc062723c751e8b465ee728b)
Start importing Assets/Art/GUI Mobile Hyper-Casual/Sprites/Additional White Icons/Clothes.png using Guid(db8279b88f348b440a77ab278c41e1c7) Importer(815301076,1909f56bfc062723c751e8b465ee728b)  -> (artifact id: '88e184dba50da537227ba3a9aa3a6996') in 0.031513 seconds 
========================================================================
Received Import Request.
  Time since last request: 0.000025 seconds.
  path: Assets/Art/GUI Mobile Hyper-Casual/Sprites/Items PSD + PNG/Clover/Clover.psd
  artifactKey: Guid(0bef11c0b191bb34fb4e70f78ae817b0) Importer(815301076,1909f56bfc062723c751e8b465ee728b)
Start importing Assets/Art/GUI Mobile Hyper-Casual/Sprites/Items PSD + PNG/Clover/Clover.psd using Guid(0bef11c0b191bb34fb4e70f78ae817b0) Importer(815301076,1909f56bfc062723c751e8b465ee728b)  -> (artifact id: '8c932c62a1fc17a3ed8c867f058bab68') in 0.029472 seconds 
========================================================================
Received Import Request.
  Time since last request: 1.031937 seconds.
  path: Assets/Art/GUI Mobile Hyper-Casual/Sprites/Items PSD + PNG/Coins/Coin/Coin.psd
  artifactKey: Guid(336ee62f5e878ff4398d27fcedac0744) Importer(815301076,1909f56bfc062723c751e8b465ee728b)
Start importing Assets/Art/GUI Mobile Hyper-Casual/Sprites/Items PSD + PNG/Coins/Coin/Coin.psd using Guid(336ee62f5e878ff4398d27fcedac0744) Importer(815301076,1909f56bfc062723c751e8b465ee728b)  -> (artifact id: '4ebfb8653aa4ca742a2384331c6e8d27') in 0.030091 seconds 
========================================================================
Received Import Request.
  Time since last request: 0.000022 seconds.
  path: Assets/Art/GUI Mobile Hyper-Casual/Sprites/Items PSD + PNG/Cup/Cup.png
  artifactKey: Guid(047ddf4ec8381d3449ce2f078b8dccf9) Importer(815301076,1909f56bfc062723c751e8b465ee728b)
Start importing Assets/Art/GUI Mobile Hyper-Casual/Sprites/Items PSD + PNG/Cup/Cup.png using Guid(047ddf4ec8381d3449ce2f078b8dccf9) Importer(815301076,1909f56bfc062723c751e8b465ee728b)  -> (artifact id: 'd983002882dab2c81b3b525c32ed729f') in 0.043797 seconds 
========================================================================
Received Import Request.
  Time since last request: 0.000022 seconds.
  path: Assets/Art/GUI Mobile Hyper-Casual/Sprites/Items PSD + PNG/Diamonds/Diamond 2/Diamond 2.psd
  artifactKey: Guid(02068b325d99b264b927416fa38981ce) Importer(815301076,1909f56bfc062723c751e8b465ee728b)
Start importing Assets/Art/GUI Mobile Hyper-Casual/Sprites/Items PSD + PNG/Diamonds/Diamond 2/Diamond 2.psd using Guid(02068b325d99b264b927416fa38981ce) Importer(815301076,1909f56bfc062723c751e8b465ee728b)  -> (artifact id: '9aa6df263171140f5528a0b70b8101d2') in 0.035699 seconds 
========================================================================
Received Import Request.
  Time since last request: 0.000033 seconds.
  path: Assets/Art/GUI Mobile Hyper-Casual/Sprites/Items PSD + PNG/Cup/Cup 82.png
  artifactKey: Guid(584137d1c5960e04f998a840cae69ac7) Importer(815301076,1909f56bfc062723c751e8b465ee728b)
Start importing Assets/Art/GUI Mobile Hyper-Casual/Sprites/Items PSD + PNG/Cup/Cup 82.png using Guid(584137d1c5960e04f998a840cae69ac7) Importer(815301076,1909f56bfc062723c751e8b465ee728b)  -> (artifact id: '559d41c9257d081d10536d7574d0c40f') in 0.025213 seconds 
========================================================================
Received Import Request.
  Time since last request: 0.000022 seconds.
  path: Assets/Art/GUI Mobile Hyper-Casual/Sprites/Sprites by Menu/Home-assets/Daily.png
  artifactKey: Guid(030f15b1627e92349bafb211fa217726) Importer(815301076,1909f56bfc062723c751e8b465ee728b)
Start importing Assets/Art/GUI Mobile Hyper-Casual/Sprites/Sprites by Menu/Home-assets/Daily.png using Guid(030f15b1627e92349bafb211fa217726) Importer(815301076,1909f56bfc062723c751e8b465ee728b)  -> (artifact id: '23feb24d50ec519bb8573e692d03b696') in 0.031771 seconds 
========================================================================
Received Import Request.
  Time since last request: 0.000057 seconds.
  path: Assets/Art/GUI Mobile Hyper-Casual/Sprites/Items PSD + PNG/Eye/Eye.png
  artifactKey: Guid(945063bb6392e1b4691e26d77f484230) Importer(815301076,1909f56bfc062723c751e8b465ee728b)
Start importing Assets/Art/GUI Mobile Hyper-Casual/Sprites/Items PSD + PNG/Eye/Eye.png using Guid(945063bb6392e1b4691e26d77f484230) Importer(815301076,1909f56bfc062723c751e8b465ee728b)  -> (artifact id: '24464868723dfba8743262934d2bdaf6') in 0.043180 seconds 
========================================================================
Received Import Request.
  Time since last request: 0.000022 seconds.
  path: Assets/Art/GUI Mobile Hyper-Casual/Sprites/Sprites by Menu/Home-assets/Ellipse 2.png
  artifactKey: Guid(8a598721d6ae7004483d26ae3602aa59) Importer(815301076,1909f56bfc062723c751e8b465ee728b)
Start importing Assets/Art/GUI Mobile Hyper-Casual/Sprites/Sprites by Menu/Home-assets/Ellipse 2.png using Guid(8a598721d6ae7004483d26ae3602aa59) Importer(815301076,1909f56bfc062723c751e8b465ee728b)  -> (artifact id: '2778aeadcfbb1ebbc79e76a8d6d31a64') in 0.020562 seconds 
========================================================================
Received Import Request.
  Time since last request: 0.000024 seconds.
  path: Assets/Art/GUI Mobile Hyper-Casual/Sprites/Items PSD + PNG/Diamonds/Diamonds/Diamond.psd
  artifactKey: Guid(dd8669b8702376e4cb51727a63dad22c) Importer(815301076,1909f56bfc062723c751e8b465ee728b)
Start importing Assets/Art/GUI Mobile Hyper-Casual/Sprites/Items PSD + PNG/Diamonds/Diamonds/Diamond.psd using Guid(dd8669b8702376e4cb51727a63dad22c) Importer(815301076,1909f56bfc062723c751e8b465ee728b)  -> (artifact id: 'e8abc86fe398ff454cde0511c9997b31') in 0.027701 seconds 
========================================================================
Received Import Request.
  Time since last request: 3.968493 seconds.
  path: Assets/Art/GUI Mobile Hyper-Casual/Sprites/Items PSD + PNG/Gems/Gem 2 Pack/Gem 2.psd
  artifactKey: Guid(a3b203d174e21e84dae0421d74776b47) Importer(815301076,1909f56bfc062723c751e8b465ee728b)
Start importing Assets/Art/GUI Mobile Hyper-Casual/Sprites/Items PSD + PNG/Gems/Gem 2 Pack/Gem 2.psd using Guid(a3b203d174e21e84dae0421d74776b47) Importer(815301076,1909f56bfc062723c751e8b465ee728b)  -> (artifact id: 'c1b0322e8d734c91c84a62cd7caee706') in 0.066695 seconds 
========================================================================
Received Import Request.
  Time since last request: 0.000027 seconds.
  path: Assets/Art/GUI Mobile Hyper-Casual/Sprites/Items PSD + PNG/Gift/Gift 3.psd
  artifactKey: Guid(4657d2d8b79768d45822af67e6e6960a) Importer(815301076,1909f56bfc062723c751e8b465ee728b)
Start importing Assets/Art/GUI Mobile Hyper-Casual/Sprites/Items PSD + PNG/Gift/Gift 3.psd using Guid(4657d2d8b79768d45822af67e6e6960a) Importer(815301076,1909f56bfc062723c751e8b465ee728b)  -> (artifact id: 'df7624c339c75bc4a9787475395c46a4') in 0.064088 seconds 
========================================================================
Received Import Request.
  Time since last request: 0.000055 seconds.
  path: Assets/Art/GUI Mobile Hyper-Casual/Sprites/Items PSD + PNG/Potion/Potion/Green.png
  artifactKey: Guid(d25188e3dced51d45bbcd4e6846d7073) Importer(815301076,1909f56bfc062723c751e8b465ee728b)
Start importing Assets/Art/GUI Mobile Hyper-Casual/Sprites/Items PSD + PNG/Potion/Potion/Green.png using Guid(d25188e3dced51d45bbcd4e6846d7073) Importer(815301076,1909f56bfc062723c751e8b465ee728b)  -> (artifact id: '34852df8c85eef7ef93f0326c9a6f18d') in 0.075453 seconds 
========================================================================
Received Import Request.
  Time since last request: 0.000032 seconds.
  path: Assets/Art/GUI Mobile Hyper-Casual/Sprites/Items PSD + PNG/Gift/Gift.psd
  artifactKey: Guid(f94c54089d48bff4d9cc13bcb290d708) Importer(815301076,1909f56bfc062723c751e8b465ee728b)
Start importing Assets/Art/GUI Mobile Hyper-Casual/Sprites/Items PSD + PNG/Gift/Gift.psd using Guid(f94c54089d48bff4d9cc13bcb290d708) Importer(815301076,1909f56bfc062723c751e8b465ee728b)  -> (artifact id: '35410a10c91311aca13ee4dc05adb1a5') in 0.058785 seconds 
========================================================================
Received Import Request.
  Time since last request: 0.000020 seconds.
  path: Assets/Art/GUI Mobile Hyper-Casual/Sprites/Items PSD + PNG/Shield/Green.png
  artifactKey: Guid(8deaa02a91702194991aa135d939178e) Importer(815301076,1909f56bfc062723c751e8b465ee728b)
Start importing Assets/Art/GUI Mobile Hyper-Casual/Sprites/Items PSD + PNG/Shield/Green.png using Guid(8deaa02a91702194991aa135d939178e) Importer(815301076,1909f56bfc062723c751e8b465ee728b)  -> (artifact id: '2931ec867f416cff7e8e01f425d5fea6') in 0.083246 seconds 
========================================================================
Received Import Request.
  Time since last request: 0.000033 seconds.
  path: Assets/Art/GUI Mobile Hyper-Casual/Sprites/Items PSD + PNG/Bolt/Green.png
  artifactKey: Guid(cdb369a06c30aae46a3994833428a7cf) Importer(815301076,1909f56bfc062723c751e8b465ee728b)
Start importing Assets/Art/GUI Mobile Hyper-Casual/Sprites/Items PSD + PNG/Bolt/Green.png using Guid(cdb369a06c30aae46a3994833428a7cf) Importer(815301076,1909f56bfc062723c751e8b465ee728b)  -> (artifact id: '8347bcbc4206f92311bec99dc511b43a') in 0.028243 seconds 
========================================================================
Received Import Request.
  Time since last request: 29.911473 seconds.
  path: Assets/Art/GUI Mobile Hyper-Casual/Sprites/Items PSD + PNG/Pills/Green - Purple.png
  artifactKey: Guid(5a4b474b1dd583b41850a62b06c11e7a) Importer(815301076,1909f56bfc062723c751e8b465ee728b)
Start importing Assets/Art/GUI Mobile Hyper-Casual/Sprites/Items PSD + PNG/Pills/Green - Purple.png using Guid(5a4b474b1dd583b41850a62b06c11e7a) Importer(815301076,1909f56bfc062723c751e8b465ee728b)  -> (artifact id: 'e201a365eda2e8fc19849642aaad15ba') in 0.034539 seconds 
========================================================================
Received Import Request.
  Time since last request: 19.214426 seconds.
  path: Assets/Art/GUI Mobile Hyper-Casual/Sprites/Items PSD + PNG/Token/Token.psd
  artifactKey: Guid(48c423ee441c5da46ab17b416bb7e3e8) Importer(815301076,1909f56bfc062723c751e8b465ee728b)
Start importing Assets/Art/GUI Mobile Hyper-Casual/Sprites/Items PSD + PNG/Token/Token.psd using Guid(48c423ee441c5da46ab17b416bb7e3e8) Importer(815301076,1909f56bfc062723c751e8b465ee728b)  -> (artifact id: 'ae4f905df68ed7c9018ecfc1ff89cada') in 0.046325 seconds 
========================================================================
Received Import Request.
  Time since last request: 0.000020 seconds.
  path: Assets/Art/GUI Mobile Hyper-Casual/Sprites/Items PSD + PNG/Stars/Turquoise.png
  artifactKey: Guid(ec807bddb69bd3545aa1d75c2a0c6f1e) Importer(815301076,1909f56bfc062723c751e8b465ee728b)
Start importing Assets/Art/GUI Mobile Hyper-Casual/Sprites/Items PSD + PNG/Stars/Turquoise.png using Guid(ec807bddb69bd3545aa1d75c2a0c6f1e) Importer(815301076,1909f56bfc062723c751e8b465ee728b)  -> (artifact id: '7fbc1872dda133d4d473c770525cddb4') in 0.043882 seconds 
========================================================================
Received Import Request.
  Time since last request: 0.000019 seconds.
  path: Assets/Art/GUI Mobile Hyper-Casual/Sprites/Items PSD + PNG/Icon Club/Turquoise.png
  artifactKey: Guid(9980e2855481b874c9b9c40b6ff57b84) Importer(815301076,1909f56bfc062723c751e8b465ee728b)
Start importing Assets/Art/GUI Mobile Hyper-Casual/Sprites/Items PSD + PNG/Icon Club/Turquoise.png using Guid(9980e2855481b874c9b9c40b6ff57b84) Importer(815301076,1909f56bfc062723c751e8b465ee728b)  -> (artifact id: 'cbda1ef72e941927feb0217ecf304489') in 0.037036 seconds 
========================================================================
Received Import Request.
  Time since last request: 0.000042 seconds.
  path: Assets/Art/GUI Mobile Hyper-Casual/Sprites/Additional White Icons/Trophy.png
  artifactKey: Guid(622512446a2443f4da7ba1ca9c089e2c) Importer(815301076,1909f56bfc062723c751e8b465ee728b)
Start importing Assets/Art/GUI Mobile Hyper-Casual/Sprites/Additional White Icons/Trophy.png using Guid(622512446a2443f4da7ba1ca9c089e2c) Importer(815301076,1909f56bfc062723c751e8b465ee728b)  -> (artifact id: '5764d0d347960f8fc4c7ba75a3c7837f') in 0.057447 seconds 
========================================================================
Received Import Request.
  Time since last request: 0.000038 seconds.
  path: Assets/Art/GUI Mobile Hyper-Casual/Sprites/Additional White Icons/Twitter.png
  artifactKey: Guid(0ec4e19dae8b82245a9d7ef04f9b095a) Importer(815301076,1909f56bfc062723c751e8b465ee728b)
Start importing Assets/Art/GUI Mobile Hyper-Casual/Sprites/Additional White Icons/Twitter.png using Guid(0ec4e19dae8b82245a9d7ef04f9b095a) Importer(815301076,1909f56bfc062723c751e8b465ee728b)  -> (artifact id: '6c1256b3c04e4071921443b0697a7675') in 0.042226 seconds 
========================================================================
Received Import Request.
  Time since last request: 0.000019 seconds.
  path: Assets/Art/GUI Mobile Hyper-Casual/Sprites/Sprites by Menu/In Game-assets/Waouh.png
  artifactKey: Guid(8462306cddb06ae4da0a7e49e1486e36) Importer(815301076,1909f56bfc062723c751e8b465ee728b)
Start importing Assets/Art/GUI Mobile Hyper-Casual/Sprites/Sprites by Menu/In Game-assets/Waouh.png using Guid(8462306cddb06ae4da0a7e49e1486e36) Importer(815301076,1909f56bfc062723c751e8b465ee728b)  -> (artifact id: 'b4c1609cd66b3e43bfa3fc317f5bd5ee') in 0.027677 seconds 
========================================================================
Received Import Request.
  Time since last request: 0.000022 seconds.
  path: Assets/Art/Joystick Pack/Sprites/Vertical Backgrounds/Vertical_Ridged.png
  artifactKey: Guid(08c1fa6351174a9439d97cfc9d3307cc) Importer(815301076,1909f56bfc062723c751e8b465ee728b)
Start importing Assets/Art/Joystick Pack/Sprites/Vertical Backgrounds/Vertical_Ridged.png using Guid(08c1fa6351174a9439d97cfc9d3307cc) Importer(815301076,1909f56bfc062723c751e8b465ee728b)  -> (artifact id: '9eb59b341486164a1335b5038d348e69') in 0.039133 seconds 
========================================================================
Received Import Request.
  Time since last request: 1.620089 seconds.
  path: Assets/Art/GUI Mobile Hyper-Casual/Sprites/Items PSD + PNG/Crown/White.png
  artifactKey: Guid(597a8de9e2612bf419646cd82de66f34) Importer(815301076,1909f56bfc062723c751e8b465ee728b)
Start importing Assets/Art/GUI Mobile Hyper-Casual/Sprites/Items PSD + PNG/Crown/White.png using Guid(597a8de9e2612bf419646cd82de66f34) Importer(815301076,1909f56bfc062723c751e8b465ee728b)  -> (artifact id: '8cc93eeaaf99578f86eff1445eb3bb7e') in 0.034885 seconds 
========================================================================
Received Import Request.
  Time since last request: 0.000019 seconds.
  path: Assets/Art/GUI Mobile Hyper-Casual/Sprites/Items PSD + PNG/Target/White.png
  artifactKey: Guid(9773c28e5c1d61e45bf2acd4aef44fad) Importer(815301076,1909f56bfc062723c751e8b465ee728b)
Start importing Assets/Art/GUI Mobile Hyper-Casual/Sprites/Items PSD + PNG/Target/White.png using Guid(9773c28e5c1d61e45bf2acd4aef44fad) Importer(815301076,1909f56bfc062723c751e8b465ee728b)  -> (artifact id: 'f94a0363714b7b4ef92bd9e63340180b') in 0.027199 seconds 
========================================================================
Received Import Request.
  Time since last request: 0.000018 seconds.
  path: Assets/Art/GUI Mobile Hyper-Casual/Sprites/Items PSD + PNG/Potion/Potion/White.png
  artifactKey: Guid(d4675828ce1e4c142a77d0e55259768b) Importer(815301076,1909f56bfc062723c751e8b465ee728b)
Start importing Assets/Art/GUI Mobile Hyper-Casual/Sprites/Items PSD + PNG/Potion/Potion/White.png using Guid(d4675828ce1e4c142a77d0e55259768b) Importer(815301076,1909f56bfc062723c751e8b465ee728b)  -> (artifact id: '81234e2bd4e8ddb2fb835cc03444749f') in 0.028455 seconds 
========================================================================
Received Import Request.
  Time since last request: 0.000029 seconds.
  path: Assets/Art/GUI Mobile Hyper-Casual/Sprites/Items PSD + PNG/Gun/White.png
  artifactKey: Guid(c81bc15ead06baf4fb0cf1eb50f808fd) Importer(815301076,1909f56bfc062723c751e8b465ee728b)
Start importing Assets/Art/GUI Mobile Hyper-Casual/Sprites/Items PSD + PNG/Gun/White.png using Guid(c81bc15ead06baf4fb0cf1eb50f808fd) Importer(815301076,1909f56bfc062723c751e8b465ee728b)  -> (artifact id: '1f32124bf5488cda2711b941af16494e') in 0.026530 seconds 
========================================================================
Received Import Request.
  Time since last request: 0.000021 seconds.
  path: Assets/Art/GUI Mobile Hyper-Casual/Sprites/Items PSD + PNG/Sherif Stars/White.png
  artifactKey: Guid(a11df4c0a9061124ab859b1d9ee81782) Importer(815301076,1909f56bfc062723c751e8b465ee728b)
Start importing Assets/Art/GUI Mobile Hyper-Casual/Sprites/Items PSD + PNG/Sherif Stars/White.png using Guid(a11df4c0a9061124ab859b1d9ee81782) Importer(815301076,1909f56bfc062723c751e8b465ee728b)  -> (artifact id: 'e73f2ef91aa4085e2a463ed0c501ab4a') in 0.027698 seconds 
========================================================================
Received Import Request.
  Time since last request: 0.000018 seconds.
  path: Assets/Art/GUI Mobile Hyper-Casual/Sprites/Items PSD + PNG/Firecracker/White.png
  artifactKey: Guid(c8706896d5345004c8a497e2bccea764) Importer(815301076,1909f56bfc062723c751e8b465ee728b)
Start importing Assets/Art/GUI Mobile Hyper-Casual/Sprites/Items PSD + PNG/Firecracker/White.png using Guid(c8706896d5345004c8a497e2bccea764) Importer(815301076,1909f56bfc062723c751e8b465ee728b)  -> (artifact id: 'b7c3bb44b9d1705c7d62030ee4b3df65') in 0.027407 seconds 
========================================================================
Received Import Request.
  Time since last request: 1.257058 seconds.
  path: Assets/Art/GUI Mobile Hyper-Casual/Sprites/Items PSD + PNG/TV/White.png
  artifactKey: Guid(33c422dd4ce97154cb5a87aad6841f46) Importer(815301076,1909f56bfc062723c751e8b465ee728b)
Start importing Assets/Art/GUI Mobile Hyper-Casual/Sprites/Items PSD + PNG/TV/White.png using Guid(33c422dd4ce97154cb5a87aad6841f46) Importer(815301076,1909f56bfc062723c751e8b465ee728b)  -> (artifact id: 'b105b6c9c013b689f83b09fb3c8f7fcd') in 0.042931 seconds 
========================================================================
Received Import Request.
  Time since last request: 0.000015 seconds.
  path: Assets/Art/GUI Mobile Hyper-Casual/Sprites/Items PSD + PNG/Open Book/White.png
  artifactKey: Guid(56cf2730653a0fb46bd5fe4e349d8e04) Importer(815301076,1909f56bfc062723c751e8b465ee728b)
Start importing Assets/Art/GUI Mobile Hyper-Casual/Sprites/Items PSD + PNG/Open Book/White.png using Guid(56cf2730653a0fb46bd5fe4e349d8e04) Importer(815301076,1909f56bfc062723c751e8b465ee728b)  -> (artifact id: 'e912b9caf7414281ef8ce825c0d88aa3') in 0.035878 seconds 
========================================================================
Received Import Request.
  Time since last request: 0.000026 seconds.
  path: Assets/Art/GUI Mobile Hyper-Casual/Sprites/Items PSD + PNG/Mail/White.png
  artifactKey: Guid(21d27509c58756b4ab0e1f99a6c4af20) Importer(815301076,1909f56bfc062723c751e8b465ee728b)
Start importing Assets/Art/GUI Mobile Hyper-Casual/Sprites/Items PSD + PNG/Mail/White.png using Guid(21d27509c58756b4ab0e1f99a6c4af20) Importer(815301076,1909f56bfc062723c751e8b465ee728b)  -> (artifact id: 'e8811ce89bcff2c2483e7ad9b026dd4d') in 0.053499 seconds 
========================================================================
Received Import Request.
  Time since last request: 3.010222 seconds.
  path: Assets/Art/GUI Mobile Hyper-Casual/Sprites/Items PSD + PNG/Bag/Bag/White Bag.png
  artifactKey: Guid(09536d343affb644fba248df0c1be8c0) Importer(815301076,1909f56bfc062723c751e8b465ee728b)
Start importing Assets/Art/GUI Mobile Hyper-Casual/Sprites/Items PSD + PNG/Bag/Bag/White Bag.png using Guid(09536d343affb644fba248df0c1be8c0) Importer(815301076,1909f56bfc062723c751e8b465ee728b)  -> (artifact id: '5245a2dc188bc84e4b380b01d27f7c8d') in 0.042568 seconds 
========================================================================
Received Import Request.
  Time since last request: 0.000023 seconds.
  path: Assets/Art/GUI Mobile Hyper-Casual/Artwork PSD + Screens/SCREENS/Win 1.jpg
  artifactKey: Guid(b61725024ae638047b615b241b6607a7) Importer(815301076,1909f56bfc062723c751e8b465ee728b)
Start importing Assets/Art/GUI Mobile Hyper-Casual/Artwork PSD + Screens/SCREENS/Win 1.jpg using Guid(b61725024ae638047b615b241b6607a7) Importer(815301076,1909f56bfc062723c751e8b465ee728b)  -> (artifact id: '822cc35dc97fce276050a13fb7ba8d88') in 0.254648 seconds 
========================================================================
Received Import Request.
  Time since last request: 0.000024 seconds.
  path: Assets/Art/GUI Mobile Hyper-Casual/Artwork PSD + Screens/SCREENS/Win 5.jpg
  artifactKey: Guid(84b435956ba14254bafae38a4726ff0b) Importer(815301076,1909f56bfc062723c751e8b465ee728b)
Start importing Assets/Art/GUI Mobile Hyper-Casual/Artwork PSD + Screens/SCREENS/Win 5.jpg using Guid(84b435956ba14254bafae38a4726ff0b) Importer(815301076,1909f56bfc062723c751e8b465ee728b)  -> (artifact id: '15b2020384770d58b5309654a374968d') in 0.120224 seconds 
========================================================================
Received Import Request.
  Time since last request: 3.115932 seconds.
  path: Assets/Art/GUI Mobile Hyper-Casual/Sprites/Items PSD + PNG/Diamonds/Diamonds/Yellow.png
  artifactKey: Guid(1ee839b0f2486ef49a6d153be06e8240) Importer(815301076,1909f56bfc062723c751e8b465ee728b)
Start importing Assets/Art/GUI Mobile Hyper-Casual/Sprites/Items PSD + PNG/Diamonds/Diamonds/Yellow.png using Guid(1ee839b0f2486ef49a6d153be06e8240) Importer(815301076,1909f56bfc062723c751e8b465ee728b)  -> (artifact id: '9fc6e823c938d432733cb88ff90d7908') in 0.090723 seconds 
========================================================================
Received Import Request.
  Time since last request: 0.000019 seconds.
  path: Assets/Art/GUI Mobile Hyper-Casual/Sprites/Items PSD + PNG/Potion/Potion2/Yellow.png
  artifactKey: Guid(0eeee9d7635cb3949bd31bc35c32418a) Importer(815301076,1909f56bfc062723c751e8b465ee728b)
Start importing Assets/Art/GUI Mobile Hyper-Casual/Sprites/Items PSD + PNG/Potion/Potion2/Yellow.png using Guid(0eeee9d7635cb3949bd31bc35c32418a) Importer(815301076,1909f56bfc062723c751e8b465ee728b)  -> (artifact id: '5e95ce418f67a2b93a8220d68cd15039') in 0.082860 seconds 
========================================================================
Received Import Request.
  Time since last request: 0.000040 seconds.
  path: Assets/Art/GUI Mobile Hyper-Casual/Sprites/Sprites by Menu/Buttons-assets/Yellow Buton OK.png
  artifactKey: Guid(950cc223f0ccb454fbc465474d358735) Importer(815301076,1909f56bfc062723c751e8b465ee728b)
Start importing Assets/Art/GUI Mobile Hyper-Casual/Sprites/Sprites by Menu/Buttons-assets/Yellow Buton OK.png using Guid(950cc223f0ccb454fbc465474d358735) Importer(815301076,1909f56bfc062723c751e8b465ee728b)  -> (artifact id: '1f39b6cdd65c64bdadf0eb4ec3fc76cc') in 0.055804 seconds 
========================================================================
Received Import Request.
  Time since last request: 0.000023 seconds.
  path: Assets/Art/GUI Mobile Hyper-Casual/Sprites/Items PSD + PNG/Badge/Yellow.png
  artifactKey: Guid(bcbcd1cc7daf57c4692465e18cadf98b) Importer(815301076,1909f56bfc062723c751e8b465ee728b)
Start importing Assets/Art/GUI Mobile Hyper-Casual/Sprites/Items PSD + PNG/Badge/Yellow.png using Guid(bcbcd1cc7daf57c4692465e18cadf98b) Importer(815301076,1909f56bfc062723c751e8b465ee728b)  -> (artifact id: '2b6519443d065e6ff6cc07f57430d9c5') in 0.029909 seconds 
========================================================================
Received Import Request.
  Time since last request: 0.000025 seconds.
  path: Assets/Art/GUI Mobile Hyper-Casual/Sprites/Sprites by Menu/In Game-assets/Yellow Elipse.png
  artifactKey: Guid(df8f599555ffb1d40aa27b16febf4390) Importer(815301076,1909f56bfc062723c751e8b465ee728b)
Start importing Assets/Art/GUI Mobile Hyper-Casual/Sprites/Sprites by Menu/In Game-assets/Yellow Elipse.png using Guid(df8f599555ffb1d40aa27b16febf4390) Importer(815301076,1909f56bfc062723c751e8b465ee728b)  -> (artifact id: 'd59dcfce9176b453031cfc947f9ff298') in 0.018883 seconds 
Editor requested this worker to shutdown with reason: Scaling down because of idle timeout
AssetImportWorker is now disconnected from the server
Process exiting
Exiting without the bug reporter. Application will terminate with return code 0