Using pre-set license
Built from '2021.3/staging' branch; Version is '2021.3.25f1 (68ef2c4f8861) revision 6876972'; Using compiler version '192829333'; Build Type 'Release'
OS: 'Windows 10  (10.0.19045) 64bit Enterprise' Language: 'en' Physical Memory: 32547 MB
BatchMode: 1, IsHumanControllingUs: 0, StartBugReporterOnCrash: 0, Is64bit: 1, IsPro: 1

COMMAND LINE ARGUMENTS:
C:\Program Files\Unity 2021.3.25f1\Editor\Unity.exe
-adb2
-batchMode
-noUpm
-name
AssetImportWorker2
-projectPath
C:/Users/90538/Desktop/GithubProjects/GamblerIdle
-logFile
Logs/AssetImportWorker2.log
-srvPort
51462
Successfully changed project path to: C:/Users/90538/Desktop/GithubProjects/GamblerIdle
C:/Users/90538/Desktop/GithubProjects/GamblerIdle
[UnityMemory] Configuration Parameters - Can be set up in boot.config
    "memorysetup-bucket-allocator-granularity=16"
    "memorysetup-bucket-allocator-bucket-count=8"
    "memorysetup-bucket-allocator-block-size=33554432"
    "memorysetup-bucket-allocator-block-count=8"
    "memorysetup-main-allocator-block-size=16777216"
    "memorysetup-thread-allocator-block-size=16777216"
    "memorysetup-gfx-main-allocator-block-size=16777216"
    "memorysetup-gfx-thread-allocator-block-size=16777216"
    "memorysetup-cache-allocator-block-size=4194304"
    "memorysetup-typetree-allocator-block-size=2097152"
    "memorysetup-profiler-bucket-allocator-granularity=16"
    "memorysetup-profiler-bucket-allocator-bucket-count=8"
    "memorysetup-profiler-bucket-allocator-block-size=33554432"
    "memorysetup-profiler-bucket-allocator-block-count=8"
    "memorysetup-profiler-allocator-block-size=16777216"
    "memorysetup-profiler-editor-allocator-block-size=1048576"
    "memorysetup-temp-allocator-size-main=16777216"
    "memorysetup-job-temp-allocator-block-size=2097152"
    "memorysetup-job-temp-allocator-block-size-background=1048576"
    "memorysetup-job-temp-allocator-reduction-small-platforms=262144"
    "memorysetup-temp-allocator-size-background-worker=32768"
    "memorysetup-temp-allocator-size-job-worker=262144"
    "memorysetup-temp-allocator-size-preload-manager=33554432"
    "memorysetup-temp-allocator-size-nav-mesh-worker=65536"
    "memorysetup-temp-allocator-size-audio-worker=65536"
    "memorysetup-temp-allocator-size-cloud-worker=32768"
    "memorysetup-temp-allocator-size-gi-baking-worker=262144"
    "memorysetup-temp-allocator-size-gfx=262144"
Player connection [25744] Host "[IP] 192.168.0.101 [Port] 0 [Flags] 2 [Guid] 418046186 [EditorId] 418046186 [Version] 1048832 [Id] WindowsEditor(7,DESKTOP-84GBAGC) [Debug] 1 [PackageName] WindowsEditor [ProjectName] Editor" joined multi-casting on [225.0.0.222:54997]...

Player connection [25744] Host "[IP] 192.168.0.101 [Port] 0 [Flags] 2 [Guid] 418046186 [EditorId] 418046186 [Version] 1048832 [Id] WindowsEditor(7,DESKTOP-84GBAGC) [Debug] 1 [PackageName] WindowsEditor [ProjectName] Editor" joined alternative multi-casting on [225.0.0.222:34997]...

Refreshing native plugins compatible for Editor in 118.07 ms, found 3 plugins.
Preloading 0 native plugins for Editor in 0.00 ms.
Initialize engine version: 2021.3.25f1 (68ef2c4f8861)
[Subsystems] Discovering subsystems at path C:/Program Files/Unity 2021.3.25f1/Editor/Data/Resources/UnitySubsystems
[Subsystems] Discovering subsystems at path C:/Users/90538/Desktop/GithubProjects/GamblerIdle/Assets
GfxDevice: creating device client; threaded=0; jobified=0
Direct3D:
    Version:  Direct3D 11.0 [level 11.1]
    Renderer: NVIDIA GeForce RTX 3050 Ti Laptop GPU (ID=0x25a0)
    Vendor:   NVIDIA
    VRAM:     3990 MB
    Driver:   31.0.15.1748
Initialize mono
Mono path[0] = 'C:/Program Files/Unity 2021.3.25f1/Editor/Data/Managed'
Mono path[1] = 'C:/Program Files/Unity 2021.3.25f1/Editor/Data/MonoBleedingEdge/lib/mono/unityjit-win32'
Mono config path = 'C:/Program Files/Unity 2021.3.25f1/Editor/Data/MonoBleedingEdge/etc'
Using monoOptions --debugger-agent=transport=dt_socket,embedding=1,server=y,suspend=n,address=127.0.0.1:56516
Begin MonoManager ReloadAssembly
Registering precompiled unity dll's ...
Register platform support module: C:/Program Files/Unity 2021.3.25f1/Editor/Data/PlaybackEngines/AndroidPlayer/UnityEditor.Android.Extensions.dll
Register platform support module: C:/Program Files/Unity 2021.3.25f1/Editor/Data/PlaybackEngines/WindowsStandaloneSupport/UnityEditor.WindowsStandalone.Extensions.dll
Registered in 0.005007 seconds.
Native extension for WindowsStandalone target not found
Native extension for Android target not found
Android Extension - Scanning For ADB Devices 199 ms
Refreshing native plugins compatible for Editor in 134.55 ms, found 3 plugins.
Preloading 0 native plugins for Editor in 0.00 ms.
Mono: successfully reloaded assembly
- Completed reload, in  0.926 seconds
Domain Reload Profiling:
	ReloadAssembly (927ms)
		BeginReloadAssembly (58ms)
			ExecutionOrderSort (0ms)
			DisableScriptedObjects (0ms)
			BackupInstance (0ms)
			ReleaseScriptingObjects (0ms)
			CreateAndSetChildDomain (1ms)
		EndReloadAssembly (768ms)
			LoadAssemblies (57ms)
			RebuildTransferFunctionScriptingTraits (0ms)
			SetupTypeCache (124ms)
			ReleaseScriptCaches (0ms)
			RebuildScriptCaches (31ms)
			SetupLoadedEditorAssemblies (560ms)
				LogAssemblyErrors (0ms)
				InitializePlatformSupportModulesInManaged (288ms)
				SetLoadedEditorAssemblies (0ms)
				RefreshPlugins (135ms)
				BeforeProcessingInitializeOnLoad (2ms)
				ProcessInitializeOnLoadAttributes (91ms)
				ProcessInitializeOnLoadMethodAttributes (45ms)
				AfterProcessingInitializeOnLoad (0ms)
				EditorAssembliesLoaded (0ms)
			ExecutionOrderSort2 (0ms)
			AwakeInstancesAfterBackupRestoration (0ms)
Platform modules already initialized, skipping
Registering precompiled user dll's ...
Registered in 0.007391 seconds.
Begin MonoManager ReloadAssembly
Symbol file LoadedFromMemory doesn't match image C:\Users\90538\Desktop\GithubProjects\GamblerIdle\Library\PackageCache\com.unity.visualscripting@1.8.0\Editor\VisualScripting.Core\Dependencies\YamlDotNet\Unity.VisualScripting.YamlDotNet.dll
Symbol file LoadedFromMemory doesn't match image C:\Users\90538\Desktop\GithubProjects\GamblerIdle\Library\PackageCache\com.unity.visualscripting@1.8.0\Editor\VisualScripting.Core\Dependencies\DotNetZip\Unity.VisualScripting.IonicZip.dll
Native extension for WindowsStandalone target not found
Native extension for Android target not found
Refreshing native plugins compatible for Editor in 0.88 ms, found 3 plugins.
Preloading 0 native plugins for Editor in 0.00 ms.
Mono: successfully reloaded assembly
- Completed reload, in  1.183 seconds
Domain Reload Profiling:
	ReloadAssembly (1184ms)
		BeginReloadAssembly (112ms)
			ExecutionOrderSort (0ms)
			DisableScriptedObjects (5ms)
			BackupInstance (0ms)
			ReleaseScriptingObjects (0ms)
			CreateAndSetChildDomain (20ms)
		EndReloadAssembly (951ms)
			LoadAssemblies (87ms)
			RebuildTransferFunctionScriptingTraits (0ms)
			SetupTypeCache (336ms)
			ReleaseScriptCaches (1ms)
			RebuildScriptCaches (76ms)
			SetupLoadedEditorAssemblies (388ms)
				LogAssemblyErrors (0ms)
				InitializePlatformSupportModulesInManaged (20ms)
				SetLoadedEditorAssemblies (0ms)
				RefreshPlugins (1ms)
				BeforeProcessingInitializeOnLoad (92ms)
				ProcessInitializeOnLoadAttributes (251ms)
				ProcessInitializeOnLoadMethodAttributes (17ms)
				AfterProcessingInitializeOnLoad (7ms)
				EditorAssembliesLoaded (0ms)
			ExecutionOrderSort2 (0ms)
			AwakeInstancesAfterBackupRestoration (12ms)
Platform modules already initialized, skipping
========================================================================
Worker process is ready to serve import requests
Launched and connected shader compiler UnityShaderCompiler.exe after 0.03 seconds
Refreshing native plugins compatible for Editor in 1.05 ms, found 3 plugins.
Preloading 0 native plugins for Editor in 0.00 ms.
Unloading 3901 Unused Serialized files (Serialized files now loaded: 0)
Unloading 29 unused Assets / (284.7 KB). Loaded Objects now: 4365.
Memory consumption went from 137.2 MB to 137.0 MB.
Total: 3.527700 ms (FindLiveObjects: 0.374300 ms CreateObjectMapping: 0.230300 ms MarkObjects: 2.845600 ms  DeleteObjects: 0.076700 ms)

AssetImportParameters requested are different than current active one (requested -> active):
  custom:video-decoder-ogg-theora: a1e56fd34408186e4bbccfd4996cb3dc -> 
  custom:container-muxer-webm: aa71ff27fc2769a1b78a27578f13a17b -> 
  custom:container-demuxer-webm: 4f35f7cbe854078d1ac9338744f61a02 -> 
  custom:video-encoder-webm-vp8: eb34c28f22e8b96e1ab97ce403110664 -> 
  custom:audio-encoder-webm-vorbis: bf7c407c2cedff20999df2af8eb42d56 -> 
  custom:framework-win-MediaFoundation: 216162199b28c13a410421893ffa2e32 -> 
  custom:container-demuxer-ogg: 62fdf1f143b41e24485cea50d1cbac27 -> 
  custom:video-decoder-webm-vp8: 9c59270c3fd7afecdb556c50c9e8de78 -> 
  custom:audio-decoder-ogg-vorbis: bf7c407c2cedff20999df2af8eb42d56 -> 
========================================================================
Received Import Request.
  Time since last request: 11572.502149 seconds.
  path: Assets/Art/StickMan/Animations/Player/Player.controller
  artifactKey: Guid(664982e4fe4f33246b1ad294a81901f2) Importer(815301076,1909f56bfc062723c751e8b465ee728b)
Start importing Assets/Art/StickMan/Animations/Player/Player.controller using Guid(664982e4fe4f33246b1ad294a81901f2) Importer(815301076,1909f56bfc062723c751e8b465ee728b)  -> (artifact id: '38fee5c4f326c1a4509448a61abeefb0') in 0.144071 seconds 
========================================================================
Received Import Request.
  Time since last request: 27.842086 seconds.
  path: Assets/Art/StickMan/Animations/Player/Offensive Idle.anim
  artifactKey: Guid(f46955e029006d1499e62f3d391b7cff) Importer(815301076,1909f56bfc062723c751e8b465ee728b)
Start importing Assets/Art/StickMan/Animations/Player/Offensive Idle.anim using Guid(f46955e029006d1499e62f3d391b7cff) Importer(815301076,1909f56bfc062723c751e8b465ee728b)  -> (artifact id: 'b1a68020964a3787ed0316a7f03cc65f') in 0.049758 seconds 
========================================================================
Received Import Request.
  Time since last request: 67.931068 seconds.
  path: Assets/Art/StickMan/StickmanCky-T-Pose 1.fbx
  artifactKey: Guid(c4f99c89c6432db48a258c8423bce8b5) Importer(815301076,1909f56bfc062723c751e8b465ee728b)
Start importing Assets/Art/StickMan/StickmanCky-T-Pose 1.fbx using Guid(c4f99c89c6432db48a258c8423bce8b5) Importer(815301076,1909f56bfc062723c751e8b465ee728b)  -> (artifact id: '3393885970b23626d708396ba3fbe405') in 0.092356 seconds 
========================================================================
Received Import Request.
  Time since last request: 2.509240 seconds.
  path: Assets/Art/StickMan/StickmanCky-T-Pose 2.fbx
  artifactKey: Guid(e61824b54bd216c43ac3d2c1bd7e70bd) Importer(815301076,1909f56bfc062723c751e8b465ee728b)
Start importing Assets/Art/StickMan/StickmanCky-T-Pose 2.fbx using Guid(e61824b54bd216c43ac3d2c1bd7e70bd) Importer(815301076,1909f56bfc062723c751e8b465ee728b)  -> (artifact id: 'c80245962956ae36512f20ff620a5cad') in 0.024291 seconds 
========================================================================
Received Import Request.
  Time since last request: 207.250901 seconds.
  path: Assets/Art/GUI Mobile Hyper-Casual
  artifactKey: Guid(b6c99da1f65ec2049911a79e265c7cf6) Importer(815301076,1909f56bfc062723c751e8b465ee728b)
Start importing Assets/Art/GUI Mobile Hyper-Casual using Guid(b6c99da1f65ec2049911a79e265c7cf6) Importer(815301076,1909f56bfc062723c751e8b465ee728b)  -> (artifact id: 'fbf0edcc2aee6330385a7eba951502da') in 0.007203 seconds 
========================================================================
Received Import Request.
  Time since last request: 4.636915 seconds.
  path: Assets/Art/Money
  artifactKey: Guid(8c52d1f5ba7c44547a4d88f522d51285) Importer(815301076,1909f56bfc062723c751e8b465ee728b)
Start importing Assets/Art/Money using Guid(8c52d1f5ba7c44547a4d88f522d51285) Importer(815301076,1909f56bfc062723c751e8b465ee728b)  -> (artifact id: 'a8e2409912b7fd87b8781c092f3aa30b') in 0.006562 seconds 
========================================================================
Received Import Request.
  Time since last request: 7.025625 seconds.
  path: Assets/Art/StickMan/StickmanCky-T-Pose 1.fbx
  artifactKey: Guid(c4f99c89c6432db48a258c8423bce8b5) Importer(815301076,1909f56bfc062723c751e8b465ee728b)
Start importing Assets/Art/StickMan/StickmanCky-T-Pose 1.fbx using Guid(c4f99c89c6432db48a258c8423bce8b5) Importer(815301076,1909f56bfc062723c751e8b465ee728b)  -> (artifact id: '158db877017ee6d7e98e39cd2d394799') in 0.044072 seconds 
========================================================================
Received Import Request.
  Time since last request: 27.889795 seconds.
  path: Assets/Art/StickMan/StickmanCky-T-Pose 1@Idle.fbx
  artifactKey: Guid(ab6fc26b91efb34439443570504e0331) Importer(815301076,1909f56bfc062723c751e8b465ee728b)
Start importing Assets/Art/StickMan/StickmanCky-T-Pose 1@Idle.fbx using Guid(ab6fc26b91efb34439443570504e0331) Importer(815301076,1909f56bfc062723c751e8b465ee728b)  -> (artifact id: '673e45395b85356d8412ebc5126aab16') in 0.003681 seconds 
========================================================================
Received Import Request.
  Time since last request: 3.221460 seconds.
  path: Assets/Art/StickMan/Idle.anim
  artifactKey: Guid(c804fe60ce6d10f4ba01a13ecf2f3da5) Importer(815301076,1909f56bfc062723c751e8b465ee728b)
Start importing Assets/Art/StickMan/Idle.anim using Guid(c804fe60ce6d10f4ba01a13ecf2f3da5) Importer(815301076,1909f56bfc062723c751e8b465ee728b)  -> (artifact id: '41037434073ef39226eaa095a44bf07d') in 0.008083 seconds 
========================================================================
Received Import Request.
  Time since last request: 103.047469 seconds.
  path: Assets/Art/StickMan/StickmanCky-T-Pose 1.fbx
  artifactKey: Guid(c4f99c89c6432db48a258c8423bce8b5) Importer(815301076,1909f56bfc062723c751e8b465ee728b)
Start importing Assets/Art/StickMan/StickmanCky-T-Pose 1.fbx using Guid(c4f99c89c6432db48a258c8423bce8b5) Importer(815301076,1909f56bfc062723c751e8b465ee728b)  -> (artifact id: '7b2adae12718a3433035720f736cc745') in 0.068103 seconds 
========================================================================
Received Import Request.
  Time since last request: 7.501896 seconds.
  path: Assets/Art/StickMan/StickmanCky-T-Pose 1@Running.fbx
  artifactKey: Guid(0d21b7dde3313fc49b1c7af4a4a19125) Importer(815301076,1909f56bfc062723c751e8b465ee728b)
Start importing Assets/Art/StickMan/StickmanCky-T-Pose 1@Running.fbx using Guid(0d21b7dde3313fc49b1c7af4a4a19125) Importer(815301076,1909f56bfc062723c751e8b465ee728b)  -> (artifact id: 'f9b21b385771a8e1b18873bf162e092b') in 0.003931 seconds 
========================================================================
Received Import Request.
  Time since last request: 2.528980 seconds.
  path: Assets/Art/StickMan/Running.anim
  artifactKey: Guid(570b4cad30a2057499eb44b3ef3faa3f) Importer(815301076,1909f56bfc062723c751e8b465ee728b)
Start importing Assets/Art/StickMan/Running.anim using Guid(570b4cad30a2057499eb44b3ef3faa3f) Importer(815301076,1909f56bfc062723c751e8b465ee728b)  -> (artifact id: 'ff0be1be6cf9fc5c8a8de5dc454f96ad') in 0.008028 seconds 
========================================================================
Received Prepare
Registering precompiled user dll's ...
Registered in 0.006322 seconds.
Begin MonoManager ReloadAssembly
Symbol file LoadedFromMemory doesn't match image C:\Users\90538\Desktop\GithubProjects\GamblerIdle\Library\PackageCache\com.unity.visualscripting@1.8.0\Editor\VisualScripting.Core\Dependencies\YamlDotNet\Unity.VisualScripting.YamlDotNet.dll
Symbol file LoadedFromMemory doesn't match image C:\Users\90538\Desktop\GithubProjects\GamblerIdle\Library\PackageCache\com.unity.visualscripting@1.8.0\Editor\VisualScripting.Core\Dependencies\DotNetZip\Unity.VisualScripting.IonicZip.dll
Native extension for WindowsStandalone target not found
Native extension for Android target not found
Refreshing native plugins compatible for Editor in 0.94 ms, found 3 plugins.
Preloading 0 native plugins for Editor in 0.00 ms.
Mono: successfully reloaded assembly
- Completed reload, in  1.076 seconds
Domain Reload Profiling:
	ReloadAssembly (1076ms)
		BeginReloadAssembly (135ms)
			ExecutionOrderSort (0ms)
			DisableScriptedObjects (7ms)
			BackupInstance (0ms)
			ReleaseScriptingObjects (0ms)
			CreateAndSetChildDomain (42ms)
		EndReloadAssembly (838ms)
			LoadAssemblies (76ms)
			RebuildTransferFunctionScriptingTraits (0ms)
			SetupTypeCache (352ms)
			ReleaseScriptCaches (2ms)
			RebuildScriptCaches (47ms)
			SetupLoadedEditorAssemblies (314ms)
				LogAssemblyErrors (0ms)
				InitializePlatformSupportModulesInManaged (22ms)
				SetLoadedEditorAssemblies (0ms)
				RefreshPlugins (1ms)
				BeforeProcessingInitializeOnLoad (70ms)
				ProcessInitializeOnLoadAttributes (194ms)
				ProcessInitializeOnLoadMethodAttributes (19ms)
				AfterProcessingInitializeOnLoad (7ms)
				EditorAssembliesLoaded (0ms)
			ExecutionOrderSort2 (0ms)
			AwakeInstancesAfterBackupRestoration (7ms)
Platform modules already initialized, skipping
Refreshing native plugins compatible for Editor in 2.44 ms, found 3 plugins.
Preloading 0 native plugins for Editor in 0.00 ms.
Unloading 3890 Unused Serialized files (Serialized files now loaded: 0)
Unloading 22 unused Assets / (24.9 KB). Loaded Objects now: 4380.
Memory consumption went from 148.7 MB to 148.7 MB.
Total: 3.346600 ms (FindLiveObjects: 0.232300 ms CreateObjectMapping: 0.127100 ms MarkObjects: 2.942100 ms  DeleteObjects: 0.043800 ms)

AssetImportParameters requested are different than current active one (requested -> active):
  custom:video-decoder-ogg-theora: a1e56fd34408186e4bbccfd4996cb3dc -> 
  custom:container-muxer-webm: aa71ff27fc2769a1b78a27578f13a17b -> 
  custom:container-demuxer-webm: 4f35f7cbe854078d1ac9338744f61a02 -> 
  custom:video-encoder-webm-vp8: eb34c28f22e8b96e1ab97ce403110664 -> 
  custom:audio-encoder-webm-vorbis: bf7c407c2cedff20999df2af8eb42d56 -> 
  custom:framework-win-MediaFoundation: 216162199b28c13a410421893ffa2e32 -> 
  custom:container-demuxer-ogg: 62fdf1f143b41e24485cea50d1cbac27 -> 
  custom:video-decoder-webm-vp8: 9c59270c3fd7afecdb556c50c9e8de78 -> 
  custom:audio-decoder-ogg-vorbis: bf7c407c2cedff20999df2af8eb42d56 -> 
========================================================================
Received Prepare
Registering precompiled user dll's ...
Registered in 0.006667 seconds.
Begin MonoManager ReloadAssembly
Symbol file LoadedFromMemory doesn't match image C:\Users\90538\Desktop\GithubProjects\GamblerIdle\Library\PackageCache\com.unity.visualscripting@1.8.0\Editor\VisualScripting.Core\Dependencies\YamlDotNet\Unity.VisualScripting.YamlDotNet.dll
Symbol file LoadedFromMemory doesn't match image C:\Users\90538\Desktop\GithubProjects\GamblerIdle\Library\PackageCache\com.unity.visualscripting@1.8.0\Editor\VisualScripting.Core\Dependencies\DotNetZip\Unity.VisualScripting.IonicZip.dll
Native extension for WindowsStandalone target not found
Native extension for Android target not found
Refreshing native plugins compatible for Editor in 0.93 ms, found 3 plugins.
Preloading 0 native plugins for Editor in 0.00 ms.
Mono: successfully reloaded assembly
- Completed reload, in  0.901 seconds
Domain Reload Profiling:
	ReloadAssembly (901ms)
		BeginReloadAssembly (129ms)
			ExecutionOrderSort (0ms)
			DisableScriptedObjects (5ms)
			BackupInstance (0ms)
			ReleaseScriptingObjects (0ms)
			CreateAndSetChildDomain (41ms)
		EndReloadAssembly (683ms)
			LoadAssemblies (75ms)
			RebuildTransferFunctionScriptingTraits (0ms)
			SetupTypeCache (282ms)
			ReleaseScriptCaches (2ms)
			RebuildScriptCaches (37ms)
			SetupLoadedEditorAssemblies (248ms)
				LogAssemblyErrors (0ms)
				InitializePlatformSupportModulesInManaged (19ms)
				SetLoadedEditorAssemblies (0ms)
				RefreshPlugins (1ms)
				BeforeProcessingInitializeOnLoad (56ms)
				ProcessInitializeOnLoadAttributes (152ms)
				ProcessInitializeOnLoadMethodAttributes (15ms)
				AfterProcessingInitializeOnLoad (4ms)
				EditorAssembliesLoaded (0ms)
			ExecutionOrderSort2 (0ms)
			AwakeInstancesAfterBackupRestoration (5ms)
Platform modules already initialized, skipping
Refreshing native plugins compatible for Editor in 2.51 ms, found 3 plugins.
Preloading 0 native plugins for Editor in 0.00 ms.
Unloading 3890 Unused Serialized files (Serialized files now loaded: 0)
Unloading 22 unused Assets / (24.9 KB). Loaded Objects now: 4383.
Memory consumption went from 148.7 MB to 148.7 MB.
Total: 2.924400 ms (FindLiveObjects: 0.357200 ms CreateObjectMapping: 0.311700 ms MarkObjects: 2.216800 ms  DeleteObjects: 0.037700 ms)

AssetImportParameters requested are different than current active one (requested -> active):
  custom:video-decoder-ogg-theora: a1e56fd34408186e4bbccfd4996cb3dc -> 
  custom:container-muxer-webm: aa71ff27fc2769a1b78a27578f13a17b -> 
  custom:container-demuxer-webm: 4f35f7cbe854078d1ac9338744f61a02 -> 
  custom:video-encoder-webm-vp8: eb34c28f22e8b96e1ab97ce403110664 -> 
  custom:audio-encoder-webm-vorbis: bf7c407c2cedff20999df2af8eb42d56 -> 
  custom:framework-win-MediaFoundation: 216162199b28c13a410421893ffa2e32 -> 
  custom:container-demuxer-ogg: 62fdf1f143b41e24485cea50d1cbac27 -> 
  custom:video-decoder-webm-vp8: 9c59270c3fd7afecdb556c50c9e8de78 -> 
  custom:audio-decoder-ogg-vorbis: bf7c407c2cedff20999df2af8eb42d56 -> 
