Using pre-set license
Built from '2021.3/staging' branch; Version is '2021.3.25f1 (68ef2c4f8861) revision 6876972'; Using compiler version '192829333'; Build Type 'Release'
OS: 'Windows 10  (10.0.19045) 64bit Enterprise' Language: 'en' Physical Memory: 32547 MB
BatchMode: 1, IsHumanControllingUs: 0, StartBugReporterOnCrash: 0, Is64bit: 1, IsPro: 1

COMMAND LINE ARGUMENTS:
C:\Program Files\Unity 2021.3.25f1\Editor\Unity.exe
-adb2
-batchMode
-noUpm
-name
AssetImportWorker3
-projectPath
C:/Users/90538/Desktop/GithubProjects/GamblerIdle
-logFile
Logs/AssetImportWorker3.log
-srvPort
54227
Successfully changed project path to: C:/Users/90538/Desktop/GithubProjects/GamblerIdle
C:/Users/90538/Desktop/GithubProjects/GamblerIdle
[UnityMemory] Configuration Parameters - Can be set up in boot.config
    "memorysetup-bucket-allocator-granularity=16"
    "memorysetup-bucket-allocator-bucket-count=8"
    "memorysetup-bucket-allocator-block-size=33554432"
    "memorysetup-bucket-allocator-block-count=8"
    "memorysetup-main-allocator-block-size=16777216"
    "memorysetup-thread-allocator-block-size=16777216"
    "memorysetup-gfx-main-allocator-block-size=16777216"
    "memorysetup-gfx-thread-allocator-block-size=16777216"
    "memorysetup-cache-allocator-block-size=4194304"
    "memorysetup-typetree-allocator-block-size=2097152"
    "memorysetup-profiler-bucket-allocator-granularity=16"
    "memorysetup-profiler-bucket-allocator-bucket-count=8"
    "memorysetup-profiler-bucket-allocator-block-size=33554432"
    "memorysetup-profiler-bucket-allocator-block-count=8"
    "memorysetup-profiler-allocator-block-size=16777216"
    "memorysetup-profiler-editor-allocator-block-size=1048576"
    "memorysetup-temp-allocator-size-main=16777216"
    "memorysetup-job-temp-allocator-block-size=2097152"
    "memorysetup-job-temp-allocator-block-size-background=1048576"
    "memorysetup-job-temp-allocator-reduction-small-platforms=262144"
    "memorysetup-temp-allocator-size-background-worker=32768"
    "memorysetup-temp-allocator-size-job-worker=262144"
    "memorysetup-temp-allocator-size-preload-manager=33554432"
    "memorysetup-temp-allocator-size-nav-mesh-worker=65536"
    "memorysetup-temp-allocator-size-audio-worker=65536"
    "memorysetup-temp-allocator-size-cloud-worker=32768"
    "memorysetup-temp-allocator-size-gi-baking-worker=262144"
    "memorysetup-temp-allocator-size-gfx=262144"
Player connection [15428] Host "[IP] 192.168.0.101 [Port] 0 [Flags] 2 [Guid] 1184727575 [EditorId] 1184727575 [Version] 1048832 [Id] WindowsEditor(7,DESKTOP-84GBAGC) [Debug] 1 [PackageName] WindowsEditor [ProjectName] Editor" joined multi-casting on [225.0.0.222:54997]...

Player connection [15428] Host "[IP] 192.168.0.101 [Port] 0 [Flags] 2 [Guid] 1184727575 [EditorId] 1184727575 [Version] 1048832 [Id] WindowsEditor(7,DESKTOP-84GBAGC) [Debug] 1 [PackageName] WindowsEditor [ProjectName] Editor" joined alternative multi-casting on [225.0.0.222:34997]...

Refreshing native plugins compatible for Editor in 101.99 ms, found 3 plugins.
Preloading 0 native plugins for Editor in 0.00 ms.
Initialize engine version: 2021.3.25f1 (68ef2c4f8861)
[Subsystems] Discovering subsystems at path C:/Program Files/Unity 2021.3.25f1/Editor/Data/Resources/UnitySubsystems
[Subsystems] Discovering subsystems at path C:/Users/90538/Desktop/GithubProjects/GamblerIdle/Assets
GfxDevice: creating device client; threaded=0; jobified=0
Direct3D:
    Version:  Direct3D 11.0 [level 11.1]
    Renderer: NVIDIA GeForce RTX 3050 Ti Laptop GPU (ID=0x25a0)
    Vendor:   NVIDIA
    VRAM:     3990 MB
    Driver:   31.0.15.1748
Initialize mono
Mono path[0] = 'C:/Program Files/Unity 2021.3.25f1/Editor/Data/Managed'
Mono path[1] = 'C:/Program Files/Unity 2021.3.25f1/Editor/Data/MonoBleedingEdge/lib/mono/unityjit-win32'
Mono config path = 'C:/Program Files/Unity 2021.3.25f1/Editor/Data/MonoBleedingEdge/etc'
Using monoOptions --debugger-agent=transport=dt_socket,embedding=1,server=y,suspend=n,address=127.0.0.1:56424
Begin MonoManager ReloadAssembly
Registering precompiled unity dll's ...
Register platform support module: C:/Program Files/Unity 2021.3.25f1/Editor/Data/PlaybackEngines/AndroidPlayer/UnityEditor.Android.Extensions.dll
Register platform support module: C:/Program Files/Unity 2021.3.25f1/Editor/Data/PlaybackEngines/WindowsStandaloneSupport/UnityEditor.WindowsStandalone.Extensions.dll
Registered in 0.004991 seconds.
Native extension for WindowsStandalone target not found
Native extension for Android target not found
Android Extension - Scanning For ADB Devices 184 ms
Refreshing native plugins compatible for Editor in 125.38 ms, found 3 plugins.
Preloading 0 native plugins for Editor in 0.00 ms.
Mono: successfully reloaded assembly
- Completed reload, in  0.914 seconds
Domain Reload Profiling:
	ReloadAssembly (914ms)
		BeginReloadAssembly (58ms)
			ExecutionOrderSort (0ms)
			DisableScriptedObjects (0ms)
			BackupInstance (0ms)
			ReleaseScriptingObjects (0ms)
			CreateAndSetChildDomain (1ms)
		EndReloadAssembly (749ms)
			LoadAssemblies (58ms)
			RebuildTransferFunctionScriptingTraits (0ms)
			SetupTypeCache (122ms)
			ReleaseScriptCaches (0ms)
			RebuildScriptCaches (33ms)
			SetupLoadedEditorAssemblies (543ms)
				LogAssemblyErrors (0ms)
				InitializePlatformSupportModulesInManaged (275ms)
				SetLoadedEditorAssemblies (0ms)
				RefreshPlugins (125ms)
				BeforeProcessingInitializeOnLoad (1ms)
				ProcessInitializeOnLoadAttributes (97ms)
				ProcessInitializeOnLoadMethodAttributes (44ms)
				AfterProcessingInitializeOnLoad (0ms)
				EditorAssembliesLoaded (0ms)
			ExecutionOrderSort2 (0ms)
			AwakeInstancesAfterBackupRestoration (0ms)
Platform modules already initialized, skipping
Registering precompiled user dll's ...
Registered in 0.007782 seconds.
Begin MonoManager ReloadAssembly
Symbol file LoadedFromMemory doesn't match image C:\Users\90538\Desktop\GithubProjects\GamblerIdle\Library\PackageCache\com.unity.visualscripting@1.8.0\Editor\VisualScripting.Core\Dependencies\YamlDotNet\Unity.VisualScripting.YamlDotNet.dll
Symbol file LoadedFromMemory doesn't match image C:\Users\90538\Desktop\GithubProjects\GamblerIdle\Library\PackageCache\com.unity.visualscripting@1.8.0\Editor\VisualScripting.Core\Dependencies\DotNetZip\Unity.VisualScripting.IonicZip.dll
Native extension for WindowsStandalone target not found
Native extension for Android target not found
Refreshing native plugins compatible for Editor in 1.38 ms, found 3 plugins.
Preloading 0 native plugins for Editor in 0.00 ms.
Mono: successfully reloaded assembly
- Completed reload, in  1.215 seconds
Domain Reload Profiling:
	ReloadAssembly (1216ms)
		BeginReloadAssembly (127ms)
			ExecutionOrderSort (0ms)
			DisableScriptedObjects (6ms)
			BackupInstance (0ms)
			ReleaseScriptingObjects (0ms)
			CreateAndSetChildDomain (22ms)
		EndReloadAssembly (974ms)
			LoadAssemblies (97ms)
			RebuildTransferFunctionScriptingTraits (0ms)
			SetupTypeCache (355ms)
			ReleaseScriptCaches (1ms)
			RebuildScriptCaches (73ms)
			SetupLoadedEditorAssemblies (403ms)
				LogAssemblyErrors (0ms)
				InitializePlatformSupportModulesInManaged (22ms)
				SetLoadedEditorAssemblies (0ms)
				RefreshPlugins (1ms)
				BeforeProcessingInitializeOnLoad (93ms)
				ProcessInitializeOnLoadAttributes (258ms)
				ProcessInitializeOnLoadMethodAttributes (22ms)
				AfterProcessingInitializeOnLoad (7ms)
				EditorAssembliesLoaded (0ms)
			ExecutionOrderSort2 (0ms)
			AwakeInstancesAfterBackupRestoration (6ms)
Platform modules already initialized, skipping
========================================================================
Worker process is ready to serve import requests
Launched and connected shader compiler UnityShaderCompiler.exe after 0.03 seconds
Refreshing native plugins compatible for Editor in 0.64 ms, found 3 plugins.
Preloading 0 native plugins for Editor in 0.00 ms.
Unloading 4081 Unused Serialized files (Serialized files now loaded: 0)
Unloading 42 unused Assets / (357.9 KB). Loaded Objects now: 4547.
Memory consumption went from 146.9 MB to 146.5 MB.
Total: 2.432500 ms (FindLiveObjects: 0.263700 ms CreateObjectMapping: 0.100200 ms MarkObjects: 1.979000 ms  DeleteObjects: 0.088400 ms)

AssetImportParameters requested are different than current active one (requested -> active):
  custom:video-decoder-ogg-theora: a1e56fd34408186e4bbccfd4996cb3dc -> 
  custom:container-muxer-webm: aa71ff27fc2769a1b78a27578f13a17b -> 
  custom:container-demuxer-webm: 4f35f7cbe854078d1ac9338744f61a02 -> 
  custom:video-encoder-webm-vp8: eb34c28f22e8b96e1ab97ce403110664 -> 
  custom:audio-encoder-webm-vorbis: bf7c407c2cedff20999df2af8eb42d56 -> 
  custom:framework-win-MediaFoundation: 216162199b28c13a410421893ffa2e32 -> 
  custom:container-demuxer-ogg: 62fdf1f143b41e24485cea50d1cbac27 -> 
  custom:video-decoder-webm-vp8: 9c59270c3fd7afecdb556c50c9e8de78 -> 
  custom:audio-decoder-ogg-vorbis: bf7c407c2cedff20999df2af8eb42d56 -> 
========================================================================
Received Import Request.
  Time since last request: 8576.973922 seconds.
  path: Assets/Art/Desert_Village_LowPoly_HDRP/Meshes/Desert_Village_Dryer.fbx
  artifactKey: Guid(6c4d5d07bf347e84ead0616c95caba9f) Importer(815301076,1909f56bfc062723c751e8b465ee728b)
Start importing Assets/Art/Desert_Village_LowPoly_HDRP/Meshes/Desert_Village_Dryer.fbx using Guid(6c4d5d07bf347e84ead0616c95caba9f) Importer(815301076,1909f56bfc062723c751e8b465ee728b)  -> (artifact id: '604445c738afd8e6f2c77bf5c300152e') in 0.141510 seconds 
========================================================================
Received Import Request.
  Time since last request: 0.000030 seconds.
  path: Assets/Art/Desert_Village_LowPoly_HDRP/Meshes/Desert_Village_House_1.fbx
  artifactKey: Guid(ac1ff9b00c27a634e8e0aeafdf0ba6de) Importer(815301076,1909f56bfc062723c751e8b465ee728b)
Start importing Assets/Art/Desert_Village_LowPoly_HDRP/Meshes/Desert_Village_House_1.fbx using Guid(ac1ff9b00c27a634e8e0aeafdf0ba6de) Importer(815301076,1909f56bfc062723c751e8b465ee728b)  -> (artifact id: 'ad5436bd4fb061a73a6c29108738f146') in 0.119015 seconds 
========================================================================
Received Import Request.
  Time since last request: 0.000025 seconds.
  path: Assets/Art/Desert_Village_LowPoly_HDRP/Meshes/Desert_Village_Fence_2.fbx
  artifactKey: Guid(6f9e8f0069476f341a26dd54f867cb02) Importer(815301076,1909f56bfc062723c751e8b465ee728b)
Start importing Assets/Art/Desert_Village_LowPoly_HDRP/Meshes/Desert_Village_Fence_2.fbx using Guid(6f9e8f0069476f341a26dd54f867cb02) Importer(815301076,1909f56bfc062723c751e8b465ee728b)  -> (artifact id: 'c062c1a8544904da646720ab2b2355f8') in 0.021645 seconds 
========================================================================
Received Import Request.
  Time since last request: 1.724421 seconds.
  path: Assets/Art/Desert_Village_LowPoly_HDRP/Materials/M_Lamp_Base.mat
  artifactKey: Guid(0dd06576413083c4c9c896b9b26ccf8b) Importer(815301076,1909f56bfc062723c751e8b465ee728b)
Start importing Assets/Art/Desert_Village_LowPoly_HDRP/Materials/M_Lamp_Base.mat using Guid(0dd06576413083c4c9c896b9b26ccf8b) Importer(815301076,1909f56bfc062723c751e8b465ee728b)  -> (artifact id: '576cbae219f6dfa1542b06ef2d6e05d6') in 0.029385 seconds 
========================================================================
Received Import Request.
  Time since last request: 0.000024 seconds.
  path: Assets/Art/Desert_Village_LowPoly_HDRP/Materials/M_Palm_Sheet.mat
  artifactKey: Guid(c924344f433cc7a428830de05a981fde) Importer(815301076,1909f56bfc062723c751e8b465ee728b)
Start importing Assets/Art/Desert_Village_LowPoly_HDRP/Materials/M_Palm_Sheet.mat using Guid(c924344f433cc7a428830de05a981fde) Importer(815301076,1909f56bfc062723c751e8b465ee728b)  -> (artifact id: 'bfd39ad7a48a0c91ef47df8e5d09d5ea') in 0.014604 seconds 
========================================================================
Received Import Request.
  Time since last request: 0.000021 seconds.
  path: Assets/Art/Desert_Village_LowPoly_HDRP/Materials/M_Towel_Red.mat
  artifactKey: Guid(975832d61e1791d4d823e4bccc59ecbd) Importer(815301076,1909f56bfc062723c751e8b465ee728b)
Start importing Assets/Art/Desert_Village_LowPoly_HDRP/Materials/M_Towel_Red.mat using Guid(975832d61e1791d4d823e4bccc59ecbd) Importer(815301076,1909f56bfc062723c751e8b465ee728b)  -> (artifact id: '300025edd6224808ad95367697674f80') in 0.010574 seconds 
========================================================================
Received Import Request.
  Time since last request: 41.511785 seconds.
  path: Assets/Art/Desert_Village_LowPoly_HDRP/Scene/Desert_Village/Lightmap-1_comp_light.exr
  artifactKey: Guid(5fa9ae8c540fd3443b0f964bff4e4684) Importer(815301076,1909f56bfc062723c751e8b465ee728b)
Start importing Assets/Art/Desert_Village_LowPoly_HDRP/Scene/Desert_Village/Lightmap-1_comp_light.exr using Guid(5fa9ae8c540fd3443b0f964bff4e4684) Importer(815301076,1909f56bfc062723c751e8b465ee728b)  -> (artifact id: '09aa54d28c2202ace5dbd01dbca83d38') in 0.029744 seconds 
========================================================================
Received Import Request.
  Time since last request: 0.000023 seconds.
  path: Assets/Art/Desert_Village_LowPoly_HDRP/Scene/Desert_Village/Lightmap-3_comp_dir.png
  artifactKey: Guid(7750f4d858bcc784cb14deea4e6de3b8) Importer(815301076,1909f56bfc062723c751e8b465ee728b)
Start importing Assets/Art/Desert_Village_LowPoly_HDRP/Scene/Desert_Village/Lightmap-3_comp_dir.png using Guid(7750f4d858bcc784cb14deea4e6de3b8) Importer(815301076,1909f56bfc062723c751e8b465ee728b)  -> (artifact id: '2f53f4b6f5c20a73dc271c6d5414c7c1') in 0.016309 seconds 
========================================================================
Received Import Request.
  Time since last request: 0.000025 seconds.
  path: Assets/Art/Desert_Village_LowPoly_HDRP/Scene/Desert_Village/Lightmap-2_comp_light.exr
  artifactKey: Guid(03de9b271c5f9514fb93d80673c039a5) Importer(815301076,1909f56bfc062723c751e8b465ee728b)
Start importing Assets/Art/Desert_Village_LowPoly_HDRP/Scene/Desert_Village/Lightmap-2_comp_light.exr using Guid(03de9b271c5f9514fb93d80673c039a5) Importer(815301076,1909f56bfc062723c751e8b465ee728b)  -> (artifact id: 'c81302cef9050e3e5f0c85d051fbaa3f') in 0.012675 seconds 
========================================================================
Received Import Request.
  Time since last request: 0.000027 seconds.
  path: Assets/Art/Desert_Village_LowPoly_HDRP/Scene/Desert_Village/Lightmap-6_comp_light.exr
  artifactKey: Guid(bdba0aa08f8c95c4db6321b7805b6036) Importer(815301076,1909f56bfc062723c751e8b465ee728b)
Start importing Assets/Art/Desert_Village_LowPoly_HDRP/Scene/Desert_Village/Lightmap-6_comp_light.exr using Guid(bdba0aa08f8c95c4db6321b7805b6036) Importer(815301076,1909f56bfc062723c751e8b465ee728b)  -> (artifact id: 'c1abad7b36febdb8de074f5a7a6f2759') in 0.013485 seconds 
Editor requested this worker to shutdown with reason: Scaling down because of idle timeout
AssetImportWorker is now disconnected from the server
Process exiting
Exiting without the bug reporter. Application will terminate with return code 0