Using pre-set license
Built from '2021.3/staging' branch; Version is '2021.3.25f1 (68ef2c4f8861) revision 6876972'; Using compiler version '192829333'; Build Type 'Release'
OS: 'Windows 10  (10.0.19045) 64bit Enterprise' Language: 'en' Physical Memory: 32547 MB
BatchMode: 1, IsHumanControllingUs: 0, StartBugReporterOnCrash: 0, Is64bit: 1, IsPro: 1

COMMAND LINE ARGUMENTS:
C:\Program Files\Unity 2021.3.25f1\Editor\Unity.exe
-adb2
-batchMode
-noUpm
-name
AssetImportWorker6
-projectPath
C:/Users/90538/Desktop/GithubProjects/GamblerIdle
-logFile
Logs/AssetImportWorker6.log
-srvPort
52378
Successfully changed project path to: C:/Users/90538/Desktop/GithubProjects/GamblerIdle
C:/Users/90538/Desktop/GithubProjects/GamblerIdle
[UnityMemory] Configuration Parameters - Can be set up in boot.config
    "memorysetup-bucket-allocator-granularity=16"
    "memorysetup-bucket-allocator-bucket-count=8"
    "memorysetup-bucket-allocator-block-size=33554432"
    "memorysetup-bucket-allocator-block-count=8"
    "memorysetup-main-allocator-block-size=16777216"
    "memorysetup-thread-allocator-block-size=16777216"
    "memorysetup-gfx-main-allocator-block-size=16777216"
    "memorysetup-gfx-thread-allocator-block-size=16777216"
    "memorysetup-cache-allocator-block-size=4194304"
    "memorysetup-typetree-allocator-block-size=2097152"
    "memorysetup-profiler-bucket-allocator-granularity=16"
    "memorysetup-profiler-bucket-allocator-bucket-count=8"
    "memorysetup-profiler-bucket-allocator-block-size=33554432"
    "memorysetup-profiler-bucket-allocator-block-count=8"
    "memorysetup-profiler-allocator-block-size=16777216"
    "memorysetup-profiler-editor-allocator-block-size=1048576"
    "memorysetup-temp-allocator-size-main=16777216"
    "memorysetup-job-temp-allocator-block-size=2097152"
    "memorysetup-job-temp-allocator-block-size-background=1048576"
    "memorysetup-job-temp-allocator-reduction-small-platforms=262144"
    "memorysetup-temp-allocator-size-background-worker=32768"
    "memorysetup-temp-allocator-size-job-worker=262144"
    "memorysetup-temp-allocator-size-preload-manager=33554432"
    "memorysetup-temp-allocator-size-nav-mesh-worker=65536"
    "memorysetup-temp-allocator-size-audio-worker=65536"
    "memorysetup-temp-allocator-size-cloud-worker=32768"
    "memorysetup-temp-allocator-size-gi-baking-worker=262144"
    "memorysetup-temp-allocator-size-gfx=262144"
Player connection [16592] Host "[IP] 192.168.0.101 [Port] 0 [Flags] 2 [Guid] 3324433493 [EditorId] 3324433493 [Version] 1048832 [Id] WindowsEditor(7,DESKTOP-84GBAGC) [Debug] 1 [PackageName] WindowsEditor [ProjectName] Editor" joined multi-casting on [225.0.0.222:54997]...

Player connection [16592] Host "[IP] 192.168.0.101 [Port] 0 [Flags] 2 [Guid] 3324433493 [EditorId] 3324433493 [Version] 1048832 [Id] WindowsEditor(7,DESKTOP-84GBAGC) [Debug] 1 [PackageName] WindowsEditor [ProjectName] Editor" joined alternative multi-casting on [225.0.0.222:34997]...

Refreshing native plugins compatible for Editor in 108.37 ms, found 3 plugins.
Preloading 0 native plugins for Editor in 0.00 ms.
Initialize engine version: 2021.3.25f1 (68ef2c4f8861)
[Subsystems] Discovering subsystems at path C:/Program Files/Unity 2021.3.25f1/Editor/Data/Resources/UnitySubsystems
[Subsystems] Discovering subsystems at path C:/Users/90538/Desktop/GithubProjects/GamblerIdle/Assets
GfxDevice: creating device client; threaded=0; jobified=0
Direct3D:
    Version:  Direct3D 11.0 [level 11.1]
    Renderer: NVIDIA GeForce RTX 3050 Ti Laptop GPU (ID=0x25a0)
    Vendor:   NVIDIA
    VRAM:     3990 MB
    Driver:   31.0.15.1748
Initialize mono
Mono path[0] = 'C:/Program Files/Unity 2021.3.25f1/Editor/Data/Managed'
Mono path[1] = 'C:/Program Files/Unity 2021.3.25f1/Editor/Data/MonoBleedingEdge/lib/mono/unityjit-win32'
Mono config path = 'C:/Program Files/Unity 2021.3.25f1/Editor/Data/MonoBleedingEdge/etc'
Using monoOptions --debugger-agent=transport=dt_socket,embedding=1,server=y,suspend=n,address=127.0.0.1:56128
Begin MonoManager ReloadAssembly
Registering precompiled unity dll's ...
Register platform support module: C:/Program Files/Unity 2021.3.25f1/Editor/Data/PlaybackEngines/AndroidPlayer/UnityEditor.Android.Extensions.dll
Register platform support module: C:/Program Files/Unity 2021.3.25f1/Editor/Data/PlaybackEngines/WindowsStandaloneSupport/UnityEditor.WindowsStandalone.Extensions.dll
Registered in 0.003786 seconds.
Native extension for WindowsStandalone target not found
Native extension for Android target not found
Android Extension - Scanning For ADB Devices 196 ms
Refreshing native plugins compatible for Editor in 114.43 ms, found 3 plugins.
Preloading 0 native plugins for Editor in 0.00 ms.
Mono: successfully reloaded assembly
- Completed reload, in  0.904 seconds
Domain Reload Profiling:
	ReloadAssembly (905ms)
		BeginReloadAssembly (80ms)
			ExecutionOrderSort (0ms)
			DisableScriptedObjects (0ms)
			BackupInstance (0ms)
			ReleaseScriptingObjects (0ms)
			CreateAndSetChildDomain (1ms)
		EndReloadAssembly (721ms)
			LoadAssemblies (77ms)
			RebuildTransferFunctionScriptingTraits (0ms)
			SetupTypeCache (112ms)
			ReleaseScriptCaches (0ms)
			RebuildScriptCaches (29ms)
			SetupLoadedEditorAssemblies (530ms)
				LogAssemblyErrors (0ms)
				InitializePlatformSupportModulesInManaged (285ms)
				SetLoadedEditorAssemblies (0ms)
				RefreshPlugins (115ms)
				BeforeProcessingInitializeOnLoad (1ms)
				ProcessInitializeOnLoadAttributes (87ms)
				ProcessInitializeOnLoadMethodAttributes (42ms)
				AfterProcessingInitializeOnLoad (0ms)
				EditorAssembliesLoaded (0ms)
			ExecutionOrderSort2 (0ms)
			AwakeInstancesAfterBackupRestoration (0ms)
Platform modules already initialized, skipping
Registering precompiled user dll's ...
Registered in 0.005160 seconds.
Begin MonoManager ReloadAssembly
Symbol file LoadedFromMemory doesn't match image C:\Users\90538\Desktop\GithubProjects\GamblerIdle\Library\PackageCache\com.unity.visualscripting@1.8.0\Editor\VisualScripting.Core\Dependencies\YamlDotNet\Unity.VisualScripting.YamlDotNet.dll
Symbol file LoadedFromMemory doesn't match image C:\Users\90538\Desktop\GithubProjects\GamblerIdle\Library\PackageCache\com.unity.visualscripting@1.8.0\Editor\VisualScripting.Core\Dependencies\DotNetZip\Unity.VisualScripting.IonicZip.dll
Native extension for WindowsStandalone target not found
Native extension for Android target not found
Refreshing native plugins compatible for Editor in 0.90 ms, found 3 plugins.
Preloading 0 native plugins for Editor in 0.00 ms.
Mono: successfully reloaded assembly
- Completed reload, in  1.138 seconds
Domain Reload Profiling:
	ReloadAssembly (1139ms)
		BeginReloadAssembly (109ms)
			ExecutionOrderSort (0ms)
			DisableScriptedObjects (6ms)
			BackupInstance (0ms)
			ReleaseScriptingObjects (0ms)
			CreateAndSetChildDomain (20ms)
		EndReloadAssembly (910ms)
			LoadAssemblies (79ms)
			RebuildTransferFunctionScriptingTraits (0ms)
			SetupTypeCache (363ms)
			ReleaseScriptCaches (1ms)
			RebuildScriptCaches (68ms)
			SetupLoadedEditorAssemblies (370ms)
				LogAssemblyErrors (0ms)
				InitializePlatformSupportModulesInManaged (14ms)
				SetLoadedEditorAssemblies (0ms)
				RefreshPlugins (1ms)
				BeforeProcessingInitializeOnLoad (95ms)
				ProcessInitializeOnLoadAttributes (230ms)
				ProcessInitializeOnLoadMethodAttributes (22ms)
				AfterProcessingInitializeOnLoad (7ms)
				EditorAssembliesLoaded (0ms)
			ExecutionOrderSort2 (0ms)
			AwakeInstancesAfterBackupRestoration (5ms)
Platform modules already initialized, skipping
========================================================================
Worker process is ready to serve import requests
Launched and connected shader compiler UnityShaderCompiler.exe after 0.03 seconds
Refreshing native plugins compatible for Editor in 0.65 ms, found 3 plugins.
Preloading 0 native plugins for Editor in 0.00 ms.
Unloading 4065 Unused Serialized files (Serialized files now loaded: 0)
Unloading 42 unused Assets / (357.5 KB). Loaded Objects now: 4531.
Memory consumption went from 144.4 MB to 144.1 MB.
Total: 2.575000 ms (FindLiveObjects: 0.274700 ms CreateObjectMapping: 0.120000 ms MarkObjects: 2.088800 ms  DeleteObjects: 0.090700 ms)

AssetImportParameters requested are different than current active one (requested -> active):
  custom:video-decoder-ogg-theora: a1e56fd34408186e4bbccfd4996cb3dc -> 
  custom:container-muxer-webm: aa71ff27fc2769a1b78a27578f13a17b -> 
  custom:container-demuxer-webm: 4f35f7cbe854078d1ac9338744f61a02 -> 
  custom:video-encoder-webm-vp8: eb34c28f22e8b96e1ab97ce403110664 -> 
  custom:audio-encoder-webm-vorbis: bf7c407c2cedff20999df2af8eb42d56 -> 
  custom:framework-win-MediaFoundation: 216162199b28c13a410421893ffa2e32 -> 
  custom:container-demuxer-ogg: 62fdf1f143b41e24485cea50d1cbac27 -> 
  custom:video-decoder-webm-vp8: 9c59270c3fd7afecdb556c50c9e8de78 -> 
  custom:audio-decoder-ogg-vorbis: bf7c407c2cedff20999df2af8eb42d56 -> 
========================================================================
Received Import Request.
  Time since last request: 3536.652303 seconds.
  path: Assets/Art/GUI Mobile Hyper-Casual/Sprites/Sprites by Menu/Win-assets/Background Yellow.png
  artifactKey: Guid(acabd4b39943bb44086ec83810eedcfd) Importer(815301076,1909f56bfc062723c751e8b465ee728b)
Start importing Assets/Art/GUI Mobile Hyper-Casual/Sprites/Sprites by Menu/Win-assets/Background Yellow.png using Guid(acabd4b39943bb44086ec83810eedcfd) Importer(815301076,1909f56bfc062723c751e8b465ee728b)  -> (artifact id: '8590cadf14bf565674925618785fa78f') in 0.149924 seconds 
========================================================================
Received Import Request.
  Time since last request: 0.000033 seconds.
  path: Assets/Art/GUI Mobile Hyper-Casual/Sprites/Items PSD + PNG/Ball/Ball.png
  artifactKey: Guid(e9d7a608605ae9446ab967e211ccbe84) Importer(815301076,1909f56bfc062723c751e8b465ee728b)
Start importing Assets/Art/GUI Mobile Hyper-Casual/Sprites/Items PSD + PNG/Ball/Ball.png using Guid(e9d7a608605ae9446ab967e211ccbe84) Importer(815301076,1909f56bfc062723c751e8b465ee728b)  -> (artifact id: '6f6abdbaf8da37b0f7525edde65eaa52') in 0.037407 seconds 
========================================================================
Received Import Request.
  Time since last request: 0.459637 seconds.
  path: Assets/Art/GUI Mobile Hyper-Casual/Sprites/Sprites by Menu/In Game-assets/Bar Progress in game Purple.png
  artifactKey: Guid(4fa7a5bd7885e004e84b2e2980dca235) Importer(815301076,1909f56bfc062723c751e8b465ee728b)
Start importing Assets/Art/GUI Mobile Hyper-Casual/Sprites/Sprites by Menu/In Game-assets/Bar Progress in game Purple.png using Guid(4fa7a5bd7885e004e84b2e2980dca235) Importer(815301076,1909f56bfc062723c751e8b465ee728b)  -> (artifact id: 'c09d52e9db03ee3de223252fcddddc7f') in 0.029091 seconds 
========================================================================
Received Import Request.
  Time since last request: 0.000018 seconds.
  path: Assets/Art/GUI Mobile Hyper-Casual/Sprites/Items PSD + PNG/Potion/Potion/Blue.png
  artifactKey: Guid(b18ee189c85ef8b44b15f9735e73b060) Importer(815301076,1909f56bfc062723c751e8b465ee728b)
Start importing Assets/Art/GUI Mobile Hyper-Casual/Sprites/Items PSD + PNG/Potion/Potion/Blue.png using Guid(b18ee189c85ef8b44b15f9735e73b060) Importer(815301076,1909f56bfc062723c751e8b465ee728b)  -> (artifact id: '9c5b56047a5f36b53c36e7a54fd5bbc5') in 0.031455 seconds 
========================================================================
Received Import Request.
  Time since last request: 0.000024 seconds.
  path: Assets/Art/GUI Mobile Hyper-Casual/Sprites/Sprites by Menu/Buttons-assets/Blue Button Skip.png
  artifactKey: Guid(6d5ddaf9d30ea254687e1804686a2606) Importer(815301076,1909f56bfc062723c751e8b465ee728b)
Start importing Assets/Art/GUI Mobile Hyper-Casual/Sprites/Sprites by Menu/Buttons-assets/Blue Button Skip.png using Guid(6d5ddaf9d30ea254687e1804686a2606) Importer(815301076,1909f56bfc062723c751e8b465ee728b)  -> (artifact id: 'd8108700a5b3adc544ac75076a37f4bd') in 0.026011 seconds 
========================================================================
Received Import Request.
  Time since last request: 0.000018 seconds.
  path: Assets/Art/GUI Mobile Hyper-Casual/Sprites/Items PSD + PNG/Diamonds/Diamond 2/Blue.png
  artifactKey: Guid(66f5cbf92c0336e47a073c33e5e0a8e0) Importer(815301076,1909f56bfc062723c751e8b465ee728b)
Start importing Assets/Art/GUI Mobile Hyper-Casual/Sprites/Items PSD + PNG/Diamonds/Diamond 2/Blue.png using Guid(66f5cbf92c0336e47a073c33e5e0a8e0) Importer(815301076,1909f56bfc062723c751e8b465ee728b)  -> (artifact id: '6d98703ab4170b89ce0d1a7100ce6682') in 0.027902 seconds 
========================================================================
Received Import Request.
  Time since last request: 0.000024 seconds.
  path: Assets/Art/GUI Mobile Hyper-Casual/Sprites/Items PSD + PNG/Icon Club/Blue.png
  artifactKey: Guid(66f474ee03c7b4644a235201fa3c4c05) Importer(815301076,1909f56bfc062723c751e8b465ee728b)
Start importing Assets/Art/GUI Mobile Hyper-Casual/Sprites/Items PSD + PNG/Icon Club/Blue.png using Guid(66f474ee03c7b4644a235201fa3c4c05) Importer(815301076,1909f56bfc062723c751e8b465ee728b)  -> (artifact id: 'f73f890c5e1e2269771f7b954e60ae45') in 0.027311 seconds 
========================================================================
Received Import Request.
  Time since last request: 0.000021 seconds.
  path: Assets/Art/GUI Mobile Hyper-Casual/Sprites/Items PSD + PNG/Bolt/Blue.png
  artifactKey: Guid(143b5bdebf532c54cada0bd7b5a8450c) Importer(815301076,1909f56bfc062723c751e8b465ee728b)
Start importing Assets/Art/GUI Mobile Hyper-Casual/Sprites/Items PSD + PNG/Bolt/Blue.png using Guid(143b5bdebf532c54cada0bd7b5a8450c) Importer(815301076,1909f56bfc062723c751e8b465ee728b)  -> (artifact id: '36efe30224cf9688b97eacc1f0256d7e') in 0.029451 seconds 
========================================================================
Received Import Request.
  Time since last request: 3.029948 seconds.
  path: Assets/Art/GUI Mobile Hyper-Casual/Sprites/Sprites by Menu/In Game-assets/Blue Elipse.png
  artifactKey: Guid(4c34247c750b47a4dad1638f382c2d32) Importer(815301076,1909f56bfc062723c751e8b465ee728b)
Start importing Assets/Art/GUI Mobile Hyper-Casual/Sprites/Sprites by Menu/In Game-assets/Blue Elipse.png using Guid(4c34247c750b47a4dad1638f382c2d32) Importer(815301076,1909f56bfc062723c751e8b465ee728b)  -> (artifact id: '881a874650e3ffc7d179da31b937dd47') in 0.020273 seconds 
========================================================================
Received Import Request.
  Time since last request: 0.000027 seconds.
  path: Assets/Art/GUI Mobile Hyper-Casual/Sprites/Sprites by Menu/Buttons-assets/Button1.png
  artifactKey: Guid(c22efc3f2930429409681da68ddc3019) Importer(815301076,1909f56bfc062723c751e8b465ee728b)
Start importing Assets/Art/GUI Mobile Hyper-Casual/Sprites/Sprites by Menu/Buttons-assets/Button1.png using Guid(c22efc3f2930429409681da68ddc3019) Importer(815301076,1909f56bfc062723c751e8b465ee728b)  -> (artifact id: 'eff30ec20e145675507b2345d3752c75') in 0.027874 seconds 
========================================================================
Received Import Request.
  Time since last request: 0.000037 seconds.
  path: Assets/Art/GUI Mobile Hyper-Casual/Sprites/Sprites by Menu/Buttons-assets/Button2.png
  artifactKey: Guid(b77e64136c7b1404fbda896112c6c39a) Importer(815301076,1909f56bfc062723c751e8b465ee728b)
Start importing Assets/Art/GUI Mobile Hyper-Casual/Sprites/Sprites by Menu/Buttons-assets/Button2.png using Guid(b77e64136c7b1404fbda896112c6c39a) Importer(815301076,1909f56bfc062723c751e8b465ee728b)  -> (artifact id: 'f9c30df116496534bd785724d27d01e7') in 0.022997 seconds 
========================================================================
Received Import Request.
  Time since last request: 0.000025 seconds.
  path: Assets/Art/GUI Mobile Hyper-Casual/Sprites/Items PSD + PNG/Bomb/Bomb.psd
  artifactKey: Guid(45a6d6830c697e14a85ec93b1fd18f00) Importer(815301076,1909f56bfc062723c751e8b465ee728b)
Start importing Assets/Art/GUI Mobile Hyper-Casual/Sprites/Items PSD + PNG/Bomb/Bomb.psd using Guid(45a6d6830c697e14a85ec93b1fd18f00) Importer(815301076,1909f56bfc062723c751e8b465ee728b)  -> (artifact id: '3f813bff0018fa9df4ea08797e4f720e') in 0.030212 seconds 
========================================================================
Received Import Request.
  Time since last request: 0.000022 seconds.
  path: Assets/Art/GUI Mobile Hyper-Casual/Sprites/Items PSD + PNG/Bolt/Bolt.psd
  artifactKey: Guid(830e8791937050d4588a8b162ba5ae93) Importer(815301076,1909f56bfc062723c751e8b465ee728b)
Start importing Assets/Art/GUI Mobile Hyper-Casual/Sprites/Items PSD + PNG/Bolt/Bolt.psd using Guid(830e8791937050d4588a8b162ba5ae93) Importer(815301076,1909f56bfc062723c751e8b465ee728b)  -> (artifact id: '787b629c7d43b9008cd93ca3aa26e0a5') in 0.028725 seconds 
========================================================================
Received Import Request.
  Time since last request: 0.000018 seconds.
  path: Assets/Art/GUI Mobile Hyper-Casual/Sprites/Items PSD + PNG/Bomb/Bomb.png
  artifactKey: Guid(6f33133a895fb9b44800f7e6f924b0a0) Importer(815301076,1909f56bfc062723c751e8b465ee728b)
Start importing Assets/Art/GUI Mobile Hyper-Casual/Sprites/Items PSD + PNG/Bomb/Bomb.png using Guid(6f33133a895fb9b44800f7e6f924b0a0) Importer(815301076,1909f56bfc062723c751e8b465ee728b)  -> (artifact id: '7535a05678ec38bc63910c1aa657dbba') in 0.028666 seconds 
========================================================================
Received Import Request.
  Time since last request: 0.000023 seconds.
  path: Assets/Art/GUI Mobile Hyper-Casual/Sprites/Sprites by Menu/In Game-assets/Button Pub Continue.png
  artifactKey: Guid(345443d073f40e04ebeb130c2db0ab0d) Importer(815301076,1909f56bfc062723c751e8b465ee728b)
Start importing Assets/Art/GUI Mobile Hyper-Casual/Sprites/Sprites by Menu/In Game-assets/Button Pub Continue.png using Guid(345443d073f40e04ebeb130c2db0ab0d) Importer(815301076,1909f56bfc062723c751e8b465ee728b)  -> (artifact id: '65020b842fbf545d562ca2da9856f26f') in 0.030154 seconds 
========================================================================
Received Import Request.
  Time since last request: 0.000024 seconds.
  path: Assets/Art/GUI Mobile Hyper-Casual/Artwork PSD + Screens/SCREENS/Boutons 1.jpg
  artifactKey: Guid(4d53d7a7bb04d70498d9653fdfb36be7) Importer(815301076,1909f56bfc062723c751e8b465ee728b)
Start importing Assets/Art/GUI Mobile Hyper-Casual/Artwork PSD + Screens/SCREENS/Boutons 1.jpg using Guid(4d53d7a7bb04d70498d9653fdfb36be7) Importer(815301076,1909f56bfc062723c751e8b465ee728b)  -> (artifact id: '84a31a846ddd221260317fe4d8eb58d4') in 0.133654 seconds 
========================================================================
Received Import Request.
  Time since last request: 0.715789 seconds.
  path: Assets/Art/GUI Mobile Hyper-Casual/Sprites/Sprites by Menu/Buttons-assets/Button7.png
  artifactKey: Guid(08e32c7de90febf4582d06d65946a591) Importer(815301076,1909f56bfc062723c751e8b465ee728b)
Start importing Assets/Art/GUI Mobile Hyper-Casual/Sprites/Sprites by Menu/Buttons-assets/Button7.png using Guid(08e32c7de90febf4582d06d65946a591) Importer(815301076,1909f56bfc062723c751e8b465ee728b)  -> (artifact id: '5a74c55209b0bf3d58b4059528b88f49') in 0.029327 seconds 
========================================================================
Received Import Request.
  Time since last request: 0.000020 seconds.
  path: Assets/Art/GUI Mobile Hyper-Casual/Sprites/Sprites by Menu/Prize Machine-assets/Case Chest Unlock.png
  artifactKey: Guid(80bdcdef9e363c54a8b53316daefe64e) Importer(815301076,1909f56bfc062723c751e8b465ee728b)
Start importing Assets/Art/GUI Mobile Hyper-Casual/Sprites/Sprites by Menu/Prize Machine-assets/Case Chest Unlock.png using Guid(80bdcdef9e363c54a8b53316daefe64e) Importer(815301076,1909f56bfc062723c751e8b465ee728b)  -> (artifact id: 'ff837226ab63ccec32af6c0c83d76295') in 0.025628 seconds 
========================================================================
Received Import Request.
  Time since last request: 0.000034 seconds.
  path: Assets/Art/GUI Mobile Hyper-Casual/Sprites/Items PSD + PNG/Chest/Chest 3.png
  artifactKey: Guid(be2f0726bafd9c84bb0fa1d219c8d1f1) Importer(815301076,1909f56bfc062723c751e8b465ee728b)
Start importing Assets/Art/GUI Mobile Hyper-Casual/Sprites/Items PSD + PNG/Chest/Chest 3.png using Guid(be2f0726bafd9c84bb0fa1d219c8d1f1) Importer(815301076,1909f56bfc062723c751e8b465ee728b)  -> (artifact id: '4a1c4dfebbf8578015528f797e4d8371') in 0.029464 seconds 
========================================================================
Received Import Request.
  Time since last request: 0.000016 seconds.
  path: Assets/Art/GUI Mobile Hyper-Casual/Sprites/Items PSD + PNG/Clock/Clock.psd
  artifactKey: Guid(610e84ea14d2b30418855c79fa6c9ef6) Importer(815301076,1909f56bfc062723c751e8b465ee728b)
Start importing Assets/Art/GUI Mobile Hyper-Casual/Sprites/Items PSD + PNG/Clock/Clock.psd using Guid(610e84ea14d2b30418855c79fa6c9ef6) Importer(815301076,1909f56bfc062723c751e8b465ee728b)  -> (artifact id: '36a1f72e33d4d3118835a76207dcbf37') in 0.031387 seconds 
========================================================================
Received Import Request.
  Time since last request: 0.000022 seconds.
  path: Assets/Art/GUI Mobile Hyper-Casual/Artwork PSD + Screens/SCREENS/Challenge.jpg
  artifactKey: Guid(27cecdf761f0c9b4eaad689cb5513737) Importer(815301076,1909f56bfc062723c751e8b465ee728b)
Start importing Assets/Art/GUI Mobile Hyper-Casual/Artwork PSD + Screens/SCREENS/Challenge.jpg using Guid(27cecdf761f0c9b4eaad689cb5513737) Importer(815301076,1909f56bfc062723c751e8b465ee728b)  -> (artifact id: '062116c90f6dec2e67eeb6e77a499675') in 0.132741 seconds 
========================================================================
Received Import Request.
  Time since last request: 0.628801 seconds.
  path: Assets/Art/GUI Mobile Hyper-Casual/Sprites/Additional White Icons/Close.png
  artifactKey: Guid(e11715128d8841f44ada11358f085748) Importer(815301076,1909f56bfc062723c751e8b465ee728b)
Start importing Assets/Art/GUI Mobile Hyper-Casual/Sprites/Additional White Icons/Close.png using Guid(e11715128d8841f44ada11358f085748) Importer(815301076,1909f56bfc062723c751e8b465ee728b)  -> (artifact id: '0ff781c76570ee9249791412c3db5168') in 0.033172 seconds 
========================================================================
Received Import Request.
  Time since last request: 0.000016 seconds.
  path: Assets/Art/GUI Mobile Hyper-Casual/Sprites/Sprites by Menu/Home-assets/Close Yellow.png
  artifactKey: Guid(5d63e2f130bccc74a8c34bf480357ba2) Importer(815301076,1909f56bfc062723c751e8b465ee728b)
Start importing Assets/Art/GUI Mobile Hyper-Casual/Sprites/Sprites by Menu/Home-assets/Close Yellow.png using Guid(5d63e2f130bccc74a8c34bf480357ba2) Importer(815301076,1909f56bfc062723c751e8b465ee728b)  -> (artifact id: 'b4fbd608016376088e1f641bc521c118') in 0.020241 seconds 
========================================================================
Received Import Request.
  Time since last request: 0.000017 seconds.
  path: Assets/Art/GUI Mobile Hyper-Casual/Sprites/Items PSD + PNG/Clover/Clover.png
  artifactKey: Guid(5d0ac6b7bec430a48a9007365b3bfd5c) Importer(815301076,1909f56bfc062723c751e8b465ee728b)
Start importing Assets/Art/GUI Mobile Hyper-Casual/Sprites/Items PSD + PNG/Clover/Clover.png using Guid(5d0ac6b7bec430a48a9007365b3bfd5c) Importer(815301076,1909f56bfc062723c751e8b465ee728b)  -> (artifact id: 'f7f249313ce390490d97c354b100dc10') in 0.028808 seconds 
========================================================================
Received Import Request.
  Time since last request: 1.055946 seconds.
  path: Assets/Art/GUI Mobile Hyper-Casual/Sprites/Sprites by Menu/Home-assets/Common.png
  artifactKey: Guid(f3d8a9715b840df4c90c49cced8b8314) Importer(815301076,1909f56bfc062723c751e8b465ee728b)
Start importing Assets/Art/GUI Mobile Hyper-Casual/Sprites/Sprites by Menu/Home-assets/Common.png using Guid(f3d8a9715b840df4c90c49cced8b8314) Importer(815301076,1909f56bfc062723c751e8b465ee728b)  -> (artifact id: '7ec5d623d57b634ccb339e6c292d00b7') in 0.022861 seconds 
========================================================================
Received Import Request.
  Time since last request: 0.000025 seconds.
  path: Assets/Art/GUI Mobile Hyper-Casual/Artwork PSD + Screens/SCREENS/Daily.jpg
  artifactKey: Guid(8bc06d24fb25274488582408d857243f) Importer(815301076,1909f56bfc062723c751e8b465ee728b)
Start importing Assets/Art/GUI Mobile Hyper-Casual/Artwork PSD + Screens/SCREENS/Daily.jpg using Guid(8bc06d24fb25274488582408d857243f) Importer(815301076,1909f56bfc062723c751e8b465ee728b)  -> (artifact id: '9633e1850a50e0a6c46294e49228235a') in 0.114700 seconds 
========================================================================
Received Import Request.
  Time since last request: 0.000027 seconds.
  path: Assets/Art/GUI Mobile Hyper-Casual/Sprites/Items PSD + PNG/Firecracker/Firecracker.png
  artifactKey: Guid(1dae82b2e4cc4224cb839f424d54dde1) Importer(815301076,1909f56bfc062723c751e8b465ee728b)
Start importing Assets/Art/GUI Mobile Hyper-Casual/Sprites/Items PSD + PNG/Firecracker/Firecracker.png using Guid(1dae82b2e4cc4224cb839f424d54dde1) Importer(815301076,1909f56bfc062723c751e8b465ee728b)  -> (artifact id: '5c4d9fb419df2c905665dd6824c5e121') in 0.035608 seconds 
========================================================================
Received Import Request.
  Time since last request: 0.000035 seconds.
  path: Assets/Art/GUI Mobile Hyper-Casual/Sprites/Items PSD + PNG/Double Sword/Double Sword.psd
  artifactKey: Guid(4e5f1b2596b2db4448b7066f84184eae) Importer(815301076,1909f56bfc062723c751e8b465ee728b)
Start importing Assets/Art/GUI Mobile Hyper-Casual/Sprites/Items PSD + PNG/Double Sword/Double Sword.psd using Guid(4e5f1b2596b2db4448b7066f84184eae) Importer(815301076,1909f56bfc062723c751e8b465ee728b)  -> (artifact id: '2b3325c39a24541aa9c980da1243db16') in 0.048016 seconds 
========================================================================
Received Import Request.
  Time since last request: 0.000018 seconds.
  path: Assets/Art/GUI Mobile Hyper-Casual/Sprites/Items PSD + PNG/Diplome/Diplome.psd
  artifactKey: Guid(1a22ad787019123439301f67cee6cf86) Importer(815301076,1909f56bfc062723c751e8b465ee728b)
Start importing Assets/Art/GUI Mobile Hyper-Casual/Sprites/Items PSD + PNG/Diplome/Diplome.psd using Guid(1a22ad787019123439301f67cee6cf86) Importer(815301076,1909f56bfc062723c751e8b465ee728b)  -> (artifact id: '9f0b5b122614e9e71154782bee95eed3') in 0.035829 seconds 
========================================================================
Received Import Request.
  Time since last request: 3.991199 seconds.
  path: Assets/Art/GUI Mobile Hyper-Casual/Sprites/Items PSD + PNG/Gems/Gem 2 Pack/Gem 2.png
  artifactKey: Guid(66e74331b8926834291022569a0d77f7) Importer(815301076,1909f56bfc062723c751e8b465ee728b)
Start importing Assets/Art/GUI Mobile Hyper-Casual/Sprites/Items PSD + PNG/Gems/Gem 2 Pack/Gem 2.png using Guid(66e74331b8926834291022569a0d77f7) Importer(815301076,1909f56bfc062723c751e8b465ee728b)  -> (artifact id: 'da344ea435b9ce21105bf843985617c3') in 0.054874 seconds 
========================================================================
Received Import Request.
  Time since last request: 0.000018 seconds.
  path: Assets/Art/GUI Mobile Hyper-Casual/Sprites/Sprites by Menu/In Game-assets/Good.png
  artifactKey: Guid(6d4eaae8c34f8324889d96cc2054896a) Importer(815301076,1909f56bfc062723c751e8b465ee728b)
Start importing Assets/Art/GUI Mobile Hyper-Casual/Sprites/Sprites by Menu/In Game-assets/Good.png using Guid(6d4eaae8c34f8324889d96cc2054896a) Importer(815301076,1909f56bfc062723c751e8b465ee728b)  -> (artifact id: '4aad475332877d46f0a842c849d337f3') in 0.068497 seconds 
========================================================================
Received Import Request.
  Time since last request: 0.000018 seconds.
  path: Assets/Art/GUI Mobile Hyper-Casual/Sprites/Items PSD + PNG/Gift/Gift.png
  artifactKey: Guid(6ea22b9604dbb5f489fb7fc30c8692b9) Importer(815301076,1909f56bfc062723c751e8b465ee728b)
Start importing Assets/Art/GUI Mobile Hyper-Casual/Sprites/Items PSD + PNG/Gift/Gift.png using Guid(6ea22b9604dbb5f489fb7fc30c8692b9) Importer(815301076,1909f56bfc062723c751e8b465ee728b)  -> (artifact id: 'ba4be6e50de5bab88ae0979a02977100') in 0.081055 seconds 
========================================================================
Received Import Request.
  Time since last request: 0.000025 seconds.
  path: Assets/Art/GUI Mobile Hyper-Casual/Sprites/Items PSD + PNG/Gift/Gift 2.png
  artifactKey: Guid(55cf50e3097b2e64e93747a5063b711c) Importer(815301076,1909f56bfc062723c751e8b465ee728b)
Start importing Assets/Art/GUI Mobile Hyper-Casual/Sprites/Items PSD + PNG/Gift/Gift 2.png using Guid(55cf50e3097b2e64e93747a5063b711c) Importer(815301076,1909f56bfc062723c751e8b465ee728b)  -> (artifact id: '40c370b6f75270526a339c648038d262') in 0.058707 seconds 
========================================================================
Received Import Request.
  Time since last request: 0.000028 seconds.
  path: Assets/Art/GUI Mobile Hyper-Casual/Sprites/Items PSD + PNG/Glasses/Glasses.psd
  artifactKey: Guid(1996500707fa824449d7cd19ceacd29d) Importer(815301076,1909f56bfc062723c751e8b465ee728b)
Start importing Assets/Art/GUI Mobile Hyper-Casual/Sprites/Items PSD + PNG/Glasses/Glasses.psd using Guid(1996500707fa824449d7cd19ceacd29d) Importer(815301076,1909f56bfc062723c751e8b465ee728b)  -> (artifact id: '1a971a5c4460d6876c3419b6ef896ed9') in 0.081903 seconds 
========================================================================
Received Import Request.
  Time since last request: 0.000021 seconds.
  path: Assets/Art/GUI Mobile Hyper-Casual/Sprites/Items PSD + PNG/Gift/Gift 2.psd
  artifactKey: Guid(ddd9545953d65f244914f4a3b92c6692) Importer(815301076,1909f56bfc062723c751e8b465ee728b)
Start importing Assets/Art/GUI Mobile Hyper-Casual/Sprites/Items PSD + PNG/Gift/Gift 2.psd using Guid(ddd9545953d65f244914f4a3b92c6692) Importer(815301076,1909f56bfc062723c751e8b465ee728b)  -> (artifact id: '277eb7aaa65a756d97e6cebb81cc7d87') in 0.031512 seconds 
========================================================================
Received Import Request.
  Time since last request: 0.000018 seconds.
  path: Assets/Art/GUI Mobile Hyper-Casual/Sprites/Items PSD + PNG/Heart/Green.png
  artifactKey: Guid(4a98075d6d59ebe4499cd92a59d16225) Importer(815301076,1909f56bfc062723c751e8b465ee728b)
Start importing Assets/Art/GUI Mobile Hyper-Casual/Sprites/Items PSD + PNG/Heart/Green.png using Guid(4a98075d6d59ebe4499cd92a59d16225) Importer(815301076,1909f56bfc062723c751e8b465ee728b)  -> (artifact id: '85befc264bd5ffb44e182ee2a54b9914') in 0.026879 seconds 
========================================================================
Received Import Request.
  Time since last request: 29.883759 seconds.
  path: Assets/Art/GUI Mobile Hyper-Casual/Sprites/Sprites by Menu/Buttons-assets/Green Buton OK.png
  artifactKey: Guid(824710026b307d94ab3a3f9679e0ee7a) Importer(815301076,1909f56bfc062723c751e8b465ee728b)
Start importing Assets/Art/GUI Mobile Hyper-Casual/Sprites/Sprites by Menu/Buttons-assets/Green Buton OK.png using Guid(824710026b307d94ab3a3f9679e0ee7a) Importer(815301076,1909f56bfc062723c751e8b465ee728b)  -> (artifact id: '03294eae0163a371aaaa738e929bdbdc') in 0.026028 seconds 
========================================================================
Received Import Request.
  Time since last request: 0.000037 seconds.
  path: Assets/Art/GUI Mobile Hyper-Casual/Sprites/Sprites by Menu/Buttons-assets/Green Button Open.png
  artifactKey: Guid(68e26dc779ccf9d46be51e13632635ec) Importer(815301076,1909f56bfc062723c751e8b465ee728b)
Start importing Assets/Art/GUI Mobile Hyper-Casual/Sprites/Sprites by Menu/Buttons-assets/Green Button Open.png using Guid(68e26dc779ccf9d46be51e13632635ec) Importer(815301076,1909f56bfc062723c751e8b465ee728b)  -> (artifact id: 'f5705401fe07bb4080579a7e8c5109f7') in 0.023603 seconds 
========================================================================
Received Import Request.
  Time since last request: 19.193651 seconds.
  path: Assets/Art/GUI Mobile Hyper-Casual/Sprites/Sprites by Menu/Prize Machine-assets/Top Prize.png
  artifactKey: Guid(05b90640efd32f94c98a9dd225948de3) Importer(815301076,1909f56bfc062723c751e8b465ee728b)
Start importing Assets/Art/GUI Mobile Hyper-Casual/Sprites/Sprites by Menu/Prize Machine-assets/Top Prize.png using Guid(05b90640efd32f94c98a9dd225948de3) Importer(815301076,1909f56bfc062723c751e8b465ee728b)  -> (artifact id: '516361e4049bcf6056a04116e06603e5') in 0.031030 seconds 
========================================================================
Received Import Request.
  Time since last request: 0.000022 seconds.
  path: Assets/Art/GUI Mobile Hyper-Casual/Sprites/Items PSD + PNG/Shield/Turquoise.png
  artifactKey: Guid(e127343999e06b64eb9d57d2870da415) Importer(815301076,1909f56bfc062723c751e8b465ee728b)
Start importing Assets/Art/GUI Mobile Hyper-Casual/Sprites/Items PSD + PNG/Shield/Turquoise.png using Guid(e127343999e06b64eb9d57d2870da415) Importer(815301076,1909f56bfc062723c751e8b465ee728b)  -> (artifact id: 'e0a96e91cb38247b93122bd7e9e2fcd7') in 0.036141 seconds 
========================================================================
Received Import Request.
  Time since last request: 0.000025 seconds.
  path: Assets/Art/GUI Mobile Hyper-Casual/Sprites/Sprites by Menu/In Game-assets/Triumph.png
  artifactKey: Guid(81418388f10631744b54f5ac8f2eba0c) Importer(815301076,1909f56bfc062723c751e8b465ee728b)
Start importing Assets/Art/GUI Mobile Hyper-Casual/Sprites/Sprites by Menu/In Game-assets/Triumph.png using Guid(81418388f10631744b54f5ac8f2eba0c) Importer(815301076,1909f56bfc062723c751e8b465ee728b)  -> (artifact id: 'e1a9413d1217eba887386c592e25592e') in 0.064182 seconds 
========================================================================
Received Import Request.
  Time since last request: 0.026240 seconds.
  path: Assets/Art/GUI Mobile Hyper-Casual/Sprites/Items PSD + PNG/TV/TV.png
  artifactKey: Guid(706f06ddf31c08d4799637affab714e7) Importer(815301076,1909f56bfc062723c751e8b465ee728b)
Start importing Assets/Art/GUI Mobile Hyper-Casual/Sprites/Items PSD + PNG/TV/TV.png using Guid(706f06ddf31c08d4799637affab714e7) Importer(815301076,1909f56bfc062723c751e8b465ee728b)  -> (artifact id: '5de754f3b76dd0b1e7926c0683467c1a') in 0.036805 seconds 
========================================================================
Received Import Request.
  Time since last request: 0.000019 seconds.
  path: Assets/Art/GUI Mobile Hyper-Casual/Sprites/Sprites by Menu/Home-assets/Unlok random 1.png
  artifactKey: Guid(764c880effa81a848bafadbd37cc0315) Importer(815301076,1909f56bfc062723c751e8b465ee728b)
Start importing Assets/Art/GUI Mobile Hyper-Casual/Sprites/Sprites by Menu/Home-assets/Unlok random 1.png using Guid(764c880effa81a848bafadbd37cc0315) Importer(815301076,1909f56bfc062723c751e8b465ee728b)  -> (artifact id: '07859d0a7f5c0d865db50cdecb9dc904') in 0.032286 seconds 
========================================================================
Received Import Request.
  Time since last request: 0.000021 seconds.
  path: Assets/Art/GUI Mobile Hyper-Casual/Sprites/Items PSD + PNG/Cup/White.png
  artifactKey: Guid(02602b20339f15b4494e05783e2754c5) Importer(815301076,1909f56bfc062723c751e8b465ee728b)
Start importing Assets/Art/GUI Mobile Hyper-Casual/Sprites/Items PSD + PNG/Cup/White.png using Guid(02602b20339f15b4494e05783e2754c5) Importer(815301076,1909f56bfc062723c751e8b465ee728b)  -> (artifact id: 'ca8e472dd1570e69122b021c669b65ea') in 0.045421 seconds 
========================================================================
Received Import Request.
  Time since last request: 0.000023 seconds.
  path: Assets/Art/GUI Mobile Hyper-Casual/Sprites/Sprites by Menu/Home-assets/Unlock random 2.png
  artifactKey: Guid(4477ec492a955414b9f41cb2a1886785) Importer(815301076,1909f56bfc062723c751e8b465ee728b)
Start importing Assets/Art/GUI Mobile Hyper-Casual/Sprites/Sprites by Menu/Home-assets/Unlock random 2.png using Guid(4477ec492a955414b9f41cb2a1886785) Importer(815301076,1909f56bfc062723c751e8b465ee728b)  -> (artifact id: 'd656f303e7a643a99cae36eae824ab7d') in 0.031818 seconds 
========================================================================
Received Import Request.
  Time since last request: 1.611004 seconds.
  path: Assets/Art/GUI Mobile Hyper-Casual/Sprites/Items PSD + PNG/Clover/White.png
  artifactKey: Guid(e7ce9c76e70f22e4e962ac4c73d1b5ac) Importer(815301076,1909f56bfc062723c751e8b465ee728b)
Start importing Assets/Art/GUI Mobile Hyper-Casual/Sprites/Items PSD + PNG/Clover/White.png using Guid(e7ce9c76e70f22e4e962ac4c73d1b5ac) Importer(815301076,1909f56bfc062723c751e8b465ee728b)  -> (artifact id: '4cf5410cb670898d89c89ac26449095d') in 0.035789 seconds 
========================================================================
Received Import Request.
  Time since last request: 0.000021 seconds.
  path: Assets/Art/GUI Mobile Hyper-Casual/Sprites/Items PSD + PNG/Bomb/White.png
  artifactKey: Guid(6143dd0aff3e85c4da7b52173c314be2) Importer(815301076,1909f56bfc062723c751e8b465ee728b)
Start importing Assets/Art/GUI Mobile Hyper-Casual/Sprites/Items PSD + PNG/Bomb/White.png using Guid(6143dd0aff3e85c4da7b52173c314be2) Importer(815301076,1909f56bfc062723c751e8b465ee728b)  -> (artifact id: '752b9edf575efaf269744e1ce9a4e92b') in 0.025842 seconds 
========================================================================
Received Import Request.
  Time since last request: 0.000034 seconds.
  path: Assets/Art/GUI Mobile Hyper-Casual/Sprites/Items PSD + PNG/Bolt/White.png
  artifactKey: Guid(6ea2f791df821a947923f02503a9ae41) Importer(815301076,1909f56bfc062723c751e8b465ee728b)
Start importing Assets/Art/GUI Mobile Hyper-Casual/Sprites/Items PSD + PNG/Bolt/White.png using Guid(6ea2f791df821a947923f02503a9ae41) Importer(815301076,1909f56bfc062723c751e8b465ee728b)  -> (artifact id: '5356477f26087ce9003fa6cec048ae30') in 0.028016 seconds 
========================================================================
Received Import Request.
  Time since last request: 0.000020 seconds.
  path: Assets/Art/GUI Mobile Hyper-Casual/Sprites/Items PSD + PNG/Podium/White.png
  artifactKey: Guid(49543b9a48fd5864ab9570e24a9b79b0) Importer(815301076,1909f56bfc062723c751e8b465ee728b)
Start importing Assets/Art/GUI Mobile Hyper-Casual/Sprites/Items PSD + PNG/Podium/White.png using Guid(49543b9a48fd5864ab9570e24a9b79b0) Importer(815301076,1909f56bfc062723c751e8b465ee728b)  -> (artifact id: '1ce37d521ee13f5b298c0f94939baf17') in 0.027933 seconds 
========================================================================
Received Import Request.
  Time since last request: 0.000021 seconds.
  path: Assets/Art/GUI Mobile Hyper-Casual/Sprites/Items PSD + PNG/Flag/White.png
  artifactKey: Guid(ff3dab5b19702d7448eeaa9a10e59db9) Importer(815301076,1909f56bfc062723c751e8b465ee728b)
Start importing Assets/Art/GUI Mobile Hyper-Casual/Sprites/Items PSD + PNG/Flag/White.png using Guid(ff3dab5b19702d7448eeaa9a10e59db9) Importer(815301076,1909f56bfc062723c751e8b465ee728b)  -> (artifact id: '0f132a62e1c51756d804befd021cdff3') in 0.028326 seconds 
========================================================================
Received Import Request.
  Time since last request: 0.000018 seconds.
  path: Assets/Art/GUI Mobile Hyper-Casual/Sprites/Items PSD + PNG/Hourglass/White.png
  artifactKey: Guid(5bd6f78905861a547b57637883ea1329) Importer(815301076,1909f56bfc062723c751e8b465ee728b)
Start importing Assets/Art/GUI Mobile Hyper-Casual/Sprites/Items PSD + PNG/Hourglass/White.png using Guid(5bd6f78905861a547b57637883ea1329) Importer(815301076,1909f56bfc062723c751e8b465ee728b)  -> (artifact id: '685c709cdd45bf6d70b04c9512c2f795') in 0.027939 seconds 
========================================================================
Received Import Request.
  Time since last request: 0.000022 seconds.
  path: Assets/Art/GUI Mobile Hyper-Casual/Sprites/Items PSD + PNG/Glasses/White.png
  artifactKey: Guid(bab73c57b0e30a64bb90a5a03970f77b) Importer(815301076,1909f56bfc062723c751e8b465ee728b)
Start importing Assets/Art/GUI Mobile Hyper-Casual/Sprites/Items PSD + PNG/Glasses/White.png using Guid(bab73c57b0e30a64bb90a5a03970f77b) Importer(815301076,1909f56bfc062723c751e8b465ee728b)  -> (artifact id: '2e11dfb949e4588272af631a874e94e4') in 0.028753 seconds 
========================================================================
Received Import Request.
  Time since last request: 1.223073 seconds.
  path: Assets/Art/GUI Mobile Hyper-Casual/Sprites/Items PSD + PNG/Icon Club/White.png
  artifactKey: Guid(525b3150dc46c644e98633f78b4aefd4) Importer(815301076,1909f56bfc062723c751e8b465ee728b)
Start importing Assets/Art/GUI Mobile Hyper-Casual/Sprites/Items PSD + PNG/Icon Club/White.png using Guid(525b3150dc46c644e98633f78b4aefd4) Importer(815301076,1909f56bfc062723c751e8b465ee728b)  -> (artifact id: '8dccc2e4052d06fda682c691aaf4418a') in 0.042347 seconds 
========================================================================
Received Import Request.
  Time since last request: 0.000019 seconds.
  path: Assets/Art/GUI Mobile Hyper-Casual/Sprites/Items PSD + PNG/Pills/White.png
  artifactKey: Guid(1bc2f2cd0fa68db43898b0e1ee48b680) Importer(815301076,1909f56bfc062723c751e8b465ee728b)
Start importing Assets/Art/GUI Mobile Hyper-Casual/Sprites/Items PSD + PNG/Pills/White.png using Guid(1bc2f2cd0fa68db43898b0e1ee48b680) Importer(815301076,1909f56bfc062723c751e8b465ee728b)  -> (artifact id: '5605c35fad1a3a9515955585a071d738') in 0.042878 seconds 
========================================================================
Received Import Request.
  Time since last request: 0.000031 seconds.
  path: Assets/Art/GUI Mobile Hyper-Casual/Sprites/Items PSD + PNG/Double Sword/White.png
  artifactKey: Guid(c950d5fac449a2b49ac744efe37a2cf0) Importer(815301076,1909f56bfc062723c751e8b465ee728b)
Start importing Assets/Art/GUI Mobile Hyper-Casual/Sprites/Items PSD + PNG/Double Sword/White.png using Guid(c950d5fac449a2b49ac744efe37a2cf0) Importer(815301076,1909f56bfc062723c751e8b465ee728b)  -> (artifact id: '0f5159f9950cebcb2a97ed8e85fd1a62') in 0.039190 seconds 
========================================================================
Received Import Request.
  Time since last request: 3.020075 seconds.
  path: Assets/Art/GUI Mobile Hyper-Casual/Sprites/Items PSD + PNG/Bag/Bag 1/White Bag 1.png
  artifactKey: Guid(8ad9f0f41f84f224f9c9223f0d112f0f) Importer(815301076,1909f56bfc062723c751e8b465ee728b)
Start importing Assets/Art/GUI Mobile Hyper-Casual/Sprites/Items PSD + PNG/Bag/Bag 1/White Bag 1.png using Guid(8ad9f0f41f84f224f9c9223f0d112f0f) Importer(815301076,1909f56bfc062723c751e8b465ee728b)  -> (artifact id: '86bcae4c8d86e550ea204609c60a5206') in 0.042619 seconds 
========================================================================
Received Import Request.
  Time since last request: 0.000024 seconds.
  path: Assets/Art/GUI Mobile Hyper-Casual/Artwork PSD + Screens/SCREENS/Win 2.jpg
  artifactKey: Guid(88c1e5be450a95340b20d2ce50ee6e27) Importer(815301076,1909f56bfc062723c751e8b465ee728b)
Start importing Assets/Art/GUI Mobile Hyper-Casual/Artwork PSD + Screens/SCREENS/Win 2.jpg using Guid(88c1e5be450a95340b20d2ce50ee6e27) Importer(815301076,1909f56bfc062723c751e8b465ee728b)  -> (artifact id: '8b20434d64a8f26b1b064802c8296a55') in 0.250811 seconds 
========================================================================
Received Import Request.
  Time since last request: 0.000024 seconds.
  path: Assets/Art/GUI Mobile Hyper-Casual/Sprites/Items PSD + PNG/Wizard Hat/WIzard chapeau.png
  artifactKey: Guid(144bf574abdd324418f8e0c5c60ee55c) Importer(815301076,1909f56bfc062723c751e8b465ee728b)
Start importing Assets/Art/GUI Mobile Hyper-Casual/Sprites/Items PSD + PNG/Wizard Hat/WIzard chapeau.png using Guid(144bf574abdd324418f8e0c5c60ee55c) Importer(815301076,1909f56bfc062723c751e8b465ee728b)  -> (artifact id: '22b860f905ee5adbd64ae0c7f5b26468') in 0.033431 seconds 
========================================================================
Received Import Request.
  Time since last request: 3.206084 seconds.
  path: Assets/Art/GUI Mobile Hyper-Casual/Sprites/Items PSD + PNG/Icon Club/Yellow.png
  artifactKey: Guid(bc5462c26223f5244a12f2e50a861517) Importer(815301076,1909f56bfc062723c751e8b465ee728b)
Start importing Assets/Art/GUI Mobile Hyper-Casual/Sprites/Items PSD + PNG/Icon Club/Yellow.png using Guid(bc5462c26223f5244a12f2e50a861517) Importer(815301076,1909f56bfc062723c751e8b465ee728b)  -> (artifact id: '4b9b868930ae1374ce2acd0fbc275de1') in 0.056267 seconds 
========================================================================
Received Import Request.
  Time since last request: 0.000021 seconds.
  path: Assets/Art/GUI Mobile Hyper-Casual/Sprites/Sprites by Menu/Buttons-assets/Yellow Button Claim.png
  artifactKey: Guid(bba6ca03ebdc27b4cbc2a8e996280b7b) Importer(815301076,1909f56bfc062723c751e8b465ee728b)
Start importing Assets/Art/GUI Mobile Hyper-Casual/Sprites/Sprites by Menu/Buttons-assets/Yellow Button Claim.png using Guid(bba6ca03ebdc27b4cbc2a8e996280b7b) Importer(815301076,1909f56bfc062723c751e8b465ee728b)  -> (artifact id: 'e444b67c2959cbc0afd47fb9465d74f7') in 0.049825 seconds 
========================================================================
Received Import Request.
  Time since last request: 0.000040 seconds.
  path: Assets/Art/GUI Mobile Hyper-Casual/Sprites/Sprites by Menu/Buttons-assets/Yellow Button Go.png
  artifactKey: Guid(83dfa67ee404b9347b5bfa9b2c711a94) Importer(815301076,1909f56bfc062723c751e8b465ee728b)
Start importing Assets/Art/GUI Mobile Hyper-Casual/Sprites/Sprites by Menu/Buttons-assets/Yellow Button Go.png using Guid(83dfa67ee404b9347b5bfa9b2c711a94) Importer(815301076,1909f56bfc062723c751e8b465ee728b)  -> (artifact id: '2ecfbc363fca7d4def7bc5df26d9e3df') in 0.063217 seconds 
========================================================================
Received Import Request.
  Time since last request: 0.000019 seconds.
  path: Assets/Art/GUI Mobile Hyper-Casual/Sprites/Items PSD + PNG/Sherif Stars/Yellow.png
  artifactKey: Guid(125b4a7c6c929c842bee8f3875c20539) Importer(815301076,1909f56bfc062723c751e8b465ee728b)
Start importing Assets/Art/GUI Mobile Hyper-Casual/Sprites/Items PSD + PNG/Sherif Stars/Yellow.png using Guid(125b4a7c6c929c842bee8f3875c20539) Importer(815301076,1909f56bfc062723c751e8b465ee728b)  -> (artifact id: 'cbf994f038febabf2b341f6f659d80e3') in 0.051050 seconds 
========================================================================
Received Import Request.
  Time since last request: 0.000022 seconds.
  path: Assets/Art/GUI Mobile Hyper-Casual/Sprites/Sprites by Menu/Buttons-assets/Yellow Button Start.png
  artifactKey: Guid(8a4d254ef7d98c14ba5207903195c391) Importer(815301076,1909f56bfc062723c751e8b465ee728b)
Start importing Assets/Art/GUI Mobile Hyper-Casual/Sprites/Sprites by Menu/Buttons-assets/Yellow Button Start.png using Guid(8a4d254ef7d98c14ba5207903195c391) Importer(815301076,1909f56bfc062723c751e8b465ee728b)  -> (artifact id: 'ef5ca7bf5f65a05f1e1c15eba3309b69') in 0.022889 seconds 
========================================================================
Received Import Request.
  Time since last request: 0.000020 seconds.
  path: Assets/Art/GUI Mobile Hyper-Casual/Sprites/Sprites by Menu/Buttons-assets/Yellow Button Skip.png
  artifactKey: Guid(b2a6ecc213f7c50489b483d21a3b67e6) Importer(815301076,1909f56bfc062723c751e8b465ee728b)
Start importing Assets/Art/GUI Mobile Hyper-Casual/Sprites/Sprites by Menu/Buttons-assets/Yellow Button Skip.png using Guid(b2a6ecc213f7c50489b483d21a3b67e6) Importer(815301076,1909f56bfc062723c751e8b465ee728b)  -> (artifact id: 'dbf25f023babadb1624f389047713da1') in 0.023381 seconds 
Editor requested this worker to shutdown with reason: Scaling down because of idle timeout
AssetImportWorker is now disconnected from the server
Process exiting
Exiting without the bug reporter. Application will terminate with return code 0